Removed Pin From Net: NetName=GND Pin=C129-1
Removed Pin From Net: NetName=5V0 Pin=C129-2
Removed Pin From Net: NetName=GND Pin=C130-1
Removed Pin From Net: NetName=GND Pin=C131-1
Removed Pin From Net: NetName=5V0 Pin=R1-1
Removed Pin From Net: NetName=3V3 Pin=R3-1
Removed Pin From Net: NetName=GND Pin=R4-2
Removed Pin From Net: NetName=5V0 Pin=U2-1
Removed Pin From Net: NetName=GND Pin=U2-2
Removed Pin From Net: NetName=GND Pin=U2-4
Removed Pin From Net: NetName=GND Pin=U2-9
Removed Member From Class: ClassName=U_Display_port Member=C129
Removed Member From Class: ClassName=U_Display_port Member=C130
Removed Member From Class: ClassName=U_Display_port Member=C131
Removed Member From Class: ClassName=U_Display_port Member=C132
Removed Member From Class: ClassName=U_Display_port Member=D1
Removed Member From Class: ClassName=U_Display_port Member=DS1
Removed Member From Class: ClassName=U_Display_port Member=R1
Removed Member From Class: ClassName=U_Display_port Member=R2
Removed Member From Class: ClassName=U_Display_port Member=R3
Removed Member From Class: ClassName=U_Display_port Member=R4
Removed Member From Class: ClassName=U_Display_port Member=U2
Added Pin To Net: NetName=3V3 Pin=C138-2
Added Pin To Net: NetName=3V3 Pin=P1-20
