Removed Pin From Net: NetName=0V8 Pin=C33-1
Removed Pin From Net: NetName=GND Pin=C33-2
Removed Pin From Net: NetName=0V8 Pin=C34-1
Removed Pin From Net: NetName=GND Pin=C34-2
Removed Pin From Net: NetName=0V8 Pin=C35-1
Removed Pin From Net: NetName=GND Pin=C35-2
Removed Pin From Net: NetName=0V8 Pin=C36-1
Removed Pin From Net: NetName=GND Pin=C36-2
Removed Pin From Net: NetName=0V8 Pin=C37-1
Removed Pin From Net: NetName=GND Pin=C37-2
Removed Pin From Net: NetName=0V8 Pin=C38-1
Removed Pin From Net: NetName=GND Pin=C38-2
Removed Pin From Net: NetName=0V8 Pin=C39-1
Removed Pin From Net: NetName=GND Pin=C39-2
Removed Pin From Net: NetName=0V8 Pin=C40-1
Removed Pin From Net: NetName=GND Pin=C40-2
Removed Pin From Net: NetName=0V8 Pin=C47-1
Removed Pin From Net: NetName=GND Pin=C47-2
Removed Pin From Net: NetName=0V8 Pin=C48-1
Removed Pin From Net: NetName=GND Pin=C48-2
Removed Pin From Net: NetName=0V8 Pin=C49-1
Removed Pin From Net: NetName=GND Pin=C49-2
Removed Pin From Net: NetName=0V8 Pin=C50-1
Removed Pin From Net: NetName=GND Pin=C50-2
Removed Pin From Net: NetName=0V8 Pin=C51-1
Removed Pin From Net: NetName=GND Pin=C51-2
Removed Pin From Net: NetName=0V8 Pin=C52-1
Removed Pin From Net: NetName=GND Pin=C52-2
Removed Pin From Net: NetName=0V8 Pin=C53-1
Removed Pin From Net: NetName=GND Pin=C53-2
Removed Pin From Net: NetName=0V8 Pin=C54-1
Removed Pin From Net: NetName=GND Pin=C54-2
Removed Pin From Net: NetName=0V8 Pin=C55-1
Removed Pin From Net: NetName=GND Pin=C55-2
Removed Pin From Net: NetName=0V8 Pin=C56-1
Removed Pin From Net: NetName=GND Pin=C56-2
Removed Pin From Net: NetName=0V8 Pin=C57-1
Removed Pin From Net: NetName=GND Pin=C57-2
Removed Pin From Net: NetName=0V8 Pin=C58-1
Removed Pin From Net: NetName=GND Pin=C58-2
Removed Pin From Net: NetName=0V8 Pin=C59-1
Removed Pin From Net: NetName=GND Pin=C59-2
Removed Pin From Net: NetName=0V8 Pin=C60-1
Removed Pin From Net: NetName=GND Pin=C60-2
Removed Pin From Net: NetName=0V8 Pin=C85-1
Removed Pin From Net: NetName=GND Pin=C85-2
Removed Pin From Net: NetName=0V8 Pin=C86-1
Removed Pin From Net: NetName=GND Pin=C86-2
Removed Pin From Net: NetName=0V8 Pin=C87-1
Removed Pin From Net: NetName=GND Pin=C87-2
Removed Pin From Net: NetName=0V8 Pin=C88-1
Removed Pin From Net: NetName=GND Pin=C88-2
Removed Pin From Net: NetName=0V8 Pin=C102-1
Removed Pin From Net: NetName=GND Pin=C102-2
Removed Pin From Net: NetName=0V8 Pin=C103-1
Removed Pin From Net: NetName=GND Pin=C103-2
Removed Pin From Net: NetName=0V8 Pin=C104-1
Removed Pin From Net: NetName=GND Pin=C104-2
Removed Pin From Net: NetName=0V8 Pin=C105-1
Removed Pin From Net: NetName=GND Pin=C105-2
Removed Pin From Net: NetName=0V8 Pin=C122-1
Removed Pin From Net: NetName=GND Pin=C122-2
Removed Pin From Net: NetName=0V8 Pin=C123-1
Removed Pin From Net: NetName=GND Pin=C123-2
Removed Pin From Net: NetName=0V8 Pin=C124-1
Removed Pin From Net: NetName=GND Pin=C124-2
Removed Pin From Net: NetName=0V8 Pin=C125-1
Removed Pin From Net: NetName=GND Pin=C125-2
Removed Pin From Net: NetName=0V8 Pin=C126-1
Removed Pin From Net: NetName=GND Pin=C126-2
Removed Pin From Net: NetName=0V8 Pin=C127-1
Removed Pin From Net: NetName=GND Pin=C127-2
Removed Pin From Net: NetName=0V8 Pin=C128-1
Removed Pin From Net: NetName=GND Pin=C128-2
Removed Pin From Net: NetName=tlx_rev_payload_tdata56 Pin=U1-AD20
Removed Member From Class: ClassName=U_cgra Member=C33
Removed Member From Class: ClassName=U_cgra Member=C34
Removed Member From Class: ClassName=U_cgra Member=C35
Removed Member From Class: ClassName=U_cgra Member=C36
Removed Member From Class: ClassName=U_cgra Member=C37
Removed Member From Class: ClassName=U_cgra Member=C38
Removed Member From Class: ClassName=U_cgra Member=C39
Removed Member From Class: ClassName=U_cgra Member=C40
Removed Member From Class: ClassName=U_cgra Member=C47
Removed Member From Class: ClassName=U_cgra Member=C48
Removed Member From Class: ClassName=U_cgra Member=C49
Removed Member From Class: ClassName=U_cgra Member=C50
Removed Member From Class: ClassName=U_cgra Member=C51
Removed Member From Class: ClassName=U_cgra Member=C52
Removed Member From Class: ClassName=U_cgra Member=C53
Removed Member From Class: ClassName=U_cgra Member=C54
Removed Member From Class: ClassName=U_cgra Member=C55
Removed Member From Class: ClassName=U_cgra Member=C56
Removed Member From Class: ClassName=U_cgra Member=C57
Removed Member From Class: ClassName=U_cgra Member=C58
Removed Member From Class: ClassName=U_cgra Member=C59
Removed Member From Class: ClassName=U_cgra Member=C60
Removed Member From Class: ClassName=U_cgra Member=C85
Removed Member From Class: ClassName=U_cgra Member=C86
Removed Member From Class: ClassName=U_cgra Member=C87
Removed Member From Class: ClassName=U_cgra Member=C88
Removed Member From Class: ClassName=U_cgra Member=C102
Removed Member From Class: ClassName=U_cgra Member=C103
Removed Member From Class: ClassName=U_cgra Member=C104
Removed Member From Class: ClassName=U_cgra Member=C105
Removed Member From Class: ClassName=U_cgra Member=C122
Removed Member From Class: ClassName=U_cgra Member=C123
Removed Member From Class: ClassName=U_cgra Member=C124
Removed Member From Class: ClassName=U_cgra Member=C125
Removed Member From Class: ClassName=U_cgra Member=C126
Removed Member From Class: ClassName=U_cgra Member=C127
Removed Member From Class: ClassName=U_cgra Member=C128
Added Pin To Net: NetName=GND Pin=U1-AD20
