Removed Pin From Net: NetName=tlx_fwd_payload_tdata0 Pin=J15-64
Removed Pin From Net: NetName=tlx_rev_flow_tvalid Pin=J15-110
Change Component Designator: OldDesignator=C157.1 NewDesignator=C157_U_TPSM846C23_template1
Change Component Designator: OldDesignator=C157.2 NewDesignator=C157_U_TPSM846C23_template2
Change Component Designator: OldDesignator=C158.1 NewDesignator=C158_U_TPSM846C23_template1
Change Component Designator: OldDesignator=C158.2 NewDesignator=C158_U_TPSM846C23_template2
Change Component Designator: OldDesignator=C159.1 NewDesignator=C159_U_TPSM846C23_template1
Change Component Designator: OldDesignator=C159.2 NewDesignator=C159_U_TPSM846C23_template2
Change Component Designator: OldDesignator=C160.1 NewDesignator=C160_U_TPSM846C23_template1
Change Component Designator: OldDesignator=C160.2 NewDesignator=C160_U_TPSM846C23_template2
Change Component Designator: OldDesignator=C161.1 NewDesignator=C161_U_TPSM846C23_template1
Change Component Designator: OldDesignator=C161.2 NewDesignator=C161_U_TPSM846C23_template2
Change Component Designator: OldDesignator=C162.1 NewDesignator=C162_U_TPSM846C23_template1
Change Component Designator: OldDesignator=C162.2 NewDesignator=C162_U_TPSM846C23_template2
Change Component Designator: OldDesignator=C163.1 NewDesignator=C163_U_TPSM846C23_template1
Change Component Designator: OldDesignator=C163.2 NewDesignator=C163_U_TPSM846C23_template2
Change Component Designator: OldDesignator=C164.1 NewDesignator=C164_U_TPSM846C23_template1
Change Component Designator: OldDesignator=C164.2 NewDesignator=C164_U_TPSM846C23_template2
Change Component Designator: OldDesignator=C165.1 NewDesignator=C165_U_TPSM846C23_template1
Change Component Designator: OldDesignator=C165.2 NewDesignator=C165_U_TPSM846C23_template2
Change Component Designator: OldDesignator=C166.1 NewDesignator=C166_U_TPSM846C23_template1
Change Component Designator: OldDesignator=C166.2 NewDesignator=C166_U_TPSM846C23_template2
Change Component Designator: OldDesignator=C167.1 NewDesignator=C167_U_TPSM846C23_template1
Change Component Designator: OldDesignator=C167.2 NewDesignator=C167_U_TPSM846C23_template2
Change Component Designator: OldDesignator=C168.1 NewDesignator=C168_U_TPSM846C23_template1
Change Component Designator: OldDesignator=C168.2 NewDesignator=C168_U_TPSM846C23_template2
Change Component Designator: OldDesignator=C169.1 NewDesignator=C169_U_TPSM846C23_template1
Change Component Designator: OldDesignator=C169.2 NewDesignator=C169_U_TPSM846C23_template2
Change Component Designator: OldDesignator=C170.1 NewDesignator=C170_U_TPSM846C23_template1
Change Component Designator: OldDesignator=C170.2 NewDesignator=C170_U_TPSM846C23_template2
Change Component Designator: OldDesignator=C171.1 NewDesignator=C171_U_TPSM846C23_template1
Change Component Designator: OldDesignator=C171.2 NewDesignator=C171_U_TPSM846C23_template2
Change Component Designator: OldDesignator=C172.1 NewDesignator=C172_U_TPSM846C23_template1
Change Component Designator: OldDesignator=C172.2 NewDesignator=C172_U_TPSM846C23_template2
Change Component Designator: OldDesignator=R41.1 NewDesignator=R41_U_TPSM846C23_template1
Change Component Designator: OldDesignator=R41.2 NewDesignator=R41_U_TPSM846C23_template2
Change Component Designator: OldDesignator=R42.1 NewDesignator=R42_U_TPSM846C23_template1
Change Component Designator: OldDesignator=R42.2 NewDesignator=R42_U_TPSM846C23_template2
Change Component Designator: OldDesignator=Rcomp1.1 NewDesignator=Rcomp1_U_TPSM846C23_template1
Change Component Designator: OldDesignator=Rcomp1.2 NewDesignator=Rcomp1_U_TPSM846C23_template2
Change Component Designator: OldDesignator=Rset1.1 NewDesignator=Rset1_U_TPSM846C23_template1
Change Component Designator: OldDesignator=Rset1.2 NewDesignator=Rset1_U_TPSM846C23_template2
Change Component Designator: OldDesignator=U7.1 NewDesignator=U7_U_TPSM846C23_template1
Change Component Designator: OldDesignator=U7.2 NewDesignator=U7_U_TPSM846C23_template2
Added Pin To Net: NetName=tlx_rev_flow_tvalid Pin=J15-64
Added Pin To Net: NetName=tlx_fwd_payload_tdata0 Pin=J15-110
