Removed Pin From Net: NetName=GND Pin=C217-1
Removed Pin From Net: NetName=3V3 Pin=C217-2
Removed Pin From Net: NetName=1V8_OUT Pin=C218-1
Removed Pin From Net: NetName=GND Pin=C218-2
Removed Pin From Net: NetName=1V8_OUT Pin=C219-1
Removed Pin From Net: NetName=GND Pin=C219-2
Removed Pin From Net: NetName=1V8_OUT Pin=C221-1
Removed Pin From Net: NetName=GND Pin=C221-2
Removed Pin From Net: NetName=GND Pin=R38-1
Removed Pin From Net: NetName=GND Pin=R69-1
Removed Pin From Net: NetName=GND Pin=U14-3
Removed Pin From Net: NetName=3V3 Pin=U14-8
Removed Pin From Net: NetName=3V3 Pin=U14-9
Removed Pin From Net: NetName=GND Pin=U14-12
Removed Pin From Net: NetName=PICO_MASTER_I2C_SDA Pin=U14-13
Removed Pin From Net: NetName=PICO_MASTER_I2C_SCL Pin=U14-14
Removed Pin From Net: NetName=GND Pin=U14-15
Removed Pin From Net: NetName=GND Pin=U14-16
Removed Pin From Net: NetName=CLK_RST Pin=U14-17
Removed Pin From Net: NetName=1V8_OUT Pin=U14-18
Removed Pin From Net: NetName=CGRA_CLK0_N Pin=U14-19
Removed Pin From Net: NetName=1V8_OUT Pin=U14-21
Removed Pin From Net: NetName=1V8_OUT Pin=U14-26
Removed Pin From Net: NetName=1V8_OUT Pin=U14-32
Removed Pin From Net: NetName=GND Pin=U14-37
Removed Pin From Net: NetName=1V8_OUT Pin=U14-38
Removed Pin From Net: NetName=1V8_OUT Pin=U14-39
Removed Pin From Net: NetName=1V8_OUT Pin=U14-40
Removed Pin From Net: NetName=CLK_out1_cap_p Pin=U14-43
Removed Pin From Net: NetName=CLK_out1_cap_n Pin=U14-44
Removed Pin From Net: NetName=GND Pin=U14-45
Removed Member From Class: ClassName=U_Ref_CLK Member=C217
Removed Member From Class: ClassName=U_Ref_CLK Member=C218
Removed Member From Class: ClassName=U_Ref_CLK Member=C219
Removed Member From Class: ClassName=U_Ref_CLK Member=C221
Removed Member From Class: ClassName=U_Ref_CLK Member=LED2
Removed Member From Class: ClassName=U_Ref_CLK Member=R38
Removed Member From Class: ClassName=U_Ref_CLK Member=R39
Removed Member From Class: ClassName=U_Ref_CLK Member=R69
Removed Member From Class: ClassName=U_Ref_CLK Member=U14
Added Component: Designator=CLK*(QFN50P500X500X80_HS-33N)
Add component (AddParameter): Name = "Supplier 1"; Value = "Digi-Key"; VariantName = "[No Variations]"
Add component (AddParameter): Name = "Supplier Part Number 1"; Value = "505-AD9552BCPZ-REEL7CT-ND"; VariantName = "[No Variations]"
