Removed Pin From Net: NetName=GND Pin=C174-1
Removed Pin From Net: NetName=5V0 Pin=C174-2
Removed Pin From Net: NetName=GND Pin=C176-1
Removed Pin From Net: NetName=5V0 Pin=C176-2
Removed Pin From Net: NetName=GND Pin=C177-1
Removed Pin From Net: NetName=USB_VBUS_OUT Pin=C177-2
Removed Pin From Net: NetName=dp_jtag_tdi Pin=J8-81
Removed Pin From Net: NetName=dp_jtag_tck Pin=J8-82
Removed Pin From Net: NetName=dp_jtag_tms Pin=J8-85
Removed Pin From Net: NetName=dp_jtag_tdo Pin=J8-86
Removed Pin From Net: NetName=dp_jtag_trstn Pin=J8-87
Removed Pin From Net: NetName=LED1 Pin=J8-88
Removed Pin From Net: NetName=LED2 Pin=J8-89
Removed Pin From Net: NetName=LED3 Pin=J8-90
Removed Pin From Net: NetName=tlx_rev_payload_tdata62 Pin=J9-116
Removed Pin From Net: NetName=tlx_rev_payload_tdata63 Pin=J9-118
Removed Pin From Net: NetName=tlx_rev_payload_tdata66 Pin=J9-122
Removed Pin From Net: NetName=tlx_rev_payload_tdata64 Pin=J9-123
Removed Pin From Net: NetName=tlx_rev_payload_tdata67 Pin=J9-124
Removed Pin From Net: NetName=tlx_rev_payload_tdata65 Pin=J9-125
Removed Pin From Net: NetName=tlx_rev_payload_tdata70 Pin=J9-128
Removed Pin From Net: NetName=tlx_rev_payload_tdata68 Pin=J9-129
Removed Pin From Net: NetName=tlx_rev_payload_tdata71 Pin=J9-130
Removed Pin From Net: NetName=tlx_rev_payload_tdata69 Pin=J9-131
Removed Pin From Net: NetName=DP_TX3_P Pin=P1-1
Removed Pin From Net: NetName=GND Pin=P1-2
Removed Pin From Net: NetName=DP_TX3_N Pin=P1-3
Removed Pin From Net: NetName=DP_TX2_P Pin=P1-4
Removed Pin From Net: NetName=GND Pin=P1-5
Removed Pin From Net: NetName=DP_TX2_N Pin=P1-6
Removed Pin From Net: NetName=GND Pin=P1-8
Removed Pin From Net: NetName=GND Pin=P1-11
Removed Pin From Net: NetName=DPAUX_C_P Pin=P1-15
Removed Pin From Net: NetName=GND Pin=P1-16
Removed Pin From Net: NetName=DPAUX_C_N Pin=P1-17
Removed Pin From Net: NetName=DP_HPD_R Pin=P1-18
Removed Pin From Net: NetName=3V3_DP Pin=P1-20
Removed Pin From Net: NetName=SH_GND1 Pin=P1-21
Removed Pin From Net: NetName=SH_GND1 Pin=P1-22
Removed Pin From Net: NetName=SH_GND1 Pin=P1-23
Removed Pin From Net: NetName=SH_GND1 Pin=P1-24
Removed Pin From Net: NetName=tpiu_trace_data3 Pin=R43-1
Removed Pin From Net: NetName=1V8_OUT Pin=R43-2
Removed Pin From Net: NetName=3V3 Pin=R47-2
Removed Pin From Net: NetName=3V3 Pin=R48-2
Removed Pin From Net: NetName=3V3 Pin=R49-2
Removed Pin From Net: NetName=HDR_PICO_I2C_SCL Pin=R50-1
Removed Pin From Net: NetName=HDR_PICO_I2C_SDA Pin=R51-1
Removed Pin From Net: NetName=3V3 Pin=R52-2
Removed Pin From Net: NetName=3V3 Pin=R53-2
Removed Pin From Net: NetName=tpiu_trace_data2 Pin=R54-1
Removed Pin From Net: NetName=1V8_OUT Pin=R54-2
Removed Pin From Net: NetName=tpiu_trace_data1 Pin=R55-1
Removed Pin From Net: NetName=1V8_OUT Pin=R55-2
Removed Pin From Net: NetName=tpiu_trace_data0 Pin=R56-1
Removed Pin From Net: NetName=1V8_OUT Pin=R56-2
Removed Pin From Net: NetName=tpiu_trace_swo Pin=R57-1
Removed Pin From Net: NetName=1V8_OUT Pin=R57-2
Removed Pin From Net: NetName=GND Pin=R58-1
Removed Pin From Net: NetName=tpiu_trace_swo Pin=R58-2
Removed Member From Class: ClassName=Top Member=R43
Removed Member From Class: ClassName=Top Member=R54
Removed Member From Class: ClassName=Top Member=R55
Removed Member From Class: ClassName=Top Member=R56
Removed Member From Class: ClassName=Top Member=R57
Removed Member From Class: ClassName=Top Member=R58
Change Component Footprint: Designator=C174 Old Footprint=CAPC0402(1005)60_M New Footprint=FP-C0402-BB-MFG
Change Component Footprint: Designator=C177 Old Footprint=CAPC0402(1005)60_M New Footprint=FP-C0402-BB-MFG
Change Component Footprint: Designator=C175 Old Footprint=CAPC0603(1608)100_M New Footprint=CAPC1608X95X40ML15T15
Change Component Footprint: Designator=C1 Old Footprint=CAPC0805(2012)145_M New Footprint=CAPC2012X14N
Change Component Footprint: Designator=C2 Old Footprint=CAPC0805(2012)145_M New Footprint=CAPC2012X14N
Change Component Footprint: Designator=C3 Old Footprint=CAPC0805(2012)145_M New Footprint=CAPC2012X14N
Change Component Footprint: Designator=C4 Old Footprint=CAPC0805(2012)145_M New Footprint=CAPC2012X14N
Change Component Footprint: Designator=C5 Old Footprint=CAPC0805(2012)145_M New Footprint=CAPC2012X14N
Change Component Footprint: Designator=C6 Old Footprint=CAPC0805(2012)145_M New Footprint=CAPC2012X14N
Change Component Footprint: Designator=C7 Old Footprint=CAPC0805(2012)145_M New Footprint=CAPC2012X14N
Change Component Footprint: Designator=C8 Old Footprint=CAPC0805(2012)145_M New Footprint=CAPC2012X14N
Change Component Footprint: Designator=C9 Old Footprint=CAPC0805(2012)145_M New Footprint=CAPC2012X14N
Change Component Footprint: Designator=C10 Old Footprint=CAPC0805(2012)145_M New Footprint=CAPC2012X14N
Change Component Footprint: Designator=C11 Old Footprint=CAPC0805(2012)145_M New Footprint=CAPC2012X14N
Change Component Footprint: Designator=C12 Old Footprint=CAPC0805(2012)145_M New Footprint=CAPC2012X14N
Change Component Footprint: Designator=C13 Old Footprint=CAPC0805(2012)145_M New Footprint=CAPC2012X14N
Change Component Footprint: Designator=C14 Old Footprint=CAPC0805(2012)145_M New Footprint=CAPC2012X14N
Change Component Footprint: Designator=C15 Old Footprint=CAPC0805(2012)145_M New Footprint=CAPC2012X14N
Change Component Footprint: Designator=C16 Old Footprint=CAPC0805(2012)145_M New Footprint=CAPC2012X14N
Change Component Footprint: Designator=C17 Old Footprint=CAPC0805(2012)145_M New Footprint=CAPC2012X14N
Change Component Footprint: Designator=C18 Old Footprint=CAPC0805(2012)145_M New Footprint=CAPC2012X14N
Change Component Footprint: Designator=C41 Old Footprint=CAPC0805(2012)145_M New Footprint=CAPC2012X14N
Change Component Footprint: Designator=C42 Old Footprint=CAPC0805(2012)145_M New Footprint=CAPC2012X14N
Change Component Footprint: Designator=C43 Old Footprint=CAPC0805(2012)145_M New Footprint=CAPC2012X14N
Change Component Footprint: Designator=C44 Old Footprint=CAPC0805(2012)145_M New Footprint=CAPC2012X14N
Change Component Footprint: Designator=C45 Old Footprint=CAPC0805(2012)145_M New Footprint=CAPC2012X14N
Change Component Footprint: Designator=C46 Old Footprint=CAPC0805(2012)145_M New Footprint=CAPC2012X14N
Change Component Footprint: Designator=C36 Old Footprint=CAPC1005X06N New Footprint=CAPC1608X10N
Change Component Footprint: Designator=C176 Old Footprint=CAPC1206(3216)190_L New Footprint=KEMT-1206-2_M
Change Component Footprint: Designator=P1 Old Footprint=MOLX-47272-0001_V New Footprint=FP-47272-0001-MFG
Change Component Footprint: Designator=R45 Old Footprint=RESC0402(1005)_N New Footprint=RESC1005X40X25NL05T10
Change Component Footprint: Designator=R46 Old Footprint=RESC0402(1005)_N New Footprint=RESC1005X40X25NL05T10
Change Component Footprint: Designator=R47 Old Footprint=RESC0603(1608)_N New Footprint=RESC1609X55X30LL15T15
Change Component Footprint: Designator=R48 Old Footprint=RESC0603(1608)_N New Footprint=RESC1609X55X30LL15T15
Change Component Footprint: Designator=R49 Old Footprint=RESC0603(1608)_N New Footprint=RESC1609X55X30LL15T15
Change Component Footprint: Designator=R50 Old Footprint=RESC0603(1608)_N New Footprint=RESC1609X55X30LL15T15
Change Component Footprint: Designator=R51 Old Footprint=RESC0603(1608)_N New Footprint=RESC1609X55X30LL15T15
Change Component Footprint: Designator=R52 Old Footprint=RESC0603(1608)_N New Footprint=RESC1609X55X30LL15T15
Change Component Footprint: Designator=R53 Old Footprint=RESC0603(1608)_N New Footprint=RESC1609X55X30LL15T15
Change Component Footprint: Designator=R41.1 Old Footprint=RESC0603X03N New Footprint=RESC1608X06N
Change Component Footprint: Designator=R41.2 Old Footprint=RESC0603X03N New Footprint=RESC1608X06N
Change Component Comment : Designator=C173 Old Comment=4.7uF 6.3V 0603 New Comment=CAP 4.7uF 6.3V 0603(1608)
Change Component Comment : Designator=R47 Old Comment=10K New Comment=ERJ3EKF1002V
Change Component Comment : Designator=R48 Old Comment=10K New Comment=ERJ3EKF1002V
Change Component Comment : Designator=R49 Old Comment=10K New Comment=ERJ3EKF1002V
Change Component Comment : Designator=R50 Old Comment=10K New Comment=ERJ3EKF1002V
Change Component Comment : Designator=R51 Old Comment=10K New Comment=ERJ3EKF1002V
Change Component Comment : Designator=R52 Old Comment=10K New Comment=ERJ3EKF1002V
Change Component Comment : Designator=R53 Old Comment=10K New Comment=ERJ3EKF1002V
Change Component Comment : Designator=C174 Old Comment=100nF 16V 0402 New Comment=C0402C104K4PACTU
Change Component Comment : Designator=C177 Old Comment=100nF 16V 0402 New Comment=C0402C104K4PACTU
Change Component Comment : Designator=C176 Old Comment=100uF 6.3V 1206 New Comment=C1206C107M9PACTU
Change Component Comment : Designator=R45 Old Comment=0 0402 New Comment=RC0402JR-070RL
Change Component Comment : Designator=R46 Old Comment=0 0402 New Comment=RC0402JR-070RL
Change Component Comment : Designator=C175 Old Comment=470pF 50V 0603 New Comment=VJ0603Y471JXACW1BC
Change Managed Component Library Link : Designator=C174 Old VaultGUID=B7D15EC3-160A-466F-A46C-7801FE6295A7 New VaultGUID=B7D15EC3-160A-466F-A46C-7801FE6295A7 Old ItemGUID=8E83B108-CEF6-4BFE-B173-A2EBD10BE98C New ItemGUID=8E83B108-CEF6-4BFE-B173-A2EBD10BE98C Old RevisionGUID=40937802-918E-4C21-B524-9B5A3B3F43F9 New RevisionGUID=01E54861-E43D-455C-ABDA-D773C933B923
Change Managed Component Library Link : Designator=C175 Old VaultGUID=B7D15EC3-160A-466F-A46C-7801FE6295A7 New VaultGUID=B7D15EC3-160A-466F-A46C-7801FE6295A7 Old ItemGUID=2A487DAE-10EA-463F-BBB2-32508506D097 New ItemGUID=2A487DAE-10EA-463F-BBB2-32508506D097 Old RevisionGUID=A6AED3DA-A3DE-4F53-ADA6-39721560FD63 New RevisionGUID=39336253-5F72-4BB8-9406-EBDEA841DFEC
Change Managed Component Library Link : Designator=C176 Old VaultGUID=B7D15EC3-160A-466F-A46C-7801FE6295A7 New VaultGUID=B7D15EC3-160A-466F-A46C-7801FE6295A7 Old ItemGUID=50C56187-4537-4993-A229-30EB0D73B1B3 New ItemGUID=50C56187-4537-4993-A229-30EB0D73B1B3 Old RevisionGUID=43ED8087-11FB-4D03-89C9-C5C89FE58A2B New RevisionGUID=E8C40869-A26D-451B-A0A8-2070A6F64FD4
Change Managed Component Library Link : Designator=C177 Old VaultGUID=B7D15EC3-160A-466F-A46C-7801FE6295A7 New VaultGUID=B7D15EC3-160A-466F-A46C-7801FE6295A7 Old ItemGUID=8E83B108-CEF6-4BFE-B173-A2EBD10BE98C New ItemGUID=8E83B108-CEF6-4BFE-B173-A2EBD10BE98C Old RevisionGUID=40937802-918E-4C21-B524-9B5A3B3F43F9 New RevisionGUID=01E54861-E43D-455C-ABDA-D773C933B923
Change Managed Component Library Link : Designator=P1 Old VaultGUID=B7D15EC3-160A-466F-A46C-7801FE6295A7 New VaultGUID=B7D15EC3-160A-466F-A46C-7801FE6295A7 Old ItemGUID=4D901494-904E-4841-8A7C-F1E340907F33 New ItemGUID=4D901494-904E-4841-8A7C-F1E340907F33 Old RevisionGUID=858E772C-D440-48AA-B7C7-AD0F03E7F43C New RevisionGUID=E1FF660A-F1F7-49F2-B4C6-B978BBD69264
Change Managed Component Library Link : Designator=R45 Old VaultGUID=B7D15EC3-160A-466F-A46C-7801FE6295A7 New VaultGUID=B7D15EC3-160A-466F-A46C-7801FE6295A7 Old ItemGUID=BA82B1DB-3903-48AB-BE6C-7B43F7C4B2A3 New ItemGUID=BA82B1DB-3903-48AB-BE6C-7B43F7C4B2A3 Old RevisionGUID=75B1D43E-0B34-4946-B28D-47950DD00C87 New RevisionGUID=CE7A1A62-0A8C-40B2-AE66-1FCF8A173D4A
Change Managed Component Library Link : Designator=R46 Old VaultGUID=B7D15EC3-160A-466F-A46C-7801FE6295A7 New VaultGUID=B7D15EC3-160A-466F-A46C-7801FE6295A7 Old ItemGUID=BA82B1DB-3903-48AB-BE6C-7B43F7C4B2A3 New ItemGUID=BA82B1DB-3903-48AB-BE6C-7B43F7C4B2A3 Old RevisionGUID=75B1D43E-0B34-4946-B28D-47950DD00C87 New RevisionGUID=CE7A1A62-0A8C-40B2-AE66-1FCF8A173D4A
Change Managed Component Library Link : Designator=R47 Old VaultGUID=B7D15EC3-160A-466F-A46C-7801FE6295A7 New VaultGUID=B7D15EC3-160A-466F-A46C-7801FE6295A7 Old ItemGUID=D6FF6A2E-237B-4D32-86D1-1B9665B5CB39 New ItemGUID=D6FF6A2E-237B-4D32-86D1-1B9665B5CB39 Old RevisionGUID=5919DCB2-6C32-4D73-A0F5-E31FD5A5471D New RevisionGUID=20C4B742-B9BD-484B-8674-15E5F2C7C3A3
Change Managed Component Library Link : Designator=R48 Old VaultGUID=B7D15EC3-160A-466F-A46C-7801FE6295A7 New VaultGUID=B7D15EC3-160A-466F-A46C-7801FE6295A7 Old ItemGUID=D6FF6A2E-237B-4D32-86D1-1B9665B5CB39 New ItemGUID=D6FF6A2E-237B-4D32-86D1-1B9665B5CB39 Old RevisionGUID=5919DCB2-6C32-4D73-A0F5-E31FD5A5471D New RevisionGUID=20C4B742-B9BD-484B-8674-15E5F2C7C3A3
Change Managed Component Library Link : Designator=R49 Old VaultGUID=B7D15EC3-160A-466F-A46C-7801FE6295A7 New VaultGUID=B7D15EC3-160A-466F-A46C-7801FE6295A7 Old ItemGUID=D6FF6A2E-237B-4D32-86D1-1B9665B5CB39 New ItemGUID=D6FF6A2E-237B-4D32-86D1-1B9665B5CB39 Old RevisionGUID=5919DCB2-6C32-4D73-A0F5-E31FD5A5471D New RevisionGUID=20C4B742-B9BD-484B-8674-15E5F2C7C3A3
Change Managed Component Library Link : Designator=R50 Old VaultGUID=B7D15EC3-160A-466F-A46C-7801FE6295A7 New VaultGUID=B7D15EC3-160A-466F-A46C-7801FE6295A7 Old ItemGUID=D6FF6A2E-237B-4D32-86D1-1B9665B5CB39 New ItemGUID=D6FF6A2E-237B-4D32-86D1-1B9665B5CB39 Old RevisionGUID=5919DCB2-6C32-4D73-A0F5-E31FD5A5471D New RevisionGUID=20C4B742-B9BD-484B-8674-15E5F2C7C3A3
Change Managed Component Library Link : Designator=R51 Old VaultGUID=B7D15EC3-160A-466F-A46C-7801FE6295A7 New VaultGUID=B7D15EC3-160A-466F-A46C-7801FE6295A7 Old ItemGUID=D6FF6A2E-237B-4D32-86D1-1B9665B5CB39 New ItemGUID=D6FF6A2E-237B-4D32-86D1-1B9665B5CB39 Old RevisionGUID=5919DCB2-6C32-4D73-A0F5-E31FD5A5471D New RevisionGUID=20C4B742-B9BD-484B-8674-15E5F2C7C3A3
Change Managed Component Library Link : Designator=R52 Old VaultGUID=B7D15EC3-160A-466F-A46C-7801FE6295A7 New VaultGUID=B7D15EC3-160A-466F-A46C-7801FE6295A7 Old ItemGUID=D6FF6A2E-237B-4D32-86D1-1B9665B5CB39 New ItemGUID=D6FF6A2E-237B-4D32-86D1-1B9665B5CB39 Old RevisionGUID=5919DCB2-6C32-4D73-A0F5-E31FD5A5471D New RevisionGUID=20C4B742-B9BD-484B-8674-15E5F2C7C3A3
Change Managed Component Library Link : Designator=R53 Old VaultGUID=B7D15EC3-160A-466F-A46C-7801FE6295A7 New VaultGUID=B7D15EC3-160A-466F-A46C-7801FE6295A7 Old ItemGUID=D6FF6A2E-237B-4D32-86D1-1B9665B5CB39 New ItemGUID=D6FF6A2E-237B-4D32-86D1-1B9665B5CB39 Old RevisionGUID=5919DCB2-6C32-4D73-A0F5-E31FD5A5471D New RevisionGUID=20C4B742-B9BD-484B-8674-15E5F2C7C3A3
Change Managed Component Library Link : Designator=U2 Old VaultGUID=B7D15EC3-160A-466F-A46C-7801FE6295A7 New VaultGUID=B7D15EC3-160A-466F-A46C-7801FE6295A7 Old ItemGUID=633DDBD9-9C1D-4E0B-939B-A229D42A911F New ItemGUID=633DDBD9-9C1D-4E0B-939B-A229D42A911F Old RevisionGUID=25A451DF-6081-4281-8878-80E186E9DB0E New RevisionGUID=BB0BF027-F466-4450-BBF8-8E82FCFF5101
Change component parameters: Designator = "R41.1" ("R41"); Footprint = "RESC0603X03N"; UniqueID = "\MBOECIXI\JAWCLMOQ\DINOOLGD" ("\MBOECIXI\JAWCLMOQ\DINOOLGD")
Change component parameters (AddParameter): Name = "Case Code (Imperial)"; Value = "0603"; VariantName = "[No Variations]"
Change component parameters (AddParameter): Name = "Case Code (Metric)"; Value = "1608"; VariantName = "[No Variations]"
Change component parameters (AddParameter): Name = "Case/Package"; Value = "0603"; VariantName = "[No Variations]"
Change component parameters (AddParameter): Name = "ComponentLink1Description"; Value = "https://www.rohm.com/datasheet/ESR01MZPF/esr-e"; VariantName = "[No Variations]"
Change component parameters (AddParameter): Name = "ComponentLink1URL"; Value = "https://www.rohm.com/datasheet/ESR01MZPF/esr-e"; VariantName = "[No Variations]"
Change component parameters (AddParameter): Name = "Composition"; Value = "Thick Film"; VariantName = "[No Variations]"
Change component parameters (AddParameter): Name = "Features"; Value = "Automotive AEC-Q200"; VariantName = "[No Variations]"
Change component parameters (AddParameter): Name = "Height"; Value = "0.022inch"; VariantName = "[No Variations]"
Change component parameters (AddParameter): Name = "Lead Free"; Value = "Lead Free"; VariantName = "[No Variations]"
Change component parameters (AddParameter): Name = "Length"; Value = "0.063inch"; VariantName = "[No Variations]"
Change component parameters (AddParameter): Name = "Manufacturer"; Value = "Rohm"; VariantName = "[No Variations]"
Change component parameters (AddParameter): Name = "Manufacturer Part Number"; Value = "ESR03EZPF1002"; VariantName = "[No Variations]"
Change component parameters (AddParameter): Name = "Max Operating Temperature"; Value = "155°C"; VariantName = "[No Variations]"
Change component parameters (AddParameter): Name = "Max Power Dissipation"; Value = "250mW"; VariantName = "[No Variations]"
Change component parameters (AddParameter): Name = "Min Operating Temperature"; Value = "-55°C"; VariantName = "[No Variations]"
Change component parameters (AddParameter): Name = "Number of Terminations"; Value = "2"; VariantName = "[No Variations]"
Change component parameters (AddParameter): Name = "Package Quantity"; Value = "1"; VariantName = "[No Variations]"
Change component parameters (AddParameter): Name = "Packaging"; Value = "Tape and Reel"; VariantName = "[No Variations]"
Change component parameters (AddParameter): Name = "Power Rating"; Value = "250mW"; VariantName = "[No Variations]"
Change component parameters (AddParameter): Name = "Pricing 1"; Value = "1=0.14, 10=0.126, 100=0.0484, 1000=0.0213, 2500=0.01839 (USD)"; VariantName = "[No Variations]"
Change component parameters (AddParameter): Name = "Resistance"; Value = "10K"; VariantName = "[No Variations]"
Change component parameters (AddParameter): Name = "Stock 1"; Value = "273579"; VariantName = "[No Variations]"
Change component parameters (AddParameter): Name = "Supplier 1"; Value = "Digi-Key"; VariantName = "[No Variations]"
Change component parameters (AddParameter): Name = "Supplier Part Number 1"; Value = "541-10.0KAABCT-ND"; VariantName = "[No Variations]"
Change component parameters (AddParameter): Name = "Temperature Coefficient"; Value = "100ppm/°C"; VariantName = "[No Variations]"
Change component parameters (AddParameter): Name = "Tolerance"; Value = "1%"; VariantName = "[No Variations]"
Change component parameters (AddParameter): Name = "Width"; Value = "0.031inch"; VariantName = "[No Variations]"
Change component parameters: Designator = "R41.2" ("R41"); Footprint = "RESC0603X03N"; UniqueID = "\MBOECIXI\MXRJFKQD\DINOOLGD" ("\MBOECIXI\MXRJFKQD\DINOOLGD")
Change component parameters (AddParameter): Name = "Case Code (Imperial)"; Value = "0603"; VariantName = "[No Variations]"
Change component parameters (AddParameter): Name = "Case Code (Metric)"; Value = "1608"; VariantName = "[No Variations]"
Change component parameters (AddParameter): Name = "Case/Package"; Value = "0603"; VariantName = "[No Variations]"
Change component parameters (AddParameter): Name = "ComponentLink1Description"; Value = "https://www.rohm.com/datasheet/ESR01MZPF/esr-e"; VariantName = "[No Variations]"
Change component parameters (AddParameter): Name = "ComponentLink1URL"; Value = "https://www.rohm.com/datasheet/ESR01MZPF/esr-e"; VariantName = "[No Variations]"
Change component parameters (AddParameter): Name = "Composition"; Value = "Thick Film"; VariantName = "[No Variations]"
Change component parameters (AddParameter): Name = "Features"; Value = "Automotive AEC-Q200"; VariantName = "[No Variations]"
Change component parameters (AddParameter): Name = "Height"; Value = "0.022inch"; VariantName = "[No Variations]"
Change component parameters (AddParameter): Name = "Lead Free"; Value = "Lead Free"; VariantName = "[No Variations]"
Change component parameters (AddParameter): Name = "Length"; Value = "0.063inch"; VariantName = "[No Variations]"
Change component parameters (AddParameter): Name = "Manufacturer"; Value = "Rohm"; VariantName = "[No Variations]"
Change component parameters (AddParameter): Name = "Manufacturer Part Number"; Value = "ESR03EZPF1002"; VariantName = "[No Variations]"
Change component parameters (AddParameter): Name = "Max Operating Temperature"; Value = "155°C"; VariantName = "[No Variations]"
Change component parameters (AddParameter): Name = "Max Power Dissipation"; Value = "250mW"; VariantName = "[No Variations]"
Change component parameters (AddParameter): Name = "Min Operating Temperature"; Value = "-55°C"; VariantName = "[No Variations]"
Change component parameters (AddParameter): Name = "Number of Terminations"; Value = "2"; VariantName = "[No Variations]"
Change component parameters (AddParameter): Name = "Package Quantity"; Value = "1"; VariantName = "[No Variations]"
Change component parameters (AddParameter): Name = "Packaging"; Value = "Tape and Reel"; VariantName = "[No Variations]"
Change component parameters (AddParameter): Name = "Power Rating"; Value = "250mW"; VariantName = "[No Variations]"
Change component parameters (AddParameter): Name = "Pricing 1"; Value = "1=0.14, 10=0.126, 100=0.0484, 1000=0.0213, 2500=0.01839 (USD)"; VariantName = "[No Variations]"
Change component parameters (AddParameter): Name = "Resistance"; Value = "10K"; VariantName = "[No Variations]"
Change component parameters (AddParameter): Name = "Stock 1"; Value = "273579"; VariantName = "[No Variations]"
Change component parameters (AddParameter): Name = "Supplier 1"; Value = "Digi-Key"; VariantName = "[No Variations]"
Change component parameters (AddParameter): Name = "Supplier Part Number 1"; Value = "541-10.0KAABCT-ND"; VariantName = "[No Variations]"
Change component parameters (AddParameter): Name = "Temperature Coefficient"; Value = "100ppm/°C"; VariantName = "[No Variations]"
Change component parameters (AddParameter): Name = "Tolerance"; Value = "1%"; VariantName = "[No Variations]"
Change component parameters (AddParameter): Name = "Width"; Value = "0.031inch"; VariantName = "[No Variations]"
Change component parameters: Designator = "R42.1" ("R42"); Footprint = "RESC1608X06N"; UniqueID = "\MBOECIXI\JAWCLMOQ\MARWVWGR" ("\MBOECIXI\JAWCLMOQ\MARWVWGR")
Change component parameters (AddParameter): Name = "Case Code (Imperial)"; Value = "0603"; VariantName = "[No Variations]"
Change component parameters (AddParameter): Name = "Case Code (Metric)"; Value = "1608"; VariantName = "[No Variations]"
Change component parameters (AddParameter): Name = "Case/Package"; Value = "0603"; VariantName = "[No Variations]"
Change component parameters (AddParameter): Name = "ComponentLink1Description"; Value = "https://www.rohm.com/datasheet/ESR01MZPF/esr-e"; VariantName = "[No Variations]"
Change component parameters (AddParameter): Name = "ComponentLink1URL"; Value = "https://www.rohm.com/datasheet/ESR01MZPF/esr-e"; VariantName = "[No Variations]"
Change component parameters (AddParameter): Name = "Composition"; Value = "Thick Film"; VariantName = "[No Variations]"
Change component parameters (AddParameter): Name = "Features"; Value = "Automotive AEC-Q200"; VariantName = "[No Variations]"
Change component parameters (AddParameter): Name = "Height"; Value = "0.022inch"; VariantName = "[No Variations]"
Change component parameters (AddParameter): Name = "Lead Free"; Value = "Lead Free"; VariantName = "[No Variations]"
Change component parameters (AddParameter): Name = "Length"; Value = "0.063inch"; VariantName = "[No Variations]"
Change component parameters (AddParameter): Name = "Manufacturer"; Value = "Rohm"; VariantName = "[No Variations]"
Change component parameters (AddParameter): Name = "Manufacturer Part Number"; Value = "ESR03EZPF1002"; VariantName = "[No Variations]"
Change component parameters (AddParameter): Name = "Max Operating Temperature"; Value = "155°C"; VariantName = "[No Variations]"
Change component parameters (AddParameter): Name = "Max Power Dissipation"; Value = "250mW"; VariantName = "[No Variations]"
Change component parameters (AddParameter): Name = "Min Operating Temperature"; Value = "-55°C"; VariantName = "[No Variations]"
Change component parameters (AddParameter): Name = "Number of Terminations"; Value = "2"; VariantName = "[No Variations]"
Change component parameters (AddParameter): Name = "Package Quantity"; Value = "1"; VariantName = "[No Variations]"
Change component parameters (AddParameter): Name = "Packaging"; Value = "Tape and Reel"; VariantName = "[No Variations]"
Change component parameters (AddParameter): Name = "Power Rating"; Value = "250mW"; VariantName = "[No Variations]"
Change component parameters (AddParameter): Name = "Pricing 1"; Value = "1=0.14, 10=0.126, 100=0.0484, 1000=0.0213, 2500=0.01839 (USD)"; VariantName = "[No Variations]"
Change component parameters (AddParameter): Name = "Resistance"; Value = "10K"; VariantName = "[No Variations]"
Change component parameters (AddParameter): Name = "Stock 1"; Value = "273579"; VariantName = "[No Variations]"
Change component parameters (AddParameter): Name = "Supplier 1"; Value = "Digi-Key"; VariantName = "[No Variations]"
Change component parameters (AddParameter): Name = "Supplier Part Number 1"; Value = "541-10.0KAABCT-ND"; VariantName = "[No Variations]"
Change component parameters (AddParameter): Name = "Temperature Coefficient"; Value = "100ppm/°C"; VariantName = "[No Variations]"
Change component parameters (AddParameter): Name = "Tolerance"; Value = "1%"; VariantName = "[No Variations]"
Change component parameters (AddParameter): Name = "Width"; Value = "0.031inch"; VariantName = "[No Variations]"
Change component parameters: Designator = "R42.2" ("R42"); Footprint = "RESC1608X06N"; UniqueID = "\MBOECIXI\MXRJFKQD\MARWVWGR" ("\MBOECIXI\MXRJFKQD\MARWVWGR")
Change component parameters (AddParameter): Name = "Case Code (Imperial)"; Value = "0603"; VariantName = "[No Variations]"
Change component parameters (AddParameter): Name = "Case Code (Metric)"; Value = "1608"; VariantName = "[No Variations]"
Change component parameters (AddParameter): Name = "Case/Package"; Value = "0603"; VariantName = "[No Variations]"
Change component parameters (AddParameter): Name = "ComponentLink1Description"; Value = "https://www.rohm.com/datasheet/ESR01MZPF/esr-e"; VariantName = "[No Variations]"
Change component parameters (AddParameter): Name = "ComponentLink1URL"; Value = "https://www.rohm.com/datasheet/ESR01MZPF/esr-e"; VariantName = "[No Variations]"
Change component parameters (AddParameter): Name = "Composition"; Value = "Thick Film"; VariantName = "[No Variations]"
Change component parameters (AddParameter): Name = "Features"; Value = "Automotive AEC-Q200"; VariantName = "[No Variations]"
Change component parameters (AddParameter): Name = "Height"; Value = "0.022inch"; VariantName = "[No Variations]"
Change component parameters (AddParameter): Name = "Lead Free"; Value = "Lead Free"; VariantName = "[No Variations]"
Change component parameters (AddParameter): Name = "Length"; Value = "0.063inch"; VariantName = "[No Variations]"
Change component parameters (AddParameter): Name = "Manufacturer"; Value = "Rohm"; VariantName = "[No Variations]"
Change component parameters (AddParameter): Name = "Manufacturer Part Number"; Value = "ESR03EZPF1002"; VariantName = "[No Variations]"
Change component parameters (AddParameter): Name = "Max Operating Temperature"; Value = "155°C"; VariantName = "[No Variations]"
Change component parameters (AddParameter): Name = "Max Power Dissipation"; Value = "250mW"; VariantName = "[No Variations]"
Change component parameters (AddParameter): Name = "Min Operating Temperature"; Value = "-55°C"; VariantName = "[No Variations]"
Change component parameters (AddParameter): Name = "Number of Terminations"; Value = "2"; VariantName = "[No Variations]"
Change component parameters (AddParameter): Name = "Package Quantity"; Value = "1"; VariantName = "[No Variations]"
Change component parameters (AddParameter): Name = "Packaging"; Value = "Tape and Reel"; VariantName = "[No Variations]"
Change component parameters (AddParameter): Name = "Power Rating"; Value = "250mW"; VariantName = "[No Variations]"
Change component parameters (AddParameter): Name = "Pricing 1"; Value = "1=0.14, 10=0.126, 100=0.0484, 1000=0.0213, 2500=0.01839 (USD)"; VariantName = "[No Variations]"
Change component parameters (AddParameter): Name = "Resistance"; Value = "10K"; VariantName = "[No Variations]"
Change component parameters (AddParameter): Name = "Stock 1"; Value = "273579"; VariantName = "[No Variations]"
Change component parameters (AddParameter): Name = "Supplier 1"; Value = "Digi-Key"; VariantName = "[No Variations]"
Change component parameters (AddParameter): Name = "Supplier Part Number 1"; Value = "541-10.0KAABCT-ND"; VariantName = "[No Variations]"
Change component parameters (AddParameter): Name = "Temperature Coefficient"; Value = "100ppm/°C"; VariantName = "[No Variations]"
Change component parameters (AddParameter): Name = "Tolerance"; Value = "1%"; VariantName = "[No Variations]"
Change component parameters (AddParameter): Name = "Width"; Value = "0.031inch"; VariantName = "[No Variations]"
Change component parameters: Designator = "C175" ("C175"); Footprint = "CAPC0603(1608)100_M"; UniqueID = "\LVCPIUQO\FJMWJYOG" ("\LVCPIUQO\FJMWJYOG")
Change component parameters (AddParameter): Name = "Case-EIA"; Value = "0603"; VariantName = "[No Variations]"
Change component parameters (AddParameter): Name = "Case-Metric"; Value = "1608"; VariantName = "[No Variations]"
Change component parameters (AddParameter): Name = "Manufacturer"; Value = "Vitramon"; VariantName = "[No Variations]"
Change component parameters (AddParameter): Name = "Max Thickness"; Value = "1 mm"; VariantName = "[No Variations]"
Change component parameters (AddParameter): Name = "Part Number"; Value = "VJ0603Y471JXACW1BC"; VariantName = "[No Variations]"
Change component parameters (AddParameter): Name = "Rated Voltage"; Value = "50 V"; VariantName = "[No Variations]"
Change component parameters (AddParameter): Name = "Technology"; Value = "SMT"; VariantName = "[No Variations]"
Change component parameters (AddParameter): Name = "Tolerance"; Value = "Â±5%"; VariantName = "[No Variations]"
Change component parameters (AddParameter): Name = "Value"; Value = "470pF"; VariantName = "[No Variations]"
Change component parameters: Designator = "R45" ("R45"); Footprint = "RESC0402(1005)_N"; UniqueID = "\LVCPIUQO\DANUTAWP" ("\LVCPIUQO\DANUTAWP")
Change component parameters (AddParameter): Name = "Case-EIA"; Value = "0402"; VariantName = "[No Variations]"
Change component parameters (AddParameter): Name = "Case-Metric"; Value = "1005"; VariantName = "[No Variations]"
Change component parameters (AddParameter): Name = "Manufacturer"; Value = "Yageo / Phycomp"; VariantName = "[No Variations]"
Change component parameters (AddParameter): Name = "Part Number"; Value = "RC0402JR-070RL"; VariantName = "[No Variations]"
Change component parameters (AddParameter): Name = "Power"; Value = "None"; VariantName = "[No Variations]"
Change component parameters (AddParameter): Name = "Technology"; Value = "SMT"; VariantName = "[No Variations]"
Change component parameters (AddParameter): Name = "Tolerance"; Value = "None"; VariantName = "[No Variations]"
Change component parameters (AddParameter): Name = "Value"; Value = "0.00 Ohm"; VariantName = "[No Variations]"
Change component parameters: Designator = "R46" ("R46"); Footprint = "RESC0402(1005)_N"; UniqueID = "\LVCPIUQO\EBQQZRIX" ("\LVCPIUQO\EBQQZRIX")
Change component parameters (AddParameter): Name = "Case-EIA"; Value = "0402"; VariantName = "[No Variations]"
Change component parameters (AddParameter): Name = "Case-Metric"; Value = "1005"; VariantName = "[No Variations]"
Change component parameters (AddParameter): Name = "Manufacturer"; Value = "Yageo / Phycomp"; VariantName = "[No Variations]"
Change component parameters (AddParameter): Name = "Part Number"; Value = "RC0402JR-070RL"; VariantName = "[No Variations]"
Change component parameters (AddParameter): Name = "Power"; Value = "None"; VariantName = "[No Variations]"
Change component parameters (AddParameter): Name = "Technology"; Value = "SMT"; VariantName = "[No Variations]"
Change component parameters (AddParameter): Name = "Tolerance"; Value = "None"; VariantName = "[No Variations]"
Change component parameters (AddParameter): Name = "Value"; Value = "0.00 Ohm"; VariantName = "[No Variations]"
Change component parameters: Designator = "C174" ("C174"); Footprint = "CAPC0402(1005)60_M"; UniqueID = "\LVCPIUQO\ZPOQVAEI" ("\LVCPIUQO\ZPOQVAEI")
Change component parameters (AddParameter): Name = "Automotive"; Value = "No"; VariantName = "[No Variations]"
Change component parameters (AddParameter): Name = "Capacitance"; Value = "0.10 µF"; VariantName = "[No Variations]"
Change component parameters (AddParameter): Name = "Case-EIA"; Value = "0402"; VariantName = "[No Variations]"
Change component parameters (AddParameter): Name = "Case-Metric"; Value = "1005"; VariantName = "[No Variations]"
Change component parameters (AddParameter): Name = "Category"; Value = "Cap"; VariantName = "[No Variations]"
Change component parameters (AddParameter): Name = "ComponentLink2Description"; Value = "Datasheet"; VariantName = "[No Variations]"
Change component parameters (AddParameter): Name = "ComponentLink2URL"; Value = "https://content.kemet.com/datasheets/KEM_C1002_X7R_SMD.pdf"; VariantName = "[No Variations]"
Change component parameters (AddParameter): Name = "Device Class L1"; Value = "Passive Components"; VariantName = "[No Variations]"
Change component parameters (AddParameter): Name = "Device Class L2"; Value = "Capacitors"; VariantName = "[No Variations]"
Change component parameters (AddParameter): Name = "Device Class L3"; Value = "Ceramic Capacitors"; VariantName = "[No Variations]"
Change component parameters (AddParameter): Name = "Digikey Description"; Value = "CAP CER 0.1UF 16V 10% X5R 0402"; VariantName = "[No Variations]"
Change component parameters (AddParameter): Name = "Height"; Value = "0.55mm"; VariantName = "[No Variations]"
Change component parameters (AddParameter): Name = "Ipc Land Pattern Name"; Value = "CAPC10050X50"; VariantName = "[No Variations]"
Change component parameters (AddParameter): Name = "Lead Free"; Value = "Yes"; VariantName = "[No Variations]"
Change component parameters (AddParameter): Name = "Manufacturer"; Value = "Kemet"; VariantName = "[No Variations]"
Change component parameters (AddParameter): Name = "Manufacturer Part Number"; Value = "C0402C104K4PACTU"; VariantName = "[No Variations]"
Change component parameters (AddParameter): Name = "Material"; Value = "Ceramic"; VariantName = "[No Variations]"
Change component parameters (AddParameter): Name = "Max Thickness"; Value = "0.6 mm"; VariantName = "[No Variations]"
Change component parameters (AddParameter): Name = "Mouser Description"; Value = "Multilayer Ceramic Capacitors MLCC - SMD/SMT 16volts 0.1uF 10% X5R"; VariantName = "[No Variations]"
Change component parameters (AddParameter): Name = "Octopart"; Value = "https://octopart.com/c0402c104k4pactu-kemet-8375715"; VariantName = "[No Variations]"
Change component parameters (AddParameter): Name = "Package"; Value = "C0402-BB"; VariantName = "[No Variations]"
Change component parameters (AddParameter): Name = "Rated Voltage"; Value = "16 V"; VariantName = "[No Variations]"
Change component parameters (AddParameter): Name = "RoHS"; Value = "TRUE"; VariantName = "[No Variations]"
Change component parameters (AddParameter): Name = "Technology"; Value = "SMT"; VariantName = "[No Variations]"
Change component parameters (AddParameter): Name = "Temperature"; Value = "-55°C to +125°C"; VariantName = "[No Variations]"
Change component parameters (AddParameter): Name = "Temperature Characteristic"; Value = "X5R"; VariantName = "[No Variations]"
Change component parameters (AddParameter): Name = "Temperature Coefficient"; Value = "15%"; VariantName = "[No Variations]"
Change component parameters (AddParameter): Name = "Temperature Range High"; Value = "+125°C"; VariantName = "[No Variations]"
Change component parameters (AddParameter): Name = "Temperature Range Low"; Value = "-55°C"; VariantName = "[No Variations]"
Change component parameters (AddParameter): Name = "Tolerance"; Value = "0.1"; VariantName = "[No Variations]"
Change component parameters (AddParameter): Name = "Value"; Value = "0.10 µF"; VariantName = "[No Variations]"
Change component parameters (AddParameter): Name = "Voltage Rating"; Value = "16 V"; VariantName = "[No Variations]"
Change component parameters: Designator = "C177" ("C177"); Footprint = "CAPC0402(1005)60_M"; UniqueID = "\LVCPIUQO\NCTUWBXF" ("\LVCPIUQO\NCTUWBXF")
Change component parameters (AddParameter): Name = "Automotive"; Value = "No"; VariantName = "[No Variations]"
Change component parameters (AddParameter): Name = "Capacitance"; Value = "0.10 µF"; VariantName = "[No Variations]"
Change component parameters (AddParameter): Name = "Case-EIA"; Value = "0402"; VariantName = "[No Variations]"
Change component parameters (AddParameter): Name = "Case-Metric"; Value = "1005"; VariantName = "[No Variations]"
Change component parameters (AddParameter): Name = "Category"; Value = "Cap"; VariantName = "[No Variations]"
Change component parameters (AddParameter): Name = "ComponentLink2Description"; Value = "Datasheet"; VariantName = "[No Variations]"
Change component parameters (AddParameter): Name = "ComponentLink2URL"; Value = "https://content.kemet.com/datasheets/KEM_C1002_X7R_SMD.pdf"; VariantName = "[No Variations]"
Change component parameters (AddParameter): Name = "Device Class L1"; Value = "Passive Components"; VariantName = "[No Variations]"
Change component parameters (AddParameter): Name = "Device Class L2"; Value = "Capacitors"; VariantName = "[No Variations]"
Change component parameters (AddParameter): Name = "Device Class L3"; Value = "Ceramic Capacitors"; VariantName = "[No Variations]"
Change component parameters (AddParameter): Name = "Digikey Description"; Value = "CAP CER 0.1UF 16V 10% X5R 0402"; VariantName = "[No Variations]"
Change component parameters (AddParameter): Name = "Height"; Value = "0.55mm"; VariantName = "[No Variations]"
Change component parameters (AddParameter): Name = "Ipc Land Pattern Name"; Value = "CAPC10050X50"; VariantName = "[No Variations]"
Change component parameters (AddParameter): Name = "Lead Free"; Value = "Yes"; VariantName = "[No Variations]"
Change component parameters (AddParameter): Name = "Manufacturer"; Value = "Kemet"; VariantName = "[No Variations]"
Change component parameters (AddParameter): Name = "Manufacturer Part Number"; Value = "C0402C104K4PACTU"; VariantName = "[No Variations]"
Change component parameters (AddParameter): Name = "Material"; Value = "Ceramic"; VariantName = "[No Variations]"
Change component parameters (AddParameter): Name = "Max Thickness"; Value = "0.6 mm"; VariantName = "[No Variations]"
Change component parameters (AddParameter): Name = "Mouser Description"; Value = "Multilayer Ceramic Capacitors MLCC - SMD/SMT 16volts 0.1uF 10% X5R"; VariantName = "[No Variations]"
Change component parameters (AddParameter): Name = "Octopart"; Value = "https://octopart.com/c0402c104k4pactu-kemet-8375715"; VariantName = "[No Variations]"
Change component parameters (AddParameter): Name = "Package"; Value = "C0402-BB"; VariantName = "[No Variations]"
Change component parameters (AddParameter): Name = "Rated Voltage"; Value = "16 V"; VariantName = "[No Variations]"
Change component parameters (AddParameter): Name = "RoHS"; Value = "TRUE"; VariantName = "[No Variations]"
Change component parameters (AddParameter): Name = "Technology"; Value = "SMT"; VariantName = "[No Variations]"
Change component parameters (AddParameter): Name = "Temperature"; Value = "-55°C to +125°C"; VariantName = "[No Variations]"
Change component parameters (AddParameter): Name = "Temperature Characteristic"; Value = "X5R"; VariantName = "[No Variations]"
Change component parameters (AddParameter): Name = "Temperature Coefficient"; Value = "15%"; VariantName = "[No Variations]"
Change component parameters (AddParameter): Name = "Temperature Range High"; Value = "+125°C"; VariantName = "[No Variations]"
Change component parameters (AddParameter): Name = "Temperature Range Low"; Value = "-55°C"; VariantName = "[No Variations]"
Change component parameters (AddParameter): Name = "Tolerance"; Value = "0.1"; VariantName = "[No Variations]"
Change component parameters (AddParameter): Name = "Value"; Value = "0.10 µF"; VariantName = "[No Variations]"
Change component parameters (AddParameter): Name = "Voltage Rating"; Value = "16 V"; VariantName = "[No Variations]"
Change component parameters: Designator = "P1" ("P1"); Footprint = "MOLX-47272-0001_V"; UniqueID = "\ISWZPBFB\MBXMXJLP" ("\ISWZPBFB\MBXMXJLP")
Change component parameters (AddParameter): Name = "Automotive"; Value = "No"; VariantName = "[No Variations]"
Change component parameters (AddParameter): Name = "Category"; Value = "Conn"; VariantName = "[No Variations]"
Change component parameters (AddParameter): Name = "ComponentLink2Description"; Value = "Datasheet"; VariantName = "[No Variations]"
Change component parameters (AddParameter): Name = "ComponentLink2URL"; Value = "https://www.molex.com/webdocs/datasheets/pdf/en-us/0472720001_IO_CONNECTORS.pdf"; VariantName = "[No Variations]"
Change component parameters (AddParameter): Name = "Conn Orientation"; Value = "Right Angle"; VariantName = "[No Variations]"
Change component parameters (AddParameter): Name = "Connector Mounting"; Value = "PCB"; VariantName = "[No Variations]"
Change component parameters (AddParameter): Name = "Connector Type"; Value = "DisplayPort"; VariantName = "[No Variations]"
Change component parameters (AddParameter): Name = "Contact Material"; Value = "Gold,Nickel"; VariantName = "[No Variations]"
Change component parameters (AddParameter): Name = "Contact Plating"; Value = "Gold"; VariantName = "[No Variations]"
Change component parameters (AddParameter): Name = "Contact Resistance"; Value = "30mohm"; VariantName = "[No Variations]"
Change component parameters (AddParameter): Name = "Contact Resistance Max"; Value = "50mohm"; VariantName = "[No Variations]"
Change component parameters (AddParameter): Name = "Contact Termination"; Value = "SurfaceMountRightAngle"; VariantName = "[No Variations]"
Change component parameters (AddParameter): Name = "Current Max"; Value = "0.5A"; VariantName = "[No Variations]"
Change component parameters (AddParameter): Name = "Current Rating"; Value = "0.5A"; VariantName = "[No Variations]"
Change component parameters (AddParameter): Name = "Datasheet URL"; Value = "http://www.molex.com/pdm_docs/sd/472720001_sd.pdf"; VariantName = "[No Variations]"
Change component parameters (AddParameter): Name = "Datasheet Version"; Value = "Rev. F, 06/2009"; VariantName = "[No Variations]"
Change component parameters (AddParameter): Name = "De-mating Force"; Value = "9.8N"; VariantName = "[No Variations]"
Change component parameters (AddParameter): Name = "Device Class L1"; Value = "Connectors"; VariantName = "[No Variations]"
Change component parameters (AddParameter): Name = "Device Class L2"; Value = "Audio / Video Connectors"; VariantName = "[No Variations]"
Change component parameters (AddParameter): Name = "Device Class L3"; Value = "unset"; VariantName = "[No Variations]"
Change component parameters (AddParameter): Name = "Digikey Description"; Value = "CONN RCPT DISPLAYPORT 20P SMD RA"; VariantName = "[No Variations]"
Change component parameters (AddParameter): Name = "Flammability Rating"; Value = "UL94V-0"; VariantName = "[No Variations]"
Change component parameters (AddParameter): Name = "Footprint Url"; Value = "https://www.molex.com/pdm_docs/sd/472720001_sd.pdf"; VariantName = "[No Variations]"
Change component parameters (AddParameter): Name = "Gender"; Value = "Receptacle"; VariantName = "[No Variations]"
Change component parameters (AddParameter): Name = "Height"; Value = "6.9mm"; VariantName = "[No Variations]"
Change component parameters (AddParameter): Name = "Insulation Resistance"; Value = "10Mohm"; VariantName = "[No Variations]"
Change component parameters (AddParameter): Name = "Is Female"; Value = "yes"; VariantName = "[No Variations]"
Change component parameters (AddParameter): Name = "Lead Free"; Value = "Yes"; VariantName = "[No Variations]"
Change component parameters (AddParameter): Name = "Lead Spacing"; Value = "0.5mm"; VariantName = "[No Variations]"
Change component parameters (AddParameter): Name = "Manufacturer"; Value = "Molex"; VariantName = "[No Variations]"
Change component parameters (AddParameter): Name = "Manufacturer Part Number"; Value = "47272-0001"; VariantName = "[No Variations]"
Change component parameters (AddParameter): Name = "Manufacturer URL"; Value = "http://www.molex.com/"; VariantName = "[No Variations]"
Change component parameters (AddParameter): Name = "Mating Force"; Value = "44.1N"; VariantName = "[No Variations]"
Change component parameters (AddParameter): Name = "Mounting Orientation"; Value = "Horizontal"; VariantName = "[No Variations]"
Change component parameters (AddParameter): Name = "Mounting Technology"; Value = "SurfaceMount"; VariantName = "[No Variations]"
Change component parameters (AddParameter): Name = "Mouser Description"; Value = "HDMI, Displayport & DVI Connectors .5MM RA SMT RCPT"; VariantName = "[No Variations]"
Change component parameters (AddParameter): Name = "No. of Contacts"; Value = "20"; VariantName = "[No Variations]"
Change component parameters (AddParameter): Name = "No. of Mating Cycles"; Value = "10000"; VariantName = "[No Variations]"
Change component parameters (AddParameter): Name = "Number Of Contacts"; Value = "20"; VariantName = "[No Variations]"
Change component parameters (AddParameter): Name = "Octopart"; Value = "https://octopart.com/47272-0001-molex-5441289"; VariantName = "[No Variations]"
Change component parameters (AddParameter): Name = "Operating Temperature Max"; Value = "+85°C"; VariantName = "[No Variations]"
Change component parameters (AddParameter): Name = "Operating Temperature Min"; Value = "-20°C"; VariantName = "[No Variations]"
Change component parameters (AddParameter): Name = "Package"; Value = "0"; VariantName = "[No Variations]"
Change component parameters (AddParameter): Name = "Package Description"; Value = "DisplayPort Connector, Pitch 0.5 mm, 1 x 20 Position, Height 6.65 mm"; VariantName = "[No Variations]"
Change component parameters (AddParameter): Name = "Package Reference"; Value = "47272-0001"; VariantName = "[No Variations]"
Change component parameters (AddParameter): Name = "Pitch"; Value = "0.5mm"; VariantName = "[No Variations]"
Change component parameters (AddParameter): Name = "Pitch Spacing"; Value = "0.50mm"; VariantName = "[No Variations]"
Change component parameters (AddParameter): Name = "RoHS"; Value = "TRUE"; VariantName = "[No Variations]"
Change component parameters (AddParameter): Name = "Series"; Value = "47272"; VariantName = "[No Variations]"
Change component parameters (AddParameter): Name = "Shielding"; Value = "true"; VariantName = "[No Variations]"
Change component parameters (AddParameter): Name = "Temperature"; Value = "-20°C to +85°C"; VariantName = "[No Variations]"
Change component parameters (AddParameter): Name = "Temperature Range High"; Value = "+85°C"; VariantName = "[No Variations]"
Change component parameters (AddParameter): Name = "Temperature Range Low"; Value = "-20°C"; VariantName = "[No Variations]"
Change component parameters (AddParameter): Name = "Voltage Rating"; Value = "40V"; VariantName = "[No Variations]"
Change component parameters (AddParameter): Name = "Voltage Rating V AC"; Value = "40V"; VariantName = "[No Variations]"
Change component parameters (AddParameter): Name = "Withstand Voltage"; Value = "500V"; VariantName = "[No Variations]"
Change component parameters: Designator = "C176" ("C176"); Footprint = "CAPC1206(3216)190_L"; UniqueID = "\LVCPIUQO\YLEOAWDB" ("\LVCPIUQO\YLEOAWDB")
Change component parameters (AddParameter): Name = ""; Value = "C1206C107M9PAC7800"; VariantName = "[No Variations]"
Change component parameters (AddParameter): Name = "Brand"; Value = "Kemet"; VariantName = "[No Variations]"
Change component parameters (AddParameter): Name = "Capacitance"; Value = "100uF"; VariantName = "[No Variations]"
Change component parameters (AddParameter): Name = "Case Code - in"; Value = "1206"; VariantName = "[No Variations]"
Change component parameters (AddParameter): Name = "Case Code - mm"; Value = "3216"; VariantName = "[No Variations]"
Change component parameters (AddParameter): Name = "Case Height"; Value = "1.6mm"; VariantName = "[No Variations]"
Change component parameters (AddParameter): Name = "Case Length"; Value = "3.2mm"; VariantName = "[No Variations]"
Change component parameters (AddParameter): Name = "Case Width"; Value = "1.6mm"; VariantName = "[No Variations]"
Change component parameters (AddParameter): Name = "Case-EIA"; Value = "1206"; VariantName = "[No Variations]"
Change component parameters (AddParameter): Name = "Case-Metric"; Value = "3216"; VariantName = "[No Variations]"
Change component parameters (AddParameter): Name = "Class"; Value = "Class2"; VariantName = "[No Variations]"
Change component parameters (AddParameter): Name = "Datasheet URL"; Value = "http://datasheet.octopart.com/C1206C107M9PACTU-Kemet-datasheet-62098572.pdf"; VariantName = "[No Variations]"
Change component parameters (AddParameter): Name = "Datasheet Version"; Value = "Jan-16"; VariantName = "[No Variations]"
Change component parameters (AddParameter): Name = "Dielectric"; Value = "X5R"; VariantName = "[No Variations]"
Change component parameters (AddParameter): Name = "Dimensions"; Value = "1.6mmWx3.2mmLx1.6mmH"; VariantName = "[No Variations]"
Change component parameters (AddParameter): Name = "Dissipation Factor DF"; Value = "5"; VariantName = "[No Variations]"
Change component parameters (AddParameter): Name = "Factory Pack Quantity"; Value = "2000"; VariantName = "[No Variations]"
Change component parameters (AddParameter): Name = "Manufacturer"; Value = "Kemet"; VariantName = "[No Variations]"
Change component parameters (AddParameter): Name = "Manufacturer URL"; Value = "http://www.kemet.com/"; VariantName = "[No Variations]"
Change component parameters (AddParameter): Name = "Max Thickness"; Value = "1.9 mm"; VariantName = "[No Variations]"
Change component parameters (AddParameter): Name = "Maximum Operating Temperature"; Value = "+85C"; VariantName = "[No Variations]"
Change component parameters (AddParameter): Name = "Minimum Operating Temperature"; Value = "-55C"; VariantName = "[No Variations]"
Change component parameters (AddParameter): Name = "Operating Temperature Range"; Value = "-55Cto+85C"; VariantName = "[No Variations]"
Change component parameters (AddParameter): Name = "Package / Case"; Value = "1206(3216metric)"; VariantName = "[No Variations]"
Change component parameters (AddParameter): Name = "Package Description"; Value = "2-Leads SMD, Body 3.2 x 1.6 mm"; VariantName = "[No Variations]"
Change component parameters (AddParameter): Name = "Package Reference"; Value = "1206-2"; VariantName = "[No Variations]"
Change component parameters (AddParameter): Name = "Packaging"; Value = "Reel"; VariantName = "[No Variations]"
Change component parameters (AddParameter): Name = "Product"; Value = "GeneralTypeMLCCs"; VariantName = "[No Variations]"
Change component parameters (AddParameter): Name = "Product Category"; Value = "MultilayerCeramicCapacitorsMLCC-SMD/SMT"; VariantName = "[No Variations]"
Change component parameters (AddParameter): Name = "Rated Voltage"; Value = "6.3 V"; VariantName = "[No Variations]"
Change component parameters (AddParameter): Name = "RoHS"; Value = "Details"; VariantName = "[No Variations]"
Change component parameters (AddParameter): Name = "Series"; Value = "C1206C"; VariantName = "[No Variations]"
Change component parameters (AddParameter): Name = "Technology"; Value = "SMT"; VariantName = "[No Variations]"
Change component parameters (AddParameter): Name = "Temperature Coefficient / Code"; Value = "+/-15%"; VariantName = "[No Variations]"
Change component parameters (AddParameter): Name = "Termination Style"; Value = "SMD/SMT"; VariantName = "[No Variations]"
Change component parameters (AddParameter): Name = "Tolerance"; Value = "20%"; VariantName = "[No Variations]"
Change component parameters (AddParameter): Name = "Type"; Value = "SMDMLCCX5R4-50VDCCommericalGrade"; VariantName = "[No Variations]"
Change component parameters (AddParameter): Name = "Value"; Value = "100uF"; VariantName = "[No Variations]"
Change component parameters (AddParameter): Name = "Voltage Rating"; Value = "6.3V"; VariantName = "[No Variations]"
Change component parameters (AddParameter): Name = "Voltage Rating DC"; Value = "6.3V"; VariantName = "[No Variations]"
Change component parameters: Designator = "R47" ("R47"); Footprint = "RESC0603(1608)_N"; UniqueID = "\LSAMGMGI\XMAAKESH" ("\LSAMGMGI\XMAAKESH")
Change component parameters (AddParameter): Name = "Case Code (Imperial)"; Value = "0603"; VariantName = "[No Variations]"
Change component parameters (AddParameter): Name = "Case Code (Metric)"; Value = "1608"; VariantName = "[No Variations]"
Change component parameters (AddParameter): Name = "Case-EIA"; Value = "0603"; VariantName = "[No Variations]"
Change component parameters (AddParameter): Name = "Case-Metric"; Value = "1608"; VariantName = "[No Variations]"
Change component parameters (AddParameter): Name = "Case\/Package"; Value = "0603"; VariantName = "[No Variations]"
Change component parameters (AddParameter): Name = "Composition"; Value = "ThickFilm"; VariantName = "[No Variations]"
Change component parameters (AddParameter): Name = "Contact Plating"; Value = "Tin"; VariantName = "[No Variations]"
Change component parameters (AddParameter): Name = "Datasheet URL"; Value = "https://industrial.panasonic.com/cdbs/www-data/pdf/RDA0000/AOA0000C304.pdf"; VariantName = "[No Variations]"
Change component parameters (AddParameter): Name = "Datasheet Version"; Value = "02/2017"; VariantName = "[No Variations]"
Change component parameters (AddParameter): Name = "Depth"; Value = "0.8mm"; VariantName = "[No Variations]"
Change component parameters (AddParameter): Name = "Height"; Value = "0.45mm"; VariantName = "[No Variations]"
Change component parameters (AddParameter): Name = "Lead Free"; Value = "LeadFree"; VariantName = "[No Variations]"
Change component parameters (AddParameter): Name = "Length"; Value = "1.6mm"; VariantName = "[No Variations]"
Change component parameters (AddParameter): Name = "Manufacturer"; Value = "Panasonic"; VariantName = "[No Variations]"
Change component parameters (AddParameter): Name = "Manufacturer URL"; Value = "http://www.panasonic.com/"; VariantName = "[No Variations]"
Change component parameters (AddParameter): Name = "Max Operating Temperature"; Value = "155degC"; VariantName = "[No Variations]"
Change component parameters (AddParameter): Name = "Max Power Dissipation"; Value = "100mW"; VariantName = "[No Variations]"
Change component parameters (AddParameter): Name = "Military Standard"; Value = "Not"; VariantName = "[No Variations]"
Change component parameters (AddParameter): Name = "Min Operating Temperature"; Value = "-55degC"; VariantName = "[No Variations]"
Change component parameters (AddParameter): Name = "Mount"; Value = "SurfaceMount"; VariantName = "[No Variations]"
Change component parameters (AddParameter): Name = "Mounting Technology"; Value = "SurfaceMount"; VariantName = "[No Variations]"
Change component parameters (AddParameter): Name = "Number of Pins"; Value = "2"; VariantName = "[No Variations]"
Change component parameters (AddParameter): Name = "Number of Terminations"; Value = "2"; VariantName = "[No Variations]"
Change component parameters (AddParameter): Name = "Package Description"; Value = "2-Pin Surface Mount Device, Body 1.6 x 0.85 mm"; VariantName = "[No Variations]"
Change component parameters (AddParameter): Name = "Package Quantity"; Value = "1"; VariantName = "[No Variations]"
Change component parameters (AddParameter): Name = "Package Reference"; Value = "603"; VariantName = "[No Variations]"
Change component parameters (AddParameter): Name = "Packaging"; Value = "TapeandReel"; VariantName = "[No Variations]"
Change component parameters (AddParameter): Name = "Power"; Value = "0.1 W"; VariantName = "[No Variations]"
Change component parameters (AddParameter): Name = "Power Rating"; Value = "100mW"; VariantName = "[No Variations]"
Change component parameters (AddParameter): Name = "Radiation Hardening"; Value = "No"; VariantName = "[No Variations]"
Change component parameters (AddParameter): Name = "REACH SVHC"; Value = "NoSVHC"; VariantName = "[No Variations]"
Change component parameters (AddParameter): Name = "Resistance"; Value = "10KOhm"; VariantName = "[No Variations]"
Change component parameters (AddParameter): Name = "RoHSCompliant"; Value = "true"; VariantName = "[No Variations]"
Change component parameters (AddParameter): Name = "Technology"; Value = "SMT"; VariantName = "[No Variations]"
Change component parameters (AddParameter): Name = "Temperature Coefficient"; Value = "100ppm\/degreesC"; VariantName = "[No Variations]"
Change component parameters (AddParameter): Name = "Termination"; Value = "SMD/SMT"; VariantName = "[No Variations]"
Change component parameters (AddParameter): Name = "Tolerance"; Value = "1%"; VariantName = "[No Variations]"
Change component parameters (AddParameter): Name = "Value"; Value = "10000.00 Ohm"; VariantName = "[No Variations]"
Change component parameters (AddParameter): Name = "Voltage Rating"; Value = "75V"; VariantName = "[No Variations]"
Change component parameters (AddParameter): Name = "Voltage Rating (DC)"; Value = "75V"; VariantName = "[No Variations]"
Change component parameters (AddParameter): Name = "Width"; Value = "0.031inch"; VariantName = "[No Variations]"
Change component parameters: Designator = "R48" ("R48"); Footprint = "RESC0603(1608)_N"; UniqueID = "\LSAMGMGI\MKXQFCCL" ("\LSAMGMGI\MKXQFCCL")
Change component parameters (AddParameter): Name = "Case Code (Imperial)"; Value = "0603"; VariantName = "[No Variations]"
Change component parameters (AddParameter): Name = "Case Code (Metric)"; Value = "1608"; VariantName = "[No Variations]"
Change component parameters (AddParameter): Name = "Case-EIA"; Value = "0603"; VariantName = "[No Variations]"
Change component parameters (AddParameter): Name = "Case-Metric"; Value = "1608"; VariantName = "[No Variations]"
Change component parameters (AddParameter): Name = "Case\/Package"; Value = "0603"; VariantName = "[No Variations]"
Change component parameters (AddParameter): Name = "Composition"; Value = "ThickFilm"; VariantName = "[No Variations]"
Change component parameters (AddParameter): Name = "Contact Plating"; Value = "Tin"; VariantName = "[No Variations]"
Change component parameters (AddParameter): Name = "Datasheet URL"; Value = "https://industrial.panasonic.com/cdbs/www-data/pdf/RDA0000/AOA0000C304.pdf"; VariantName = "[No Variations]"
Change component parameters (AddParameter): Name = "Datasheet Version"; Value = "02/2017"; VariantName = "[No Variations]"
Change component parameters (AddParameter): Name = "Depth"; Value = "0.8mm"; VariantName = "[No Variations]"
Change component parameters (AddParameter): Name = "Height"; Value = "0.45mm"; VariantName = "[No Variations]"
Change component parameters (AddParameter): Name = "Lead Free"; Value = "LeadFree"; VariantName = "[No Variations]"
Change component parameters (AddParameter): Name = "Length"; Value = "1.6mm"; VariantName = "[No Variations]"
Change component parameters (AddParameter): Name = "Manufacturer"; Value = "Panasonic"; VariantName = "[No Variations]"
Change component parameters (AddParameter): Name = "Manufacturer URL"; Value = "http://www.panasonic.com/"; VariantName = "[No Variations]"
Change component parameters (AddParameter): Name = "Max Operating Temperature"; Value = "155degC"; VariantName = "[No Variations]"
Change component parameters (AddParameter): Name = "Max Power Dissipation"; Value = "100mW"; VariantName = "[No Variations]"
Change component parameters (AddParameter): Name = "Military Standard"; Value = "Not"; VariantName = "[No Variations]"
Change component parameters (AddParameter): Name = "Min Operating Temperature"; Value = "-55degC"; VariantName = "[No Variations]"
Change component parameters (AddParameter): Name = "Mount"; Value = "SurfaceMount"; VariantName = "[No Variations]"
Change component parameters (AddParameter): Name = "Mounting Technology"; Value = "SurfaceMount"; VariantName = "[No Variations]"
Change component parameters (AddParameter): Name = "Number of Pins"; Value = "2"; VariantName = "[No Variations]"
Change component parameters (AddParameter): Name = "Number of Terminations"; Value = "2"; VariantName = "[No Variations]"
Change component parameters (AddParameter): Name = "Package Description"; Value = "2-Pin Surface Mount Device, Body 1.6 x 0.85 mm"; VariantName = "[No Variations]"
Change component parameters (AddParameter): Name = "Package Quantity"; Value = "1"; VariantName = "[No Variations]"
Change component parameters (AddParameter): Name = "Package Reference"; Value = "603"; VariantName = "[No Variations]"
Change component parameters (AddParameter): Name = "Packaging"; Value = "TapeandReel"; VariantName = "[No Variations]"
Change component parameters (AddParameter): Name = "Power"; Value = "0.1 W"; VariantName = "[No Variations]"
Change component parameters (AddParameter): Name = "Power Rating"; Value = "100mW"; VariantName = "[No Variations]"
Change component parameters (AddParameter): Name = "Radiation Hardening"; Value = "No"; VariantName = "[No Variations]"
Change component parameters (AddParameter): Name = "REACH SVHC"; Value = "NoSVHC"; VariantName = "[No Variations]"
Change component parameters (AddParameter): Name = "Resistance"; Value = "10KOhm"; VariantName = "[No Variations]"
Change component parameters (AddParameter): Name = "RoHSCompliant"; Value = "true"; VariantName = "[No Variations]"
Change component parameters (AddParameter): Name = "Technology"; Value = "SMT"; VariantName = "[No Variations]"
Change component parameters (AddParameter): Name = "Temperature Coefficient"; Value = "100ppm\/degreesC"; VariantName = "[No Variations]"
Change component parameters (AddParameter): Name = "Termination"; Value = "SMD/SMT"; VariantName = "[No Variations]"
Change component parameters (AddParameter): Name = "Tolerance"; Value = "1%"; VariantName = "[No Variations]"
Change component parameters (AddParameter): Name = "Value"; Value = "10000.00 Ohm"; VariantName = "[No Variations]"
Change component parameters (AddParameter): Name = "Voltage Rating"; Value = "75V"; VariantName = "[No Variations]"
Change component parameters (AddParameter): Name = "Voltage Rating (DC)"; Value = "75V"; VariantName = "[No Variations]"
Change component parameters (AddParameter): Name = "Width"; Value = "0.031inch"; VariantName = "[No Variations]"
Change component parameters: Designator = "R49" ("R49"); Footprint = "RESC0603(1608)_N"; UniqueID = "\LSAMGMGI\CPNHKWFE" ("\LSAMGMGI\CPNHKWFE")
Change component parameters (AddParameter): Name = "Case Code (Imperial)"; Value = "0603"; VariantName = "[No Variations]"
Change component parameters (AddParameter): Name = "Case Code (Metric)"; Value = "1608"; VariantName = "[No Variations]"
Change component parameters (AddParameter): Name = "Case-EIA"; Value = "0603"; VariantName = "[No Variations]"
Change component parameters (AddParameter): Name = "Case-Metric"; Value = "1608"; VariantName = "[No Variations]"
Change component parameters (AddParameter): Name = "Case\/Package"; Value = "0603"; VariantName = "[No Variations]"
Change component parameters (AddParameter): Name = "Composition"; Value = "ThickFilm"; VariantName = "[No Variations]"
Change component parameters (AddParameter): Name = "Contact Plating"; Value = "Tin"; VariantName = "[No Variations]"
Change component parameters (AddParameter): Name = "Datasheet URL"; Value = "https://industrial.panasonic.com/cdbs/www-data/pdf/RDA0000/AOA0000C304.pdf"; VariantName = "[No Variations]"
Change component parameters (AddParameter): Name = "Datasheet Version"; Value = "02/2017"; VariantName = "[No Variations]"
Change component parameters (AddParameter): Name = "Depth"; Value = "0.8mm"; VariantName = "[No Variations]"
Change component parameters (AddParameter): Name = "Height"; Value = "0.45mm"; VariantName = "[No Variations]"
Change component parameters (AddParameter): Name = "Lead Free"; Value = "LeadFree"; VariantName = "[No Variations]"
Change component parameters (AddParameter): Name = "Length"; Value = "1.6mm"; VariantName = "[No Variations]"
Change component parameters (AddParameter): Name = "Manufacturer"; Value = "Panasonic"; VariantName = "[No Variations]"
Change component parameters (AddParameter): Name = "Manufacturer URL"; Value = "http://www.panasonic.com/"; VariantName = "[No Variations]"
Change component parameters (AddParameter): Name = "Max Operating Temperature"; Value = "155degC"; VariantName = "[No Variations]"
Change component parameters (AddParameter): Name = "Max Power Dissipation"; Value = "100mW"; VariantName = "[No Variations]"
Change component parameters (AddParameter): Name = "Military Standard"; Value = "Not"; VariantName = "[No Variations]"
Change component parameters (AddParameter): Name = "Min Operating Temperature"; Value = "-55degC"; VariantName = "[No Variations]"
Change component parameters (AddParameter): Name = "Mount"; Value = "SurfaceMount"; VariantName = "[No Variations]"
Change component parameters (AddParameter): Name = "Mounting Technology"; Value = "SurfaceMount"; VariantName = "[No Variations]"
Change component parameters (AddParameter): Name = "Number of Pins"; Value = "2"; VariantName = "[No Variations]"
Change component parameters (AddParameter): Name = "Number of Terminations"; Value = "2"; VariantName = "[No Variations]"
Change component parameters (AddParameter): Name = "Package Description"; Value = "2-Pin Surface Mount Device, Body 1.6 x 0.85 mm"; VariantName = "[No Variations]"
Change component parameters (AddParameter): Name = "Package Quantity"; Value = "1"; VariantName = "[No Variations]"
Change component parameters (AddParameter): Name = "Package Reference"; Value = "603"; VariantName = "[No Variations]"
Change component parameters (AddParameter): Name = "Packaging"; Value = "TapeandReel"; VariantName = "[No Variations]"
Change component parameters (AddParameter): Name = "Power"; Value = "0.1 W"; VariantName = "[No Variations]"
Change component parameters (AddParameter): Name = "Power Rating"; Value = "100mW"; VariantName = "[No Variations]"
Change component parameters (AddParameter): Name = "Radiation Hardening"; Value = "No"; VariantName = "[No Variations]"
Change component parameters (AddParameter): Name = "REACH SVHC"; Value = "NoSVHC"; VariantName = "[No Variations]"
Change component parameters (AddParameter): Name = "Resistance"; Value = "10KOhm"; VariantName = "[No Variations]"
Change component parameters (AddParameter): Name = "RoHSCompliant"; Value = "true"; VariantName = "[No Variations]"
Change component parameters (AddParameter): Name = "Technology"; Value = "SMT"; VariantName = "[No Variations]"
Change component parameters (AddParameter): Name = "Temperature Coefficient"; Value = "100ppm\/degreesC"; VariantName = "[No Variations]"
Change component parameters (AddParameter): Name = "Termination"; Value = "SMD/SMT"; VariantName = "[No Variations]"
Change component parameters (AddParameter): Name = "Tolerance"; Value = "1%"; VariantName = "[No Variations]"
Change component parameters (AddParameter): Name = "Value"; Value = "10000.00 Ohm"; VariantName = "[No Variations]"
Change component parameters (AddParameter): Name = "Voltage Rating"; Value = "75V"; VariantName = "[No Variations]"
Change component parameters (AddParameter): Name = "Voltage Rating (DC)"; Value = "75V"; VariantName = "[No Variations]"
Change component parameters (AddParameter): Name = "Width"; Value = "0.031inch"; VariantName = "[No Variations]"
Change component parameters: Designator = "R50" ("R50"); Footprint = "RESC0603(1608)_N"; UniqueID = "\LSAMGMGI\PMOWIQZP" ("\LSAMGMGI\PMOWIQZP")
Change component parameters (AddParameter): Name = "Case Code (Imperial)"; Value = "0603"; VariantName = "[No Variations]"
Change component parameters (AddParameter): Name = "Case Code (Metric)"; Value = "1608"; VariantName = "[No Variations]"
Change component parameters (AddParameter): Name = "Case-EIA"; Value = "0603"; VariantName = "[No Variations]"
Change component parameters (AddParameter): Name = "Case-Metric"; Value = "1608"; VariantName = "[No Variations]"
Change component parameters (AddParameter): Name = "Case\/Package"; Value = "0603"; VariantName = "[No Variations]"
Change component parameters (AddParameter): Name = "Composition"; Value = "ThickFilm"; VariantName = "[No Variations]"
Change component parameters (AddParameter): Name = "Contact Plating"; Value = "Tin"; VariantName = "[No Variations]"
Change component parameters (AddParameter): Name = "Datasheet URL"; Value = "https://industrial.panasonic.com/cdbs/www-data/pdf/RDA0000/AOA0000C304.pdf"; VariantName = "[No Variations]"
Change component parameters (AddParameter): Name = "Datasheet Version"; Value = "02/2017"; VariantName = "[No Variations]"
Change component parameters (AddParameter): Name = "Depth"; Value = "0.8mm"; VariantName = "[No Variations]"
Change component parameters (AddParameter): Name = "Height"; Value = "0.45mm"; VariantName = "[No Variations]"
Change component parameters (AddParameter): Name = "Lead Free"; Value = "LeadFree"; VariantName = "[No Variations]"
Change component parameters (AddParameter): Name = "Length"; Value = "1.6mm"; VariantName = "[No Variations]"
Change component parameters (AddParameter): Name = "Manufacturer"; Value = "Panasonic"; VariantName = "[No Variations]"
Change component parameters (AddParameter): Name = "Manufacturer URL"; Value = "http://www.panasonic.com/"; VariantName = "[No Variations]"
Change component parameters (AddParameter): Name = "Max Operating Temperature"; Value = "155degC"; VariantName = "[No Variations]"
Change component parameters (AddParameter): Name = "Max Power Dissipation"; Value = "100mW"; VariantName = "[No Variations]"
Change component parameters (AddParameter): Name = "Military Standard"; Value = "Not"; VariantName = "[No Variations]"
Change component parameters (AddParameter): Name = "Min Operating Temperature"; Value = "-55degC"; VariantName = "[No Variations]"
Change component parameters (AddParameter): Name = "Mount"; Value = "SurfaceMount"; VariantName = "[No Variations]"
Change component parameters (AddParameter): Name = "Mounting Technology"; Value = "SurfaceMount"; VariantName = "[No Variations]"
Change component parameters (AddParameter): Name = "Number of Pins"; Value = "2"; VariantName = "[No Variations]"
Change component parameters (AddParameter): Name = "Number of Terminations"; Value = "2"; VariantName = "[No Variations]"
Change component parameters (AddParameter): Name = "Package Description"; Value = "2-Pin Surface Mount Device, Body 1.6 x 0.85 mm"; VariantName = "[No Variations]"
Change component parameters (AddParameter): Name = "Package Quantity"; Value = "1"; VariantName = "[No Variations]"
Change component parameters (AddParameter): Name = "Package Reference"; Value = "603"; VariantName = "[No Variations]"
Change component parameters (AddParameter): Name = "Packaging"; Value = "TapeandReel"; VariantName = "[No Variations]"
Change component parameters (AddParameter): Name = "Power"; Value = "0.1 W"; VariantName = "[No Variations]"
Change component parameters (AddParameter): Name = "Power Rating"; Value = "100mW"; VariantName = "[No Variations]"
Change component parameters (AddParameter): Name = "Radiation Hardening"; Value = "No"; VariantName = "[No Variations]"
Change component parameters (AddParameter): Name = "REACH SVHC"; Value = "NoSVHC"; VariantName = "[No Variations]"
Change component parameters (AddParameter): Name = "Resistance"; Value = "10KOhm"; VariantName = "[No Variations]"
Change component parameters (AddParameter): Name = "RoHSCompliant"; Value = "true"; VariantName = "[No Variations]"
Change component parameters (AddParameter): Name = "Technology"; Value = "SMT"; VariantName = "[No Variations]"
Change component parameters (AddParameter): Name = "Temperature Coefficient"; Value = "100ppm\/degreesC"; VariantName = "[No Variations]"
Change component parameters (AddParameter): Name = "Termination"; Value = "SMD/SMT"; VariantName = "[No Variations]"
Change component parameters (AddParameter): Name = "Tolerance"; Value = "1%"; VariantName = "[No Variations]"
Change component parameters (AddParameter): Name = "Value"; Value = "10000.00 Ohm"; VariantName = "[No Variations]"
Change component parameters (AddParameter): Name = "Voltage Rating"; Value = "75V"; VariantName = "[No Variations]"
Change component parameters (AddParameter): Name = "Voltage Rating (DC)"; Value = "75V"; VariantName = "[No Variations]"
Change component parameters (AddParameter): Name = "Width"; Value = "0.031inch"; VariantName = "[No Variations]"
Change component parameters: Designator = "R51" ("R51"); Footprint = "RESC0603(1608)_N"; UniqueID = "\LSAMGMGI\IDHASYJQ" ("\LSAMGMGI\IDHASYJQ")
Change component parameters (AddParameter): Name = "Case Code (Imperial)"; Value = "0603"; VariantName = "[No Variations]"
Change component parameters (AddParameter): Name = "Case Code (Metric)"; Value = "1608"; VariantName = "[No Variations]"
Change component parameters (AddParameter): Name = "Case-EIA"; Value = "0603"; VariantName = "[No Variations]"
Change component parameters (AddParameter): Name = "Case-Metric"; Value = "1608"; VariantName = "[No Variations]"
Change component parameters (AddParameter): Name = "Case\/Package"; Value = "0603"; VariantName = "[No Variations]"
Change component parameters (AddParameter): Name = "Composition"; Value = "ThickFilm"; VariantName = "[No Variations]"
Change component parameters (AddParameter): Name = "Contact Plating"; Value = "Tin"; VariantName = "[No Variations]"
Change component parameters (AddParameter): Name = "Datasheet URL"; Value = "https://industrial.panasonic.com/cdbs/www-data/pdf/RDA0000/AOA0000C304.pdf"; VariantName = "[No Variations]"
Change component parameters (AddParameter): Name = "Datasheet Version"; Value = "02/2017"; VariantName = "[No Variations]"
Change component parameters (AddParameter): Name = "Depth"; Value = "0.8mm"; VariantName = "[No Variations]"
Change component parameters (AddParameter): Name = "Height"; Value = "0.45mm"; VariantName = "[No Variations]"
Change component parameters (AddParameter): Name = "Lead Free"; Value = "LeadFree"; VariantName = "[No Variations]"
Change component parameters (AddParameter): Name = "Length"; Value = "1.6mm"; VariantName = "[No Variations]"
Change component parameters (AddParameter): Name = "Manufacturer"; Value = "Panasonic"; VariantName = "[No Variations]"
Change component parameters (AddParameter): Name = "Manufacturer URL"; Value = "http://www.panasonic.com/"; VariantName = "[No Variations]"
Change component parameters (AddParameter): Name = "Max Operating Temperature"; Value = "155degC"; VariantName = "[No Variations]"
Change component parameters (AddParameter): Name = "Max Power Dissipation"; Value = "100mW"; VariantName = "[No Variations]"
Change component parameters (AddParameter): Name = "Military Standard"; Value = "Not"; VariantName = "[No Variations]"
Change component parameters (AddParameter): Name = "Min Operating Temperature"; Value = "-55degC"; VariantName = "[No Variations]"
Change component parameters (AddParameter): Name = "Mount"; Value = "SurfaceMount"; VariantName = "[No Variations]"
Change component parameters (AddParameter): Name = "Mounting Technology"; Value = "SurfaceMount"; VariantName = "[No Variations]"
Change component parameters (AddParameter): Name = "Number of Pins"; Value = "2"; VariantName = "[No Variations]"
Change component parameters (AddParameter): Name = "Number of Terminations"; Value = "2"; VariantName = "[No Variations]"
Change component parameters (AddParameter): Name = "Package Description"; Value = "2-Pin Surface Mount Device, Body 1.6 x 0.85 mm"; VariantName = "[No Variations]"
Change component parameters (AddParameter): Name = "Package Quantity"; Value = "1"; VariantName = "[No Variations]"
Change component parameters (AddParameter): Name = "Package Reference"; Value = "603"; VariantName = "[No Variations]"
Change component parameters (AddParameter): Name = "Packaging"; Value = "TapeandReel"; VariantName = "[No Variations]"
Change component parameters (AddParameter): Name = "Power"; Value = "0.1 W"; VariantName = "[No Variations]"
Change component parameters (AddParameter): Name = "Power Rating"; Value = "100mW"; VariantName = "[No Variations]"
Change component parameters (AddParameter): Name = "Radiation Hardening"; Value = "No"; VariantName = "[No Variations]"
Change component parameters (AddParameter): Name = "REACH SVHC"; Value = "NoSVHC"; VariantName = "[No Variations]"
Change component parameters (AddParameter): Name = "Resistance"; Value = "10KOhm"; VariantName = "[No Variations]"
Change component parameters (AddParameter): Name = "RoHSCompliant"; Value = "true"; VariantName = "[No Variations]"
Change component parameters (AddParameter): Name = "Technology"; Value = "SMT"; VariantName = "[No Variations]"
Change component parameters (AddParameter): Name = "Temperature Coefficient"; Value = "100ppm\/degreesC"; VariantName = "[No Variations]"
Change component parameters (AddParameter): Name = "Termination"; Value = "SMD/SMT"; VariantName = "[No Variations]"
Change component parameters (AddParameter): Name = "Tolerance"; Value = "1%"; VariantName = "[No Variations]"
Change component parameters (AddParameter): Name = "Value"; Value = "10000.00 Ohm"; VariantName = "[No Variations]"
Change component parameters (AddParameter): Name = "Voltage Rating"; Value = "75V"; VariantName = "[No Variations]"
Change component parameters (AddParameter): Name = "Voltage Rating (DC)"; Value = "75V"; VariantName = "[No Variations]"
Change component parameters (AddParameter): Name = "Width"; Value = "0.031inch"; VariantName = "[No Variations]"
Change component parameters: Designator = "R52" ("R52"); Footprint = "RESC0603(1608)_N"; UniqueID = "\LSAMGMGI\QWNOJABR" ("\LSAMGMGI\QWNOJABR")
Change component parameters (AddParameter): Name = "Case Code (Imperial)"; Value = "0603"; VariantName = "[No Variations]"
Change component parameters (AddParameter): Name = "Case Code (Metric)"; Value = "1608"; VariantName = "[No Variations]"
Change component parameters (AddParameter): Name = "Case-EIA"; Value = "0603"; VariantName = "[No Variations]"
Change component parameters (AddParameter): Name = "Case-Metric"; Value = "1608"; VariantName = "[No Variations]"
Change component parameters (AddParameter): Name = "Case\/Package"; Value = "0603"; VariantName = "[No Variations]"
Change component parameters (AddParameter): Name = "Composition"; Value = "ThickFilm"; VariantName = "[No Variations]"
Change component parameters (AddParameter): Name = "Contact Plating"; Value = "Tin"; VariantName = "[No Variations]"
Change component parameters (AddParameter): Name = "Datasheet URL"; Value = "https://industrial.panasonic.com/cdbs/www-data/pdf/RDA0000/AOA0000C304.pdf"; VariantName = "[No Variations]"
Change component parameters (AddParameter): Name = "Datasheet Version"; Value = "02/2017"; VariantName = "[No Variations]"
Change component parameters (AddParameter): Name = "Depth"; Value = "0.8mm"; VariantName = "[No Variations]"
Change component parameters (AddParameter): Name = "Height"; Value = "0.45mm"; VariantName = "[No Variations]"
Change component parameters (AddParameter): Name = "Lead Free"; Value = "LeadFree"; VariantName = "[No Variations]"
Change component parameters (AddParameter): Name = "Length"; Value = "1.6mm"; VariantName = "[No Variations]"
Change component parameters (AddParameter): Name = "Manufacturer"; Value = "Panasonic"; VariantName = "[No Variations]"
Change component parameters (AddParameter): Name = "Manufacturer URL"; Value = "http://www.panasonic.com/"; VariantName = "[No Variations]"
Change component parameters (AddParameter): Name = "Max Operating Temperature"; Value = "155degC"; VariantName = "[No Variations]"
Change component parameters (AddParameter): Name = "Max Power Dissipation"; Value = "100mW"; VariantName = "[No Variations]"
Change component parameters (AddParameter): Name = "Military Standard"; Value = "Not"; VariantName = "[No Variations]"
Change component parameters (AddParameter): Name = "Min Operating Temperature"; Value = "-55degC"; VariantName = "[No Variations]"
Change component parameters (AddParameter): Name = "Mount"; Value = "SurfaceMount"; VariantName = "[No Variations]"
Change component parameters (AddParameter): Name = "Mounting Technology"; Value = "SurfaceMount"; VariantName = "[No Variations]"
Change component parameters (AddParameter): Name = "Number of Pins"; Value = "2"; VariantName = "[No Variations]"
Change component parameters (AddParameter): Name = "Number of Terminations"; Value = "2"; VariantName = "[No Variations]"
Change component parameters (AddParameter): Name = "Package Description"; Value = "2-Pin Surface Mount Device, Body 1.6 x 0.85 mm"; VariantName = "[No Variations]"
Change component parameters (AddParameter): Name = "Package Quantity"; Value = "1"; VariantName = "[No Variations]"
Change component parameters (AddParameter): Name = "Package Reference"; Value = "603"; VariantName = "[No Variations]"
Change component parameters (AddParameter): Name = "Packaging"; Value = "TapeandReel"; VariantName = "[No Variations]"
Change component parameters (AddParameter): Name = "Power"; Value = "0.1 W"; VariantName = "[No Variations]"
Change component parameters (AddParameter): Name = "Power Rating"; Value = "100mW"; VariantName = "[No Variations]"
Change component parameters (AddParameter): Name = "Radiation Hardening"; Value = "No"; VariantName = "[No Variations]"
Change component parameters (AddParameter): Name = "REACH SVHC"; Value = "NoSVHC"; VariantName = "[No Variations]"
Change component parameters (AddParameter): Name = "Resistance"; Value = "10KOhm"; VariantName = "[No Variations]"
Change component parameters (AddParameter): Name = "RoHSCompliant"; Value = "true"; VariantName = "[No Variations]"
Change component parameters (AddParameter): Name = "Technology"; Value = "SMT"; VariantName = "[No Variations]"
Change component parameters (AddParameter): Name = "Temperature Coefficient"; Value = "100ppm\/degreesC"; VariantName = "[No Variations]"
Change component parameters (AddParameter): Name = "Termination"; Value = "SMD/SMT"; VariantName = "[No Variations]"
Change component parameters (AddParameter): Name = "Tolerance"; Value = "1%"; VariantName = "[No Variations]"
Change component parameters (AddParameter): Name = "Value"; Value = "10000.00 Ohm"; VariantName = "[No Variations]"
Change component parameters (AddParameter): Name = "Voltage Rating"; Value = "75V"; VariantName = "[No Variations]"
Change component parameters (AddParameter): Name = "Voltage Rating (DC)"; Value = "75V"; VariantName = "[No Variations]"
Change component parameters (AddParameter): Name = "Width"; Value = "0.031inch"; VariantName = "[No Variations]"
Change component parameters: Designator = "R53" ("R53"); Footprint = "RESC0603(1608)_N"; UniqueID = "\LSAMGMGI\BMBBLFSX" ("\LSAMGMGI\BMBBLFSX")
Change component parameters (AddParameter): Name = "Case Code (Imperial)"; Value = "0603"; VariantName = "[No Variations]"
Change component parameters (AddParameter): Name = "Case Code (Metric)"; Value = "1608"; VariantName = "[No Variations]"
Change component parameters (AddParameter): Name = "Case-EIA"; Value = "0603"; VariantName = "[No Variations]"
Change component parameters (AddParameter): Name = "Case-Metric"; Value = "1608"; VariantName = "[No Variations]"
Change component parameters (AddParameter): Name = "Case\/Package"; Value = "0603"; VariantName = "[No Variations]"
Change component parameters (AddParameter): Name = "Composition"; Value = "ThickFilm"; VariantName = "[No Variations]"
Change component parameters (AddParameter): Name = "Contact Plating"; Value = "Tin"; VariantName = "[No Variations]"
Change component parameters (AddParameter): Name = "Datasheet URL"; Value = "https://industrial.panasonic.com/cdbs/www-data/pdf/RDA0000/AOA0000C304.pdf"; VariantName = "[No Variations]"
Change component parameters (AddParameter): Name = "Datasheet Version"; Value = "02/2017"; VariantName = "[No Variations]"
Change component parameters (AddParameter): Name = "Depth"; Value = "0.8mm"; VariantName = "[No Variations]"
Change component parameters (AddParameter): Name = "Height"; Value = "0.45mm"; VariantName = "[No Variations]"
Change component parameters (AddParameter): Name = "Lead Free"; Value = "LeadFree"; VariantName = "[No Variations]"
Change component parameters (AddParameter): Name = "Length"; Value = "1.6mm"; VariantName = "[No Variations]"
Change component parameters (AddParameter): Name = "Manufacturer"; Value = "Panasonic"; VariantName = "[No Variations]"
Change component parameters (AddParameter): Name = "Manufacturer URL"; Value = "http://www.panasonic.com/"; VariantName = "[No Variations]"
Change component parameters (AddParameter): Name = "Max Operating Temperature"; Value = "155degC"; VariantName = "[No Variations]"
Change component parameters (AddParameter): Name = "Max Power Dissipation"; Value = "100mW"; VariantName = "[No Variations]"
Change component parameters (AddParameter): Name = "Military Standard"; Value = "Not"; VariantName = "[No Variations]"
Change component parameters (AddParameter): Name = "Min Operating Temperature"; Value = "-55degC"; VariantName = "[No Variations]"
Change component parameters (AddParameter): Name = "Mount"; Value = "SurfaceMount"; VariantName = "[No Variations]"
Change component parameters (AddParameter): Name = "Mounting Technology"; Value = "SurfaceMount"; VariantName = "[No Variations]"
Change component parameters (AddParameter): Name = "Number of Pins"; Value = "2"; VariantName = "[No Variations]"
Change component parameters (AddParameter): Name = "Number of Terminations"; Value = "2"; VariantName = "[No Variations]"
Change component parameters (AddParameter): Name = "Package Description"; Value = "2-Pin Surface Mount Device, Body 1.6 x 0.85 mm"; VariantName = "[No Variations]"
Change component parameters (AddParameter): Name = "Package Quantity"; Value = "1"; VariantName = "[No Variations]"
Change component parameters (AddParameter): Name = "Package Reference"; Value = "603"; VariantName = "[No Variations]"
Change component parameters (AddParameter): Name = "Packaging"; Value = "TapeandReel"; VariantName = "[No Variations]"
Change component parameters (AddParameter): Name = "Power"; Value = "0.1 W"; VariantName = "[No Variations]"
Change component parameters (AddParameter): Name = "Power Rating"; Value = "100mW"; VariantName = "[No Variations]"
Change component parameters (AddParameter): Name = "Radiation Hardening"; Value = "No"; VariantName = "[No Variations]"
Change component parameters (AddParameter): Name = "REACH SVHC"; Value = "NoSVHC"; VariantName = "[No Variations]"
Change component parameters (AddParameter): Name = "Resistance"; Value = "10KOhm"; VariantName = "[No Variations]"
Change component parameters (AddParameter): Name = "RoHSCompliant"; Value = "true"; VariantName = "[No Variations]"
Change component parameters (AddParameter): Name = "Technology"; Value = "SMT"; VariantName = "[No Variations]"
Change component parameters (AddParameter): Name = "Temperature Coefficient"; Value = "100ppm\/degreesC"; VariantName = "[No Variations]"
Change component parameters (AddParameter): Name = "Termination"; Value = "SMD/SMT"; VariantName = "[No Variations]"
Change component parameters (AddParameter): Name = "Tolerance"; Value = "1%"; VariantName = "[No Variations]"
Change component parameters (AddParameter): Name = "Value"; Value = "10000.00 Ohm"; VariantName = "[No Variations]"
Change component parameters (AddParameter): Name = "Voltage Rating"; Value = "75V"; VariantName = "[No Variations]"
Change component parameters (AddParameter): Name = "Voltage Rating (DC)"; Value = "75V"; VariantName = "[No Variations]"
Change component parameters (AddParameter): Name = "Width"; Value = "0.031inch"; VariantName = "[No Variations]"
Added Pin To Net: NetName=LED3 Pin=J9-116
Added Pin To Net: NetName=LED2 Pin=J9-118
Added Pin To Net: NetName=dp_jtag_tdo Pin=J9-122
Added Pin To Net: NetName=LED1 Pin=J9-123
Added Pin To Net: NetName=dp_jtag_tms Pin=J9-124
Added Pin To Net: NetName=dp_jtag_trstn Pin=J9-125
Added Pin To Net: NetName=dp_jtag_tck Pin=J9-129
Added Pin To Net: NetName=dp_jtag_tdi Pin=J9-131
Added Pin To Net: NetName=SDA0 Pin=R48-2
Added Pin To Net: NetName=SDA1 Pin=R53-2
Added Pin To Net: NetName=NetJ8_81 Pin=J8-81
Added Net: Name=NetJ8_81
Added Pin To Net: NetName=NetJ8_82 Pin=J8-82
Added Net: Name=NetJ8_82
Added Pin To Net: NetName=NetJ8_85 Pin=J8-85
Added Net: Name=NetJ8_85
Added Pin To Net: NetName=NetJ8_86 Pin=J8-86
Added Net: Name=NetJ8_86
Added Pin To Net: NetName=NetJ8_87 Pin=J8-87
Added Net: Name=NetJ8_87
Added Pin To Net: NetName=NetJ8_88 Pin=J8-88
Added Net: Name=NetJ8_88
Added Pin To Net: NetName=NetJ8_89 Pin=J8-89
Added Net: Name=NetJ8_89
Added Pin To Net: NetName=NetJ8_90 Pin=J8-90
Added Net: Name=NetJ8_90
Added Pin To Net: NetName=NetJ9_128 Pin=J9-128
Added Net: Name=NetJ9_128
Added Pin To Net: NetName=NetJ9_130 Pin=J9-130
Added Net: Name=NetJ9_130
