Removed Pin From Net: NetName=tpiu_trace_swo Pin=R?-1
Removed Pin From Net: NetName=tpiu_trace_swo Pin=R?-2
Removed Pin From Net: NetName=tlx_rev_payload_tdata13 Pin=U?-V1
Removed Pin From Net: NetName=tlx_rev_payload_tdata12 Pin=U?-V2
Removed Pin From Net: NetName=tlx_rev_payload_tdata11 Pin=U?-V3
Removed Pin From Net: NetName=GND Pin=U?-V4
Removed Pin From Net: NetName=GND Pin=U?-V23
Removed Pin From Net: NetName=tlx_fwd_payload_tdata26 Pin=U?-V24
Removed Pin From Net: NetName=tlx_fwd_payload_tdata28 Pin=U?-V25
Removed Pin From Net: NetName=tlx_fwd_payload_tdata27 Pin=U?-V26
Removed Pin From Net: NetName=0V8 Pin=U?-W1
Removed Pin From Net: NetName=tlx_rev_payload_tdata10 Pin=U?-W2
Removed Pin From Net: NetName=tlx_rev_payload_tdata9 Pin=U?-W3
Removed Pin From Net: NetName=tlx_rev_payload_tdata8 Pin=U?-W4
Removed Pin From Net: NetName=tlx_fwd_payload_tdata23 Pin=U?-W23
Removed Pin From Net: NetName=tlx_fwd_payload_tdata24 Pin=U?-W24
Removed Pin From Net: NetName=tlx_fwd_payload_tdata25 Pin=U?-W25
Removed Pin From Net: NetName=0V8 Pin=U?-W26
Removed Pin From Net: NetName=tlx_rev_payload_tdata7 Pin=U?-Y1
Removed Pin From Net: NetName=tlx_rev_payload_tdata6 Pin=U?-Y2
Removed Pin From Net: NetName=GND Pin=U?-Y3
Removed Pin From Net: NetName=tlx_rev_payload_tdata5 Pin=U?-Y4
Removed Pin From Net: NetName=tlx_fwd_payload_tdata20 Pin=U?-Y23
Removed Pin From Net: NetName=GND Pin=U?-Y24
Removed Pin From Net: NetName=tlx_fwd_payload_tdata21 Pin=U?-Y25
Removed Pin From Net: NetName=tlx_fwd_payload_tdata22 Pin=U?-Y26
Removed Member From Class: ClassName=U_Power_subsystem Member=B?
Removed Member From Class: ClassName=U_Ref_CLK Member=J?
Removed Member From Class: ClassName=Top Member=R?
Change Component Designator: OldDesignator=B? NewDesignator=B1
Change Component Designator: OldDesignator=B? NewDesignator=B2
Change Component Designator: OldDesignator=B? NewDesignator=B3
Change Component Designator: OldDesignator=J? NewDesignator=J4
Change Component Designator: OldDesignator=J? NewDesignator=J5
Change Component Designator: OldDesignator=J? NewDesignator=J6
Change Component Designator: OldDesignator=J? NewDesignator=J7
Change Component Designator: OldDesignator=J? NewDesignator=J13
Change Component Designator: OldDesignator=J? NewDesignator=J14
Change Component Designator: OldDesignator=R? NewDesignator=R39
Change Component Designator: OldDesignator=R? NewDesignator=R40
Change Component Designator: OldDesignator=S? NewDesignator=S1
Change Component Designator: OldDesignator=S? NewDesignator=S2
Change Component Designator: OldDesignator=SW? NewDesignator=SW2
Change Component Designator: OldDesignator=U? NewDesignator=U1
Added Pin To Net: NetName=CGRA_CLK0_N Pin=R40-1
Added Pin To Net: NetName=0V8 Pin=U1-A2
Added Pin To Net: NetName=tlx_rev_flow_tdata2 Pin=U1-A3
Added Pin To Net: NetName=ext_dump_start Pin=U1-A4
Added Pin To Net: NetName=GND Pin=U1-A5
Added Pin To Net: NetName=1V8 Pin=U1-A6
Added Pin To Net: NetName=jtag_intf_i_phy_tdo Pin=U1-A7
Added Pin To Net: NetName=0V8 Pin=U1-A8
Added Pin To Net: NetName=jtag_intf_i_phy_tck Pin=U1-A9
Added Pin To Net: NetName=GND Pin=U1-A10
Added Pin To Net: NetName=GND Pin=U1-A13
Added Pin To Net: NetName=GND Pin=U1-A14
Added Pin To Net: NetName=GND Pin=U1-A17
Added Pin To Net: NetName=0V8 Pin=U1-A19
Added Pin To Net: NetName=1V8 Pin=U1-A21
Added Pin To Net: NetName=GND Pin=U1-A22
Added Pin To Net: NetName=0V8 Pin=U1-A25
Added Pin To Net: NetName=1V8 Pin=U1-AA1
Added Pin To Net: NetName=tlx_rev_payload_tdata4 Pin=U1-AA2
Added Pin To Net: NetName=0V8 Pin=U1-AA3
Added Pin To Net: NetName=tlx_rev_payload_tdata3 Pin=U1-AA4
Added Pin To Net: NetName=0V8 Pin=U1-AA6
Added Pin To Net: NetName=0V8 Pin=U1-AA7
Added Pin To Net: NetName=0V8 Pin=U1-AA8
Added Pin To Net: NetName=0V8 Pin=U1-AA9
Added Pin To Net: NetName=0V8 Pin=U1-AA10
Added Pin To Net: NetName=0V8 Pin=U1-AA17
Added Pin To Net: NetName=0V8 Pin=U1-AA18
Added Pin To Net: NetName=0V8 Pin=U1-AA19
Added Pin To Net: NetName=0V8 Pin=U1-AA20
Added Pin To Net: NetName=0V8 Pin=U1-AA21
Added Pin To Net: NetName=tlx_fwd_payload_tdata18 Pin=U1-AA23
Added Pin To Net: NetName=0V8 Pin=U1-AA24
Added Pin To Net: NetName=tlx_fwd_payload_tdata19 Pin=U1-AA25
Added Pin To Net: NetName=1V8 Pin=U1-AA26
Added Pin To Net: NetName=GND Pin=U1-AB1
Added Pin To Net: NetName=tlx_rev_payload_tdata2 Pin=U1-AB2
Added Pin To Net: NetName=tlx_rev_payload_tdata1 Pin=U1-AB3
Added Pin To Net: NetName=uart1_txd Pin=U1-AB4
Added Pin To Net: NetName=GND Pin=U1-AB5
Added Pin To Net: NetName=tpiu_trace_data1 Pin=U1-AB6
Added Pin To Net: NetName=tlx_fwd_payload_tdata14 Pin=U1-AB7
Added Pin To Net: NetName=0V8 Pin=U1-AB11
Added Pin To Net: NetName=tlx_rev_payload_tdata75 Pin=U1-AB13
Added Pin To Net: NetName=0V8 Pin=U1-AB16
Added Pin To Net: NetName=tlx_rev_payload_tdata53 Pin=U1-AB21
Added Pin To Net: NetName=GND Pin=U1-AB22
Added Pin To Net: NetName=tlx_rev_payload_tdata46 Pin=U1-AB23
Added Pin To Net: NetName=tlx_fwd_payload_tdata16 Pin=U1-AB24
Added Pin To Net: NetName=tlx_fwd_payload_tdata17 Pin=U1-AB25
Added Pin To Net: NetName=GND Pin=U1-AB26
Added Pin To Net: NetName=tlx_rev_payload_tdata0 Pin=U1-AC1
Added Pin To Net: NetName=tlx_rev_payload_tready Pin=U1-AC2
Added Pin To Net: NetName=tlx_rev_payload_tvalid Pin=U1-AC3
Added Pin To Net: NetName=GND Pin=U1-AC4
Added Pin To Net: NetName=tpiu_trace_swo Pin=U1-AC5
Added Pin To Net: NetName=tpiu_trace_data0 Pin=U1-AC6
Added Pin To Net: NetName=tlx_fwd_payload_tdata13 Pin=U1-AC7
Added Pin To Net: NetName=tlx_fwd_payload_tdata10 Pin=U1-AC8
Added Pin To Net: NetName=GND Pin=U1-AC9
Added Pin To Net: NetName=tlx_fwd_payload_tdata2 Pin=U1-AC10
Added Pin To Net: NetName=tlx_fwd_payload_tdata0 Pin=U1-AC11
Added Pin To Net: NetName=tlx_rev_payload_tdata78 Pin=U1-AC12
Added Pin To Net: NetName=tlx_rev_payload_tdata76 Pin=U1-AC13
Added Pin To Net: NetName=tlx_rev_payload_tdata74 Pin=U1-AC14
Added Pin To Net: NetName=tlx_rev_payload_tdata72 Pin=U1-AC15
Added Pin To Net: NetName=tlx_rev_payload_tdata70 Pin=U1-AC16
Added Pin To Net: NetName=tlx_rev_payload_tdata68 Pin=U1-AC17
Added Pin To Net: NetName=GND Pin=U1-AC18
Added Pin To Net: NetName=tlx_rev_payload_tdata62 Pin=U1-AC19
Added Pin To Net: NetName=tlx_rev_payload_tdata59 Pin=U1-AC20
Added Pin To Net: NetName=tlx_rev_payload_tdata54 Pin=U1-AC21
Added Pin To Net: NetName=tlx_rev_payload_tdata50 Pin=U1-AC22
Added Pin To Net: NetName=GND Pin=U1-AC23
Added Pin To Net: NetName=tlx_rev_payload_tdata45 Pin=U1-AC24
Added Pin To Net: NetName=tlx_fwd_payload_tvalid Pin=U1-AC25
Added Pin To Net: NetName=tlx_fwd_payload_tready Pin=U1-AC26
Added Pin To Net: NetName=tlx_rev_clk Pin=U1-AD1
Added Pin To Net: NetName=GND Pin=U1-AD2
Added Pin To Net: NetName=1V8 Pin=U1-AD3
Added Pin To Net: NetName=uart0_txd Pin=U1-AD4
Added Pin To Net: NetName=tpiu_trace_data3 Pin=U1-AD5
Added Pin To Net: NetName=0V8 Pin=U1-AD6
Added Pin To Net: NetName=GND Pin=U1-AD7
Added Pin To Net: NetName=tlx_fwd_payload_tdata8 Pin=U1-AD8
Added Pin To Net: NetName=tlx_fwd_payload_tdata7 Pin=U1-AD9
Added Pin To Net: NetName=tlx_fwd_payload_tdata4 Pin=U1-AD10
Added Pin To Net: NetName=1V8 Pin=U1-AD11
Added Pin To Net: NetName=1V8 Pin=U1-AD12
Added Pin To Net: NetName=0V8 Pin=U1-AD13
Added Pin To Net: NetName=0V8 Pin=U1-AD14
Added Pin To Net: NetName=1V8 Pin=U1-AD15
Added Pin To Net: NetName=1V8 Pin=U1-AD16
Added Pin To Net: NetName=tlx_rev_payload_tdata65 Pin=U1-AD17
Added Pin To Net: NetName=tlx_rev_payload_tdata61 Pin=U1-AD18
Added Pin To Net: NetName=tlx_rev_payload_tdata56 Pin=U1-AD19
Added Pin To Net: NetName=GND Pin=U1-AD20
Added Pin To Net: NetName=0V8 Pin=U1-AD21
Added Pin To Net: NetName=tlx_rev_payload_tdata51 Pin=U1-AD22
Added Pin To Net: NetName=tlx_rev_payload_tdata47 Pin=U1-AD23
Added Pin To Net: NetName=1V8 Pin=U1-AD24
Added Pin To Net: NetName=GND Pin=U1-AD25
Added Pin To Net: NetName=tlx_fwd_clk Pin=U1-AD26
Added Pin To Net: NetName=0V8 Pin=U1-AE1
Added Pin To Net: NetName=1V8 Pin=U1-AE2
Added Pin To Net: NetName=uart0_rxd Pin=U1-AE4
Added Pin To Net: NetName=tpiu_trace_data2 Pin=U1-AE5
Added Pin To Net: NetName=tlx_fwd_payload_tdata15 Pin=U1-AE6
Added Pin To Net: NetName=tlx_fwd_payload_tdata11 Pin=U1-AE7
Added Pin To Net: NetName=tlx_fwd_payload_tdata9 Pin=U1-AE8
Added Pin To Net: NetName=tlx_fwd_payload_tdata5 Pin=U1-AE9
Added Pin To Net: NetName=tlx_fwd_payload_tdata3 Pin=U1-AE10
Added Pin To Net: NetName=tlx_rev_payload_tdata87 Pin=U1-AE13
Added Pin To Net: NetName=tlx_rev_payload_tdata73 Pin=U1-AE14
Added Pin To Net: NetName=GND Pin=U1-AE15
Added Pin To Net: NetName=GND Pin=U1-AE16
Added Pin To Net: NetName=tlx_rev_payload_tdata67 Pin=U1-AE17
Added Pin To Net: NetName=tlx_rev_payload_tdata64 Pin=U1-AE18
Added Pin To Net: NetName=tlx_rev_payload_tdata60 Pin=U1-AE19
Added Pin To Net: NetName=tlx_rev_payload_tdata58 Pin=U1-AE20
Added Pin To Net: NetName=tlx_rev_payload_tdata55 Pin=U1-AE21
Added Pin To Net: NetName=tlx_rev_payload_tdata52 Pin=U1-AE22
Added Pin To Net: NetName=tlx_rev_payload_tdata48 Pin=U1-AE23
Added Pin To Net: NetName=GND Pin=U1-AE24
Added Pin To Net: NetName=1V8 Pin=U1-AE25
Added Pin To Net: NetName=0V8 Pin=U1-AE26
Added Pin To Net: NetName=0V8 Pin=U1-AF2
Added Pin To Net: NetName=uart1_rxd Pin=U1-AF3
Added Pin To Net: NetName=tpiu_trace_clk Pin=U1-AF4
Added Pin To Net: NetName=1V8 Pin=U1-AF6
Added Pin To Net: NetName=tlx_fwd_payload_tdata12 Pin=U1-AF7
Added Pin To Net: NetName=0V8 Pin=U1-AF8
Added Pin To Net: NetName=tlx_fwd_payload_tdata6 Pin=U1-AF9
Added Pin To Net: NetName=tlx_fwd_payload_tdata1 Pin=U1-AF11
Added Pin To Net: NetName=tlx_rev_payload_tdata79 Pin=U1-AF12
Added Pin To Net: NetName=GND Pin=U1-AF14
Added Pin To Net: NetName=tlx_rev_payload_tdata71 Pin=U1-AF15
Added Pin To Net: NetName=tlx_rev_payload_tdata69 Pin=U1-AF16
Added Pin To Net: NetName=GND Pin=U1-AF17
Added Pin To Net: NetName=tlx_rev_payload_tdata63 Pin=U1-AF18
Added Pin To Net: NetName=0V8 Pin=U1-AF19
Added Pin To Net: NetName=tlx_rev_payload_tdata57 Pin=U1-AF20
Added Pin To Net: NetName=1V8 Pin=U1-AF21
Added Pin To Net: NetName=GND Pin=U1-AF22
Added Pin To Net: NetName=tlx_rev_payload_tdata49 Pin=U1-AF23
Added Pin To Net: NetName=0V8 Pin=U1-AF25
Added Pin To Net: NetName=0V8 Pin=U1-B1
Added Pin To Net: NetName=1V8 Pin=U1-B2
Added Pin To Net: NetName=GND Pin=U1-B3
Added Pin To Net: NetName=ramp_clock Pin=U1-B4
Added Pin To Net: NetName=ext_rstb Pin=U1-B5
Added Pin To Net: NetName=jtag_intf_i_phy_trst_n Pin=U1-B6
Added Pin To Net: NetName=jtag_intf_i_phy_tms Pin=U1-B7
Added Pin To Net: NetName=jtag_intf_i_phy_tdi Pin=U1-B8
Added Pin To Net: NetName=GND Pin=U1-B11
Added Pin To Net: NetName=GND Pin=U1-B12
Added Pin To Net: NetName=GND Pin=U1-B15
Added Pin To Net: NetName=GND Pin=U1-B16
Added Pin To Net: NetName=GND Pin=U1-B24
Added Pin To Net: NetName=1V8 Pin=U1-B25
Added Pin To Net: NetName=0V8 Pin=U1-B26
Added Pin To Net: NetName=tlx_rev_flow_tdata0 Pin=U1-C1
Added Pin To Net: NetName=GND Pin=U1-C2
Added Pin To Net: NetName=1V8 Pin=U1-C3
Added Pin To Net: NetName=tlx_rev_flow_tdata1 Pin=U1-C4
Added Pin To Net: NetName=freq_lvl_cross Pin=U1-C5
Added Pin To Net: NetName=0V8 Pin=U1-C6
Added Pin To Net: NetName=GND Pin=U1-C7
Added Pin To Net: NetName=1V8 Pin=U1-C11
Added Pin To Net: NetName=1V8 Pin=U1-C12
Added Pin To Net: NetName=0V8 Pin=U1-C13
Added Pin To Net: NetName=0V8 Pin=U1-C14
Added Pin To Net: NetName=1V8 Pin=U1-C15
Added Pin To Net: NetName=1V8 Pin=U1-C16
Added Pin To Net: NetName=GND Pin=U1-C20
Added Pin To Net: NetName=0V8 Pin=U1-C21
Added Pin To Net: NetName=loop_back_select3 Pin=U1-C23
Added Pin To Net: NetName=1V8 Pin=U1-C24
Added Pin To Net: NetName=GND Pin=U1-C25
Added Pin To Net: NetName=tlx_rev_flow_tvalid Pin=U1-D1
Added Pin To Net: NetName=tlx_rev_payload_tdata0 Pin=U1-D2
Added Pin To Net: NetName=tlx_rev_flow_tready Pin=U1-D3
Added Pin To Net: NetName=GND Pin=U1-D4
Added Pin To Net: NetName=GND Pin=U1-D9
Added Pin To Net: NetName=GND Pin=U1-D18
Added Pin To Net: NetName=GND Pin=U1-D23
Added Pin To Net: NetName=loop_back_select2 Pin=U1-D24
Added Pin To Net: NetName=loop_back_select1 Pin=U1-D25
Added Pin To Net: NetName=GND Pin=U1-E1
Added Pin To Net: NetName=tlx_rev_payload_tdata42 Pin=U1-E2
Added Pin To Net: NetName=tlx_rev_payload_tdata41 Pin=U1-E3
Added Pin To Net: NetName=tlx_rev_payload_tdata43 Pin=U1-E4
Added Pin To Net: NetName=GND Pin=U1-E5
Added Pin To Net: NetName=0V8 Pin=U1-E11
Added Pin To Net: NetName=0V8 Pin=U1-E16
Added Pin To Net: NetName=GND Pin=U1-E22
Added Pin To Net: NetName=loop_back_select0 Pin=U1-E23
Added Pin To Net: NetName=loop_back Pin=U1-E24
Added Pin To Net: NetName=poresetn Pin=U1-E25
Added Pin To Net: NetName=GND Pin=U1-E26
Added Pin To Net: NetName=1V8 Pin=U1-F1
Added Pin To Net: NetName=tlx_rev_payload_tdata40 Pin=U1-F2
Added Pin To Net: NetName=0V8 Pin=U1-F3
Added Pin To Net: NetName=0V8 Pin=U1-F6
Added Pin To Net: NetName=0V8 Pin=U1-F7
Added Pin To Net: NetName=0V8 Pin=U1-F8
Added Pin To Net: NetName=0V8 Pin=U1-F9
Added Pin To Net: NetName=0V8 Pin=U1-F10
Added Pin To Net: NetName=0V8 Pin=U1-F11
Added Pin To Net: NetName=0V8 Pin=U1-F12
Added Pin To Net: NetName=0V8 Pin=U1-F13
Added Pin To Net: NetName=0V8 Pin=U1-F14
Added Pin To Net: NetName=0V8 Pin=U1-F15
Added Pin To Net: NetName=0V8 Pin=U1-F16
Added Pin To Net: NetName=0V8 Pin=U1-F17
Added Pin To Net: NetName=0V8 Pin=U1-F18
Added Pin To Net: NetName=0V8 Pin=U1-F19
Added Pin To Net: NetName=0V8 Pin=U1-F20
Added Pin To Net: NetName=0V8 Pin=U1-F21
Added Pin To Net: NetName=0V8 Pin=U1-F24
Added Pin To Net: NetName=cgra_jtag_tdo Pin=U1-F25
Added Pin To Net: NetName=1V8 Pin=U1-F26
Added Pin To Net: NetName=tlx_rev_payload_tdata38 Pin=U1-G1
Added Pin To Net: NetName=tlx_rev_payload_tdata39 Pin=U1-G2
Added Pin To Net: NetName=GND Pin=U1-G3
Added Pin To Net: NetName=tlx_rev_payload_tdata37 Pin=U1-G4
Added Pin To Net: NetName=GND Pin=U1-G6
Added Pin To Net: NetName=GND Pin=U1-G7
Added Pin To Net: NetName=GND Pin=U1-G8
Added Pin To Net: NetName=GND Pin=U1-G9
Added Pin To Net: NetName=GND Pin=U1-G10
Added Pin To Net: NetName=GND Pin=U1-G11
Added Pin To Net: NetName=GND Pin=U1-G12
Added Pin To Net: NetName=GND Pin=U1-G13
Added Pin To Net: NetName=GND Pin=U1-G14
Added Pin To Net: NetName=GND Pin=U1-G15
Added Pin To Net: NetName=GND Pin=U1-G16
Added Pin To Net: NetName=GND Pin=U1-G17
Added Pin To Net: NetName=GND Pin=U1-G18
Added Pin To Net: NetName=GND Pin=U1-G19
Added Pin To Net: NetName=GND Pin=U1-G20
Added Pin To Net: NetName=GND Pin=U1-G21
Added Pin To Net: NetName=cgra_jtag_trstn Pin=U1-G23
Added Pin To Net: NetName=GND Pin=U1-G24
Added Pin To Net: NetName=cgra_jtag_tms Pin=U1-G25
Added Pin To Net: NetName=cgra_jtag_tdi Pin=U1-G26
Added Pin To Net: NetName=0V8 Pin=U1-H1
Added Pin To Net: NetName=tlx_rev_payload_tdata35 Pin=U1-H2
Added Pin To Net: NetName=tlx_rev_payload_tdata36 Pin=U1-H3
Added Pin To Net: NetName=0V8 Pin=U1-H6
Added Pin To Net: NetName=0V8 Pin=U1-H7
Added Pin To Net: NetName=0V8 Pin=U1-H8
Added Pin To Net: NetName=0V8 Pin=U1-H9
Added Pin To Net: NetName=0V8 Pin=U1-H10
Added Pin To Net: NetName=0V8 Pin=U1-H11
Added Pin To Net: NetName=0V8 Pin=U1-H12
Added Pin To Net: NetName=0V8 Pin=U1-H13
Added Pin To Net: NetName=0V8 Pin=U1-H14
Added Pin To Net: NetName=0V8 Pin=U1-H15
Added Pin To Net: NetName=0V8 Pin=U1-H16
Added Pin To Net: NetName=0V8 Pin=U1-H17
Added Pin To Net: NetName=0V8 Pin=U1-H18
Added Pin To Net: NetName=0V8 Pin=U1-H19
Added Pin To Net: NetName=0V8 Pin=U1-H20
Added Pin To Net: NetName=0V8 Pin=U1-H21
Added Pin To Net: NetName=cgra_jtag_tck Pin=U1-H23
Added Pin To Net: NetName=dp_jtag_trstn Pin=U1-H24
Added Pin To Net: NetName=dp_jtag_tdo Pin=U1-H25
Added Pin To Net: NetName=0V8 Pin=U1-H26
Added Pin To Net: NetName=tlx_rev_payload_tdata33 Pin=U1-J1
Added Pin To Net: NetName=tlx_rev_payload_tdata32 Pin=U1-J2
Added Pin To Net: NetName=tlx_rev_payload_tdata34 Pin=U1-J3
Added Pin To Net: NetName=GND Pin=U1-J4
Added Pin To Net: NetName=GND Pin=U1-J6
Added Pin To Net: NetName=GND Pin=U1-J7
Added Pin To Net: NetName=GND Pin=U1-J8
Added Pin To Net: NetName=GND Pin=U1-J9
Added Pin To Net: NetName=GND Pin=U1-J10
Added Pin To Net: NetName=GND Pin=U1-J11
Added Pin To Net: NetName=GND Pin=U1-J12
Added Pin To Net: NetName=GND Pin=U1-J13
Added Pin To Net: NetName=GND Pin=U1-J14
Added Pin To Net: NetName=GND Pin=U1-J15
Added Pin To Net: NetName=GND Pin=U1-J16
Added Pin To Net: NetName=GND Pin=U1-J17
Added Pin To Net: NetName=GND Pin=U1-J18
Added Pin To Net: NetName=GND Pin=U1-J19
Added Pin To Net: NetName=GND Pin=U1-J20
Added Pin To Net: NetName=GND Pin=U1-J21
Added Pin To Net: NetName=GND Pin=U1-J23
Added Pin To Net: NetName=dp_jtag_tck Pin=U1-J24
Added Pin To Net: NetName=dp_jtag_tms Pin=U1-J25
Added Pin To Net: NetName=dp_jtag_tdi Pin=U1-J26
Added Pin To Net: NetName=GND Pin=U1-K1
Added Pin To Net: NetName=tlx_rev_payload_tdata30 Pin=U1-K2
Added Pin To Net: NetName=tlx_rev_payload_tdata29 Pin=U1-K3
Added Pin To Net: NetName=tlx_rev_payload_tdata31 Pin=U1-K4
Added Pin To Net: NetName=0V8 Pin=U1-K6
Added Pin To Net: NetName=0V8 Pin=U1-K7
Added Pin To Net: NetName=0V8 Pin=U1-K8
Added Pin To Net: NetName=0V8 Pin=U1-K9
Added Pin To Net: NetName=0V8 Pin=U1-K10
Added Pin To Net: NetName=0V8 Pin=U1-K11
Added Pin To Net: NetName=0V8 Pin=U1-K12
Added Pin To Net: NetName=0V8 Pin=U1-K13
Added Pin To Net: NetName=0V8 Pin=U1-K14
Added Pin To Net: NetName=0V8 Pin=U1-K15
Added Pin To Net: NetName=0V8 Pin=U1-K16
Added Pin To Net: NetName=0V8 Pin=U1-K17
Added Pin To Net: NetName=0V8 Pin=U1-K18
Added Pin To Net: NetName=0V8 Pin=U1-K19
Added Pin To Net: NetName=0V8 Pin=U1-K20
Added Pin To Net: NetName=0V8 Pin=U1-K21
Added Pin To Net: NetName=tlx_fwd_flow_tdata0 Pin=U1-K24
Added Pin To Net: NetName=tlx_fwd_flow_tdata1 Pin=U1-K25
Added Pin To Net: NetName=GND Pin=U1-K26
Added Pin To Net: NetName=tlx_rev_payload_tdata28 Pin=U1-L1
Added Pin To Net: NetName=GND Pin=U1-L2
Added Pin To Net: NetName=1V8 Pin=U1-L3
Added Pin To Net: NetName=tlx_rev_payload_tdata27 Pin=U1-L4
Added Pin To Net: NetName=0V8 Pin=U1-L5
Added Pin To Net: NetName=GND Pin=U1-L6
Added Pin To Net: NetName=GND Pin=U1-L7
Added Pin To Net: NetName=GND Pin=U1-L8
Added Pin To Net: NetName=GND Pin=U1-L9
Added Pin To Net: NetName=GND Pin=U1-L10
Added Pin To Net: NetName=GND Pin=U1-L11
Added Pin To Net: NetName=GND Pin=U1-L12
Added Pin To Net: NetName=GND Pin=U1-L13
Added Pin To Net: NetName=GND Pin=U1-L14
Added Pin To Net: NetName=GND Pin=U1-L15
Added Pin To Net: NetName=GND Pin=U1-L16
Added Pin To Net: NetName=GND Pin=U1-L17
Added Pin To Net: NetName=GND Pin=U1-L18
Added Pin To Net: NetName=GND Pin=U1-L19
Added Pin To Net: NetName=GND Pin=U1-L20
Added Pin To Net: NetName=GND Pin=U1-L21
Added Pin To Net: NetName=0V8 Pin=U1-L22
Added Pin To Net: NetName=tlx_fwd_flow_tvalid Pin=U1-L23
Added Pin To Net: NetName=1V8 Pin=U1-L24
Added Pin To Net: NetName=GND Pin=U1-L25
Added Pin To Net: NetName=tlx_fwd_flow_tready Pin=U1-L26
Added Pin To Net: NetName=tlx_rev_payload_tdata26 Pin=U1-M1
Added Pin To Net: NetName=GND Pin=U1-M2
Added Pin To Net: NetName=1V8 Pin=U1-M3
Added Pin To Net: NetName=tlx_rev_payload_tdata25 Pin=U1-M4
Added Pin To Net: NetName=0V8 Pin=U1-M6
Added Pin To Net: NetName=0V8 Pin=U1-M7
Added Pin To Net: NetName=0V8 Pin=U1-M8
Added Pin To Net: NetName=0V8 Pin=U1-M9
Added Pin To Net: NetName=0V8 Pin=U1-M10
Added Pin To Net: NetName=0V8 Pin=U1-M11
Added Pin To Net: NetName=0V8 Pin=U1-M12
Added Pin To Net: NetName=0V8 Pin=U1-M13
Added Pin To Net: NetName=0V8 Pin=U1-M14
Added Pin To Net: NetName=0V8 Pin=U1-M15
Added Pin To Net: NetName=0V8 Pin=U1-M16
Added Pin To Net: NetName=0V8 Pin=U1-M17
Added Pin To Net: NetName=0V8 Pin=U1-M18
Added Pin To Net: NetName=0V8 Pin=U1-M19
Added Pin To Net: NetName=0V8 Pin=U1-M20
Added Pin To Net: NetName=0V8 Pin=U1-M21
Added Pin To Net: NetName=1V8 Pin=U1-M24
Added Pin To Net: NetName=GND Pin=U1-M25
Added Pin To Net: NetName=tlx_fwd_payload_tdata39 Pin=U1-M26
Added Pin To Net: NetName=GND Pin=U1-N1
Added Pin To Net: NetName=tlx_rev_payload_tdata24 Pin=U1-N2
Added Pin To Net: NetName=0V8 Pin=U1-N3
Added Pin To Net: NetName=tlx_rev_payload_tdata23 Pin=U1-N4
Added Pin To Net: NetName=GND Pin=U1-N6
Added Pin To Net: NetName=GND Pin=U1-N7
Added Pin To Net: NetName=GND Pin=U1-N8
Added Pin To Net: NetName=GND Pin=U1-N9
Added Pin To Net: NetName=GND Pin=U1-N10
Added Pin To Net: NetName=GND Pin=U1-N11
Added Pin To Net: NetName=GND Pin=U1-N12
Added Pin To Net: NetName=GND Pin=U1-N13
Added Pin To Net: NetName=GND Pin=U1-N14
Added Pin To Net: NetName=GND Pin=U1-N15
Added Pin To Net: NetName=GND Pin=U1-N16
Added Pin To Net: NetName=GND Pin=U1-N17
Added Pin To Net: NetName=GND Pin=U1-N18
Added Pin To Net: NetName=GND Pin=U1-N19
Added Pin To Net: NetName=GND Pin=U1-N20
Added Pin To Net: NetName=GND Pin=U1-N21
Added Pin To Net: NetName=tlx_fwd_payload_tdata38 Pin=U1-N23
Added Pin To Net: NetName=0V8 Pin=U1-N24
Added Pin To Net: NetName=tlx_fwd_payload_tdata37 Pin=U1-N25
Added Pin To Net: NetName=GND Pin=U1-N26
Added Pin To Net: NetName=GND Pin=U1-P1
Added Pin To Net: NetName=tlx_rev_payload_tdata21 Pin=U1-P2
Added Pin To Net: NetName=0V8 Pin=U1-P3
Added Pin To Net: NetName=tlx_rev_payload_tdata22 Pin=U1-P4
Added Pin To Net: NetName=GND Pin=U1-P6
Added Pin To Net: NetName=GND Pin=U1-P7
Added Pin To Net: NetName=GND Pin=U1-P8
Added Pin To Net: NetName=GND Pin=U1-P9
Added Pin To Net: NetName=GND Pin=U1-P10
Added Pin To Net: NetName=GND Pin=U1-P17
Added Pin To Net: NetName=GND Pin=U1-P18
Added Pin To Net: NetName=GND Pin=U1-P19
Added Pin To Net: NetName=GND Pin=U1-P20
Added Pin To Net: NetName=GND Pin=U1-P21
Added Pin To Net: NetName=tlx_fwd_payload_tdata36 Pin=U1-P23
Added Pin To Net: NetName=0V8 Pin=U1-P24
Added Pin To Net: NetName=tlx_fwd_payload_tdata35 Pin=U1-P25
Added Pin To Net: NetName=GND Pin=U1-P26
Added Pin To Net: NetName=tlx_rev_payload_tdata19 Pin=U1-R1
Added Pin To Net: NetName=GND Pin=U1-R2
Added Pin To Net: NetName=1V8 Pin=U1-R3
Added Pin To Net: NetName=tlx_rev_payload_tdata20 Pin=U1-R4
Added Pin To Net: NetName=0V8 Pin=U1-R6
Added Pin To Net: NetName=0V8 Pin=U1-R7
Added Pin To Net: NetName=0V8 Pin=U1-R8
Added Pin To Net: NetName=0V8 Pin=U1-R9
Added Pin To Net: NetName=0V8 Pin=U1-R10
Added Pin To Net: NetName=0V8 Pin=U1-R17
Added Pin To Net: NetName=0V8 Pin=U1-R18
Added Pin To Net: NetName=0V8 Pin=U1-R19
Added Pin To Net: NetName=0V8 Pin=U1-R20
Added Pin To Net: NetName=0V8 Pin=U1-R21
Added Pin To Net: NetName=tlx_fwd_payload_tdata34 Pin=U1-R23
Added Pin To Net: NetName=1V8 Pin=U1-R24
Added Pin To Net: NetName=GND Pin=U1-R25
Added Pin To Net: NetName=tlx_fwd_payload_tdata33 Pin=U1-R26
Added Pin To Net: NetName=tlx_rev_payload_tdata18 Pin=U1-T1
Added Pin To Net: NetName=GND Pin=U1-T2
Added Pin To Net: NetName=1V8 Pin=U1-T3
Added Pin To Net: NetName=tlx_rev_payload_tdata17 Pin=U1-T4
Added Pin To Net: NetName=0V8 Pin=U1-T5
Added Pin To Net: NetName=GND Pin=U1-T6
Added Pin To Net: NetName=GND Pin=U1-T7
Added Pin To Net: NetName=GND Pin=U1-T8
Added Pin To Net: NetName=GND Pin=U1-T9
Added Pin To Net: NetName=GND Pin=U1-T10
Added Pin To Net: NetName=GND Pin=U1-T17
Added Pin To Net: NetName=GND Pin=U1-T18
Added Pin To Net: NetName=GND Pin=U1-T19
Added Pin To Net: NetName=GND Pin=U1-T20
Added Pin To Net: NetName=GND Pin=U1-T21
Added Pin To Net: NetName=0V8 Pin=U1-T22
Added Pin To Net: NetName=1V8 Pin=U1-T24
Added Pin To Net: NetName=GND Pin=U1-T25
Added Pin To Net: NetName=tlx_fwd_payload_tdata32 Pin=U1-T26
Added Pin To Net: NetName=GND Pin=U1-U1
Added Pin To Net: NetName=tlx_rev_payload_tdata16 Pin=U1-U2
Added Pin To Net: NetName=tlx_rev_payload_tdata15 Pin=U1-U3
Added Pin To Net: NetName=tlx_rev_payload_tdata14 Pin=U1-U4
Added Pin To Net: NetName=0V8 Pin=U1-U6
Added Pin To Net: NetName=0V8 Pin=U1-U7
Added Pin To Net: NetName=0V8 Pin=U1-U8
Added Pin To Net: NetName=0V8 Pin=U1-U9
Added Pin To Net: NetName=0V8 Pin=U1-U10
Added Pin To Net: NetName=0V8 Pin=U1-U17
Added Pin To Net: NetName=0V8 Pin=U1-U18
Added Pin To Net: NetName=0V8 Pin=U1-U19
Added Pin To Net: NetName=0V8 Pin=U1-U20
Added Pin To Net: NetName=0V8 Pin=U1-U21
Added Pin To Net: NetName=tlx_fwd_payload_tdata29 Pin=U1-U23
Added Pin To Net: NetName=tlx_fwd_payload_tdata31 Pin=U1-U24
Added Pin To Net: NetName=tlx_fwd_payload_tdata30 Pin=U1-U25
Added Pin To Net: NetName=GND Pin=U1-U26
Added Pin To Net: NetName=tlx_rev_payload_tdata13 Pin=U1-V1
Added Pin To Net: NetName=tlx_rev_payload_tdata12 Pin=U1-V2
Added Pin To Net: NetName=tlx_rev_payload_tdata11 Pin=U1-V3
Added Pin To Net: NetName=GND Pin=U1-V4
Added Pin To Net: NetName=GND Pin=U1-V6
Added Pin To Net: NetName=GND Pin=U1-V7
Added Pin To Net: NetName=GND Pin=U1-V8
Added Pin To Net: NetName=GND Pin=U1-V9
Added Pin To Net: NetName=GND Pin=U1-V10
Added Pin To Net: NetName=GND Pin=U1-V17
Added Pin To Net: NetName=GND Pin=U1-V18
Added Pin To Net: NetName=GND Pin=U1-V19
Added Pin To Net: NetName=GND Pin=U1-V20
Added Pin To Net: NetName=GND Pin=U1-V21
Added Pin To Net: NetName=GND Pin=U1-V23
Added Pin To Net: NetName=tlx_fwd_payload_tdata26 Pin=U1-V24
Added Pin To Net: NetName=tlx_fwd_payload_tdata28 Pin=U1-V25
Added Pin To Net: NetName=tlx_fwd_payload_tdata27 Pin=U1-V26
Added Pin To Net: NetName=0V8 Pin=U1-W1
Added Pin To Net: NetName=tlx_rev_payload_tdata10 Pin=U1-W2
Added Pin To Net: NetName=tlx_rev_payload_tdata9 Pin=U1-W3
Added Pin To Net: NetName=tlx_rev_payload_tdata8 Pin=U1-W4
Added Pin To Net: NetName=0V8 Pin=U1-W6
Added Pin To Net: NetName=0V8 Pin=U1-W7
Added Pin To Net: NetName=0V8 Pin=U1-W8
Added Pin To Net: NetName=0V8 Pin=U1-W9
Added Pin To Net: NetName=0V8 Pin=U1-W10
Added Pin To Net: NetName=0V8 Pin=U1-W17
Added Pin To Net: NetName=0V8 Pin=U1-W18
Added Pin To Net: NetName=0V8 Pin=U1-W19
Added Pin To Net: NetName=0V8 Pin=U1-W20
Added Pin To Net: NetName=0V8 Pin=U1-W21
Added Pin To Net: NetName=tlx_fwd_payload_tdata23 Pin=U1-W23
Added Pin To Net: NetName=tlx_fwd_payload_tdata24 Pin=U1-W24
Added Pin To Net: NetName=tlx_fwd_payload_tdata25 Pin=U1-W25
Added Pin To Net: NetName=0V8 Pin=U1-W26
Added Pin To Net: NetName=tlx_rev_payload_tdata7 Pin=U1-Y1
Added Pin To Net: NetName=tlx_rev_payload_tdata6 Pin=U1-Y2
Added Pin To Net: NetName=GND Pin=U1-Y3
Added Pin To Net: NetName=tlx_rev_payload_tdata5 Pin=U1-Y4
Added Pin To Net: NetName=GND Pin=U1-Y6
Added Pin To Net: NetName=GND Pin=U1-Y7
Added Pin To Net: NetName=GND Pin=U1-Y8
Added Pin To Net: NetName=GND Pin=U1-Y9
Added Pin To Net: NetName=GND Pin=U1-Y10
Added Pin To Net: NetName=GND Pin=U1-Y17
Added Pin To Net: NetName=GND Pin=U1-Y18
Added Pin To Net: NetName=GND Pin=U1-Y19
Added Pin To Net: NetName=GND Pin=U1-Y20
Added Pin To Net: NetName=GND Pin=U1-Y21
Added Pin To Net: NetName=tlx_fwd_payload_tdata20 Pin=U1-Y23
Added Pin To Net: NetName=GND Pin=U1-Y24
Added Pin To Net: NetName=tlx_fwd_payload_tdata21 Pin=U1-Y25
Added Pin To Net: NetName=tlx_fwd_payload_tdata22 Pin=U1-Y26
Change Net Name : Old Net Name=NetR?_2 New Net Name=NetR39_2
Added Pin To Net: NetName=NetJ5_1 Pin=J5-1
Added Pin To Net: NetName=NetJ5_1 Pin=R40-2
Added Net: Name=NetJ5_1
Added Pin To Net: NetName=NetR38_2 Pin=R39-1
Added Net: Name=NetR38_2
Added Pin To Net: NetName=NetU1_AE3 Pin=U1-AE3
Added Pin To Net: NetName=NetU1_AE3 Pin=U1-AE11
Added Pin To Net: NetName=NetU1_AE3 Pin=U1-AE12
Added Pin To Net: NetName=NetU1_AE3 Pin=U1-AF5
Added Pin To Net: NetName=NetU1_AE3 Pin=U1-AF10
Added Pin To Net: NetName=NetU1_AE3 Pin=U1-AF13
Added Net: Name=NetU1_AE3
Added Member To Class: ClassName=U_Power_subsystem Member=Component B1 24.243.1
Added Member To Class: ClassName=U_Power_subsystem Member=Component B2 24.243.1
Added Member To Class: ClassName=U_Ref_CLK Member=Component J4 32K101-400L5
Added Member To Class: ClassName=U_Ref_CLK Member=Component J5 32K101-400L5
Added Member To Class: ClassName=Top Member=Component J6 Header 5X2
Added Member To Class: ClassName=Top Member=Component J7 Header 5X2
Added Member To Class: ClassName=Top Member=Component J13 Header 5X2
Added Member To Class: ClassName=U_Ref_CLK Member=Component R40 RES_32_0603
Added Member To Class: ClassName=U_Power_subsystem Member=Component S1 JS202011SCQN
