Added Component: Designator=R59(RESC1608X06N)
Add component (AddParameter): Name = "ComponentLink1Description"; Value = "Datasheets"; VariantName = "[No Variations]"
Add component (AddParameter): Name = "ComponentLink1URL"; Value = "http://www.yageo.com/documents/recent/PYu-RC0603_51_RoHS_L_4.pdf"; VariantName = "[No Variations]"
Add component (AddParameter): Name = "ComponentLink2Description"; Value = "Supplier Part Details"; VariantName = "[No Variations]"
Add component (AddParameter): Name = "ComponentLink2URL"; Value = "http://www.digikey.com/product-detail/en/RC0603FR-0710KL/311-10.0KHRCT-ND/729827"; VariantName = "[No Variations]"
Add component (AddParameter): Name = "Created By"; Value = "murbach"; VariantName = "[No Variations]"
Add component (AddParameter): Name = "Created_Date"; Value = "2014/11/24 21:28:44"; VariantName = "[No Variations]"
Add component (AddParameter): Name = "ID"; Value = "60146"; VariantName = "[No Variations]"
Add component (AddParameter): Name = "LifeCycle"; Value = "Released"; VariantName = "[No Variations]"
Add component (AddParameter): Name = "Manufacturer"; Value = "Yageo"; VariantName = "[No Variations]"
Add component (AddParameter): Name = "Mfr Part Description"; Value = "RES 10k Ohm ±1% 1/10W 0603 (1608 Metric)"; VariantName = "[No Variations]"
Add component (AddParameter): Name = "Mfr Part Number"; Value = "RC0603FR-0710KL"; VariantName = "[No Variations]"
Add component (AddParameter): Name = "Package_Case"; Value = "0603 (1608 Metric)"; VariantName = "[No Variations]"
Add component (AddParameter): Name = "Part_Type"; Value = "Resistor"; VariantName = "[No Variations]"
Add component (AddParameter): Name = "Power_Rating"; Value = "0.1W,1/10W"; VariantName = "[No Variations]"
Add component (AddParameter): Name = "RoHS"; Value = "Yes"; VariantName = "[No Variations]"
Add component (AddParameter): Name = "Sub_Type"; Value = "ThkFlm"; VariantName = "[No Variations]"
Add component (AddParameter): Name = "Supplier 1"; Value = "Digi-Key"; VariantName = "[No Variations]"
Add component (AddParameter): Name = "Supplier Part Number 1"; Value = "311-10.0KHRCT-ND"; VariantName = "[No Variations]"
Add component (AddParameter): Name = "Temperature Coeff"; Value = "±100ppm/°C"; VariantName = "[No Variations]"
Add component (AddParameter): Name = "Temperature Range"; Value = "-55C to +155C"; VariantName = "[No Variations]"
Add component (AddParameter): Name = "Tolerance"; Value = "±1%"; VariantName = "[No Variations]"
Add component (AddParameter): Name = "Updated By"; Value = "murbach"; VariantName = "[No Variations]"
Add component (AddParameter): Name = "Updated_Date"; Value = "2018/06/05 14:35:44"; VariantName = "[No Variations]"
Add component (AddParameter): Name = "Value"; Value = "1.5k"; VariantName = "[No Variations]"
Added Component: Designator=R?(RESC1608X06N)
Add component (AddParameter): Name = "ComponentLink1Description"; Value = "Datasheets"; VariantName = "[No Variations]"
Add component (AddParameter): Name = "ComponentLink1URL"; Value = "http://www.yageo.com/documents/recent/PYu-RC0603_51_RoHS_L_4.pdf"; VariantName = "[No Variations]"
Add component (AddParameter): Name = "ComponentLink2Description"; Value = "Supplier Part Details"; VariantName = "[No Variations]"
Add component (AddParameter): Name = "ComponentLink2URL"; Value = "http://www.digikey.com/product-detail/en/RC0603FR-0710KL/311-10.0KHRCT-ND/729827"; VariantName = "[No Variations]"
Add component (AddParameter): Name = "Created By"; Value = "murbach"; VariantName = "[No Variations]"
Add component (AddParameter): Name = "Created_Date"; Value = "2014/11/24 21:28:44"; VariantName = "[No Variations]"
Add component (AddParameter): Name = "ID"; Value = "60146"; VariantName = "[No Variations]"
Add component (AddParameter): Name = "LifeCycle"; Value = "Released"; VariantName = "[No Variations]"
Add component (AddParameter): Name = "Manufacturer"; Value = "Yageo"; VariantName = "[No Variations]"
Add component (AddParameter): Name = "Mfr Part Description"; Value = "RES 10k Ohm ±1% 1/10W 0603 (1608 Metric)"; VariantName = "[No Variations]"
Add component (AddParameter): Name = "Mfr Part Number"; Value = "RC0603FR-0710KL"; VariantName = "[No Variations]"
Add component (AddParameter): Name = "Package_Case"; Value = "0603 (1608 Metric)"; VariantName = "[No Variations]"
Add component (AddParameter): Name = "Part_Type"; Value = "Resistor"; VariantName = "[No Variations]"
Add component (AddParameter): Name = "Power_Rating"; Value = "0.1W,1/10W"; VariantName = "[No Variations]"
Add component (AddParameter): Name = "RoHS"; Value = "Yes"; VariantName = "[No Variations]"
Add component (AddParameter): Name = "Sub_Type"; Value = "ThkFlm"; VariantName = "[No Variations]"
Add component (AddParameter): Name = "Supplier 1"; Value = "Digi-Key"; VariantName = "[No Variations]"
Add component (AddParameter): Name = "Supplier Part Number 1"; Value = "311-10.0KHRCT-ND"; VariantName = "[No Variations]"
Add component (AddParameter): Name = "Temperature Coeff"; Value = "±100ppm/°C"; VariantName = "[No Variations]"
Add component (AddParameter): Name = "Temperature Range"; Value = "-55C to +155C"; VariantName = "[No Variations]"
Add component (AddParameter): Name = "Tolerance"; Value = "±1%"; VariantName = "[No Variations]"
Add component (AddParameter): Name = "Updated By"; Value = "murbach"; VariantName = "[No Variations]"
Add component (AddParameter): Name = "Updated_Date"; Value = "2018/06/05 14:35:44"; VariantName = "[No Variations]"
Add component (AddParameter): Name = "Value"; Value = "1.5k"; VariantName = "[No Variations]"
Added Component: Designator=R?(RESC1608X06N)
Add component (AddParameter): Name = "ComponentLink1Description"; Value = "Datasheets"; VariantName = "[No Variations]"
Add component (AddParameter): Name = "ComponentLink1URL"; Value = "http://www.yageo.com/documents/recent/PYu-RC0603_51_RoHS_L_4.pdf"; VariantName = "[No Variations]"
Add component (AddParameter): Name = "ComponentLink2Description"; Value = "Supplier Part Details"; VariantName = "[No Variations]"
Add component (AddParameter): Name = "ComponentLink2URL"; Value = "http://www.digikey.com/product-detail/en/RC0603FR-0710KL/311-10.0KHRCT-ND/729827"; VariantName = "[No Variations]"
Add component (AddParameter): Name = "Created By"; Value = "murbach"; VariantName = "[No Variations]"
Add component (AddParameter): Name = "Created_Date"; Value = "2014/11/24 21:28:44"; VariantName = "[No Variations]"
Add component (AddParameter): Name = "ID"; Value = "60146"; VariantName = "[No Variations]"
Add component (AddParameter): Name = "LifeCycle"; Value = "Released"; VariantName = "[No Variations]"
Add component (AddParameter): Name = "Manufacturer"; Value = "Yageo"; VariantName = "[No Variations]"
Add component (AddParameter): Name = "Mfr Part Description"; Value = "RES 10k Ohm ±1% 1/10W 0603 (1608 Metric)"; VariantName = "[No Variations]"
Add component (AddParameter): Name = "Mfr Part Number"; Value = "RC0603FR-0710KL"; VariantName = "[No Variations]"
Add component (AddParameter): Name = "Package_Case"; Value = "0603 (1608 Metric)"; VariantName = "[No Variations]"
Add component (AddParameter): Name = "Part_Type"; Value = "Resistor"; VariantName = "[No Variations]"
Add component (AddParameter): Name = "Power_Rating"; Value = "0.1W,1/10W"; VariantName = "[No Variations]"
Add component (AddParameter): Name = "RoHS"; Value = "Yes"; VariantName = "[No Variations]"
Add component (AddParameter): Name = "Sub_Type"; Value = "ThkFlm"; VariantName = "[No Variations]"
Add component (AddParameter): Name = "Supplier 1"; Value = "Digi-Key"; VariantName = "[No Variations]"
Add component (AddParameter): Name = "Supplier Part Number 1"; Value = "311-10.0KHRCT-ND"; VariantName = "[No Variations]"
Add component (AddParameter): Name = "Temperature Coeff"; Value = "±100ppm/°C"; VariantName = "[No Variations]"
Add component (AddParameter): Name = "Temperature Range"; Value = "-55C to +155C"; VariantName = "[No Variations]"
Add component (AddParameter): Name = "Tolerance"; Value = "±1%"; VariantName = "[No Variations]"
Add component (AddParameter): Name = "Updated By"; Value = "murbach"; VariantName = "[No Variations]"
Add component (AddParameter): Name = "Updated_Date"; Value = "2018/06/05 14:35:44"; VariantName = "[No Variations]"
Add component (AddParameter): Name = "Value"; Value = "1.5k"; VariantName = "[No Variations]"
Added Component: Designator=R?(RESC1608X06N)
Add component (AddParameter): Name = "ComponentLink1Description"; Value = "Datasheets"; VariantName = "[No Variations]"
Add component (AddParameter): Name = "ComponentLink1URL"; Value = "http://www.yageo.com/documents/recent/PYu-RC0603_51_RoHS_L_4.pdf"; VariantName = "[No Variations]"
Add component (AddParameter): Name = "ComponentLink2Description"; Value = "Supplier Part Details"; VariantName = "[No Variations]"
Add component (AddParameter): Name = "ComponentLink2URL"; Value = "http://www.digikey.com/product-detail/en/RC0603FR-0710KL/311-10.0KHRCT-ND/729827"; VariantName = "[No Variations]"
Add component (AddParameter): Name = "Created By"; Value = "murbach"; VariantName = "[No Variations]"
Add component (AddParameter): Name = "Created_Date"; Value = "2014/11/24 21:28:44"; VariantName = "[No Variations]"
Add component (AddParameter): Name = "ID"; Value = "60146"; VariantName = "[No Variations]"
Add component (AddParameter): Name = "LifeCycle"; Value = "Released"; VariantName = "[No Variations]"
Add component (AddParameter): Name = "Manufacturer"; Value = "Yageo"; VariantName = "[No Variations]"
Add component (AddParameter): Name = "Mfr Part Description"; Value = "RES 10k Ohm ±1% 1/10W 0603 (1608 Metric)"; VariantName = "[No Variations]"
Add component (AddParameter): Name = "Mfr Part Number"; Value = "RC0603FR-0710KL"; VariantName = "[No Variations]"
Add component (AddParameter): Name = "Package_Case"; Value = "0603 (1608 Metric)"; VariantName = "[No Variations]"
Add component (AddParameter): Name = "Part_Type"; Value = "Resistor"; VariantName = "[No Variations]"
Add component (AddParameter): Name = "Power_Rating"; Value = "0.1W,1/10W"; VariantName = "[No Variations]"
Add component (AddParameter): Name = "RoHS"; Value = "Yes"; VariantName = "[No Variations]"
Add component (AddParameter): Name = "Sub_Type"; Value = "ThkFlm"; VariantName = "[No Variations]"
Add component (AddParameter): Name = "Supplier 1"; Value = "Digi-Key"; VariantName = "[No Variations]"
Add component (AddParameter): Name = "Supplier Part Number 1"; Value = "311-10.0KHRCT-ND"; VariantName = "[No Variations]"
Add component (AddParameter): Name = "Temperature Coeff"; Value = "±100ppm/°C"; VariantName = "[No Variations]"
Add component (AddParameter): Name = "Temperature Range"; Value = "-55C to +155C"; VariantName = "[No Variations]"
Add component (AddParameter): Name = "Tolerance"; Value = "±1%"; VariantName = "[No Variations]"
Add component (AddParameter): Name = "Updated By"; Value = "murbach"; VariantName = "[No Variations]"
Add component (AddParameter): Name = "Updated_Date"; Value = "2018/06/05 14:35:44"; VariantName = "[No Variations]"
Add component (AddParameter): Name = "Value"; Value = "1.5k"; VariantName = "[No Variations]"
Added Component: Designator=R?(RESC1608X06N)
Add component (AddParameter): Name = "ComponentLink1Description"; Value = "Datasheets"; VariantName = "[No Variations]"
Add component (AddParameter): Name = "ComponentLink1URL"; Value = "http://www.yageo.com/documents/recent/PYu-RC0603_51_RoHS_L_4.pdf"; VariantName = "[No Variations]"
Add component (AddParameter): Name = "ComponentLink2Description"; Value = "Supplier Part Details"; VariantName = "[No Variations]"
Add component (AddParameter): Name = "ComponentLink2URL"; Value = "http://www.digikey.com/product-detail/en/RC0603FR-0710KL/311-10.0KHRCT-ND/729827"; VariantName = "[No Variations]"
Add component (AddParameter): Name = "Created By"; Value = "murbach"; VariantName = "[No Variations]"
Add component (AddParameter): Name = "Created_Date"; Value = "2014/11/24 21:28:44"; VariantName = "[No Variations]"
Add component (AddParameter): Name = "ID"; Value = "60146"; VariantName = "[No Variations]"
Add component (AddParameter): Name = "LifeCycle"; Value = "Released"; VariantName = "[No Variations]"
Add component (AddParameter): Name = "Manufacturer"; Value = "Yageo"; VariantName = "[No Variations]"
Add component (AddParameter): Name = "Mfr Part Description"; Value = "RES 10k Ohm ±1% 1/10W 0603 (1608 Metric)"; VariantName = "[No Variations]"
Add component (AddParameter): Name = "Mfr Part Number"; Value = "RC0603FR-0710KL"; VariantName = "[No Variations]"
Add component (AddParameter): Name = "Package_Case"; Value = "0603 (1608 Metric)"; VariantName = "[No Variations]"
Add component (AddParameter): Name = "Part_Type"; Value = "Resistor"; VariantName = "[No Variations]"
Add component (AddParameter): Name = "Power_Rating"; Value = "0.1W,1/10W"; VariantName = "[No Variations]"
Add component (AddParameter): Name = "RoHS"; Value = "Yes"; VariantName = "[No Variations]"
Add component (AddParameter): Name = "Sub_Type"; Value = "ThkFlm"; VariantName = "[No Variations]"
Add component (AddParameter): Name = "Supplier 1"; Value = "Digi-Key"; VariantName = "[No Variations]"
Add component (AddParameter): Name = "Supplier Part Number 1"; Value = "311-10.0KHRCT-ND"; VariantName = "[No Variations]"
Add component (AddParameter): Name = "Temperature Coeff"; Value = "±100ppm/°C"; VariantName = "[No Variations]"
Add component (AddParameter): Name = "Temperature Range"; Value = "-55C to +155C"; VariantName = "[No Variations]"
Add component (AddParameter): Name = "Tolerance"; Value = "±1%"; VariantName = "[No Variations]"
Add component (AddParameter): Name = "Updated By"; Value = "murbach"; VariantName = "[No Variations]"
Add component (AddParameter): Name = "Updated_Date"; Value = "2018/06/05 14:35:44"; VariantName = "[No Variations]"
Add component (AddParameter): Name = "Value"; Value = "1.5k"; VariantName = "[No Variations]"
Added Component: Designator=R?(RESC1608X06N)
Add component (AddParameter): Name = "ComponentLink1Description"; Value = "Datasheets"; VariantName = "[No Variations]"
Add component (AddParameter): Name = "ComponentLink1URL"; Value = "http://www.yageo.com/documents/recent/PYu-RC0603_51_RoHS_L_4.pdf"; VariantName = "[No Variations]"
Add component (AddParameter): Name = "ComponentLink2Description"; Value = "Supplier Part Details"; VariantName = "[No Variations]"
Add component (AddParameter): Name = "ComponentLink2URL"; Value = "http://www.digikey.com/product-detail/en/RC0603FR-0710KL/311-10.0KHRCT-ND/729827"; VariantName = "[No Variations]"
Add component (AddParameter): Name = "Created By"; Value = "murbach"; VariantName = "[No Variations]"
Add component (AddParameter): Name = "Created_Date"; Value = "2014/11/24 21:28:44"; VariantName = "[No Variations]"
Add component (AddParameter): Name = "ID"; Value = "60146"; VariantName = "[No Variations]"
Add component (AddParameter): Name = "LifeCycle"; Value = "Released"; VariantName = "[No Variations]"
Add component (AddParameter): Name = "Manufacturer"; Value = "Yageo"; VariantName = "[No Variations]"
Add component (AddParameter): Name = "Mfr Part Description"; Value = "RES 10k Ohm ±1% 1/10W 0603 (1608 Metric)"; VariantName = "[No Variations]"
Add component (AddParameter): Name = "Mfr Part Number"; Value = "RC0603FR-0710KL"; VariantName = "[No Variations]"
Add component (AddParameter): Name = "Package_Case"; Value = "0603 (1608 Metric)"; VariantName = "[No Variations]"
Add component (AddParameter): Name = "Part_Type"; Value = "Resistor"; VariantName = "[No Variations]"
Add component (AddParameter): Name = "Power_Rating"; Value = "0.1W,1/10W"; VariantName = "[No Variations]"
Add component (AddParameter): Name = "RoHS"; Value = "Yes"; VariantName = "[No Variations]"
Add component (AddParameter): Name = "Sub_Type"; Value = "ThkFlm"; VariantName = "[No Variations]"
Add component (AddParameter): Name = "Supplier 1"; Value = "Digi-Key"; VariantName = "[No Variations]"
Add component (AddParameter): Name = "Supplier Part Number 1"; Value = "311-10.0KHRCT-ND"; VariantName = "[No Variations]"
Add component (AddParameter): Name = "Temperature Coeff"; Value = "±100ppm/°C"; VariantName = "[No Variations]"
Add component (AddParameter): Name = "Temperature Range"; Value = "-55C to +155C"; VariantName = "[No Variations]"
Add component (AddParameter): Name = "Tolerance"; Value = "±1%"; VariantName = "[No Variations]"
Add component (AddParameter): Name = "Updated By"; Value = "murbach"; VariantName = "[No Variations]"
Add component (AddParameter): Name = "Updated_Date"; Value = "2018/06/05 14:35:44"; VariantName = "[No Variations]"
Add component (AddParameter): Name = "Value"; Value = "1.5k"; VariantName = "[No Variations]"
Added Component: Designator=R?(RESC1608X06N)
Add component (AddParameter): Name = "ComponentLink1Description"; Value = "Datasheets"; VariantName = "[No Variations]"
Add component (AddParameter): Name = "ComponentLink1URL"; Value = "http://www.yageo.com/documents/recent/PYu-RC0603_51_RoHS_L_4.pdf"; VariantName = "[No Variations]"
Add component (AddParameter): Name = "ComponentLink2Description"; Value = "Supplier Part Details"; VariantName = "[No Variations]"
Add component (AddParameter): Name = "ComponentLink2URL"; Value = "http://www.digikey.com/product-detail/en/RC0603FR-0710KL/311-10.0KHRCT-ND/729827"; VariantName = "[No Variations]"
Add component (AddParameter): Name = "Created By"; Value = "murbach"; VariantName = "[No Variations]"
Add component (AddParameter): Name = "Created_Date"; Value = "2014/11/24 21:28:44"; VariantName = "[No Variations]"
Add component (AddParameter): Name = "ID"; Value = "60146"; VariantName = "[No Variations]"
Add component (AddParameter): Name = "LifeCycle"; Value = "Released"; VariantName = "[No Variations]"
Add component (AddParameter): Name = "Manufacturer"; Value = "Yageo"; VariantName = "[No Variations]"
Add component (AddParameter): Name = "Mfr Part Description"; Value = "RES 10k Ohm ±1% 1/10W 0603 (1608 Metric)"; VariantName = "[No Variations]"
Add component (AddParameter): Name = "Mfr Part Number"; Value = "RC0603FR-0710KL"; VariantName = "[No Variations]"
Add component (AddParameter): Name = "Package_Case"; Value = "0603 (1608 Metric)"; VariantName = "[No Variations]"
Add component (AddParameter): Name = "Part_Type"; Value = "Resistor"; VariantName = "[No Variations]"
Add component (AddParameter): Name = "Power_Rating"; Value = "0.1W,1/10W"; VariantName = "[No Variations]"
Add component (AddParameter): Name = "RoHS"; Value = "Yes"; VariantName = "[No Variations]"
Add component (AddParameter): Name = "Sub_Type"; Value = "ThkFlm"; VariantName = "[No Variations]"
Add component (AddParameter): Name = "Supplier 1"; Value = "Digi-Key"; VariantName = "[No Variations]"
Add component (AddParameter): Name = "Supplier Part Number 1"; Value = "311-10.0KHRCT-ND"; VariantName = "[No Variations]"
Add component (AddParameter): Name = "Temperature Coeff"; Value = "±100ppm/°C"; VariantName = "[No Variations]"
Add component (AddParameter): Name = "Temperature Range"; Value = "-55C to +155C"; VariantName = "[No Variations]"
Add component (AddParameter): Name = "Tolerance"; Value = "±1%"; VariantName = "[No Variations]"
Add component (AddParameter): Name = "Updated By"; Value = "murbach"; VariantName = "[No Variations]"
Add component (AddParameter): Name = "Updated_Date"; Value = "2018/06/05 14:35:44"; VariantName = "[No Variations]"
Add component (AddParameter): Name = "Value"; Value = "1.5k"; VariantName = "[No Variations]"
Added Component: Designator=R?(RESC1608X06N)
Add component (AddParameter): Name = "ComponentLink1Description"; Value = "Datasheets"; VariantName = "[No Variations]"
Add component (AddParameter): Name = "ComponentLink1URL"; Value = "http://www.yageo.com/documents/recent/PYu-RC0603_51_RoHS_L_4.pdf"; VariantName = "[No Variations]"
Add component (AddParameter): Name = "ComponentLink2Description"; Value = "Supplier Part Details"; VariantName = "[No Variations]"
Add component (AddParameter): Name = "ComponentLink2URL"; Value = "http://www.digikey.com/product-detail/en/RC0603FR-0710KL/311-10.0KHRCT-ND/729827"; VariantName = "[No Variations]"
Add component (AddParameter): Name = "Created By"; Value = "murbach"; VariantName = "[No Variations]"
Add component (AddParameter): Name = "Created_Date"; Value = "2014/11/24 21:28:44"; VariantName = "[No Variations]"
Add component (AddParameter): Name = "ID"; Value = "60146"; VariantName = "[No Variations]"
Add component (AddParameter): Name = "LifeCycle"; Value = "Released"; VariantName = "[No Variations]"
Add component (AddParameter): Name = "Manufacturer"; Value = "Yageo"; VariantName = "[No Variations]"
Add component (AddParameter): Name = "Mfr Part Description"; Value = "RES 10k Ohm ±1% 1/10W 0603 (1608 Metric)"; VariantName = "[No Variations]"
Add component (AddParameter): Name = "Mfr Part Number"; Value = "RC0603FR-0710KL"; VariantName = "[No Variations]"
Add component (AddParameter): Name = "Package_Case"; Value = "0603 (1608 Metric)"; VariantName = "[No Variations]"
Add component (AddParameter): Name = "Part_Type"; Value = "Resistor"; VariantName = "[No Variations]"
Add component (AddParameter): Name = "Power_Rating"; Value = "0.1W,1/10W"; VariantName = "[No Variations]"
Add component (AddParameter): Name = "RoHS"; Value = "Yes"; VariantName = "[No Variations]"
Add component (AddParameter): Name = "Sub_Type"; Value = "ThkFlm"; VariantName = "[No Variations]"
Add component (AddParameter): Name = "Supplier 1"; Value = "Digi-Key"; VariantName = "[No Variations]"
Add component (AddParameter): Name = "Supplier Part Number 1"; Value = "311-10.0KHRCT-ND"; VariantName = "[No Variations]"
Add component (AddParameter): Name = "Temperature Coeff"; Value = "±100ppm/°C"; VariantName = "[No Variations]"
Add component (AddParameter): Name = "Temperature Range"; Value = "-55C to +155C"; VariantName = "[No Variations]"
Add component (AddParameter): Name = "Tolerance"; Value = "±1%"; VariantName = "[No Variations]"
Add component (AddParameter): Name = "Updated By"; Value = "murbach"; VariantName = "[No Variations]"
Add component (AddParameter): Name = "Updated_Date"; Value = "2018/06/05 14:35:44"; VariantName = "[No Variations]"
Add component (AddParameter): Name = "Value"; Value = "1.5k"; VariantName = "[No Variations]"
Added Component: Designator=R?(RESC1608X06N)
Add component (AddParameter): Name = "ComponentLink1Description"; Value = "Datasheets"; VariantName = "[No Variations]"
Add component (AddParameter): Name = "ComponentLink1URL"; Value = "http://www.yageo.com/documents/recent/PYu-RC0603_51_RoHS_L_4.pdf"; VariantName = "[No Variations]"
Add component (AddParameter): Name = "ComponentLink2Description"; Value = "Supplier Part Details"; VariantName = "[No Variations]"
Add component (AddParameter): Name = "ComponentLink2URL"; Value = "http://www.digikey.com/product-detail/en/RC0603FR-0710KL/311-10.0KHRCT-ND/729827"; VariantName = "[No Variations]"
Add component (AddParameter): Name = "Created By"; Value = "murbach"; VariantName = "[No Variations]"
Add component (AddParameter): Name = "Created_Date"; Value = "2014/11/24 21:28:44"; VariantName = "[No Variations]"
Add component (AddParameter): Name = "ID"; Value = "60146"; VariantName = "[No Variations]"
Add component (AddParameter): Name = "LifeCycle"; Value = "Released"; VariantName = "[No Variations]"
Add component (AddParameter): Name = "Manufacturer"; Value = "Yageo"; VariantName = "[No Variations]"
Add component (AddParameter): Name = "Mfr Part Description"; Value = "RES 10k Ohm ±1% 1/10W 0603 (1608 Metric)"; VariantName = "[No Variations]"
Add component (AddParameter): Name = "Mfr Part Number"; Value = "RC0603FR-0710KL"; VariantName = "[No Variations]"
Add component (AddParameter): Name = "Package_Case"; Value = "0603 (1608 Metric)"; VariantName = "[No Variations]"
Add component (AddParameter): Name = "Part_Type"; Value = "Resistor"; VariantName = "[No Variations]"
Add component (AddParameter): Name = "Power_Rating"; Value = "0.1W,1/10W"; VariantName = "[No Variations]"
Add component (AddParameter): Name = "RoHS"; Value = "Yes"; VariantName = "[No Variations]"
Add component (AddParameter): Name = "Sub_Type"; Value = "ThkFlm"; VariantName = "[No Variations]"
Add component (AddParameter): Name = "Supplier 1"; Value = "Digi-Key"; VariantName = "[No Variations]"
Add component (AddParameter): Name = "Supplier Part Number 1"; Value = "311-10.0KHRCT-ND"; VariantName = "[No Variations]"
Add component (AddParameter): Name = "Temperature Coeff"; Value = "±100ppm/°C"; VariantName = "[No Variations]"
Add component (AddParameter): Name = "Temperature Range"; Value = "-55C to +155C"; VariantName = "[No Variations]"
Add component (AddParameter): Name = "Tolerance"; Value = "±1%"; VariantName = "[No Variations]"
Add component (AddParameter): Name = "Updated By"; Value = "murbach"; VariantName = "[No Variations]"
Add component (AddParameter): Name = "Updated_Date"; Value = "2018/06/05 14:35:44"; VariantName = "[No Variations]"
Add component (AddParameter): Name = "Value"; Value = "1.5k"; VariantName = "[No Variations]"
Added Component: Designator=R?(RESC1608X06N)
Add component (AddParameter): Name = "ComponentLink1Description"; Value = "Datasheets"; VariantName = "[No Variations]"
Add component (AddParameter): Name = "ComponentLink1URL"; Value = "http://www.yageo.com/documents/recent/PYu-RC0603_51_RoHS_L_4.pdf"; VariantName = "[No Variations]"
Add component (AddParameter): Name = "ComponentLink2Description"; Value = "Supplier Part Details"; VariantName = "[No Variations]"
Add component (AddParameter): Name = "ComponentLink2URL"; Value = "http://www.digikey.com/product-detail/en/RC0603FR-0710KL/311-10.0KHRCT-ND/729827"; VariantName = "[No Variations]"
Add component (AddParameter): Name = "Created By"; Value = "murbach"; VariantName = "[No Variations]"
Add component (AddParameter): Name = "Created_Date"; Value = "2014/11/24 21:28:44"; VariantName = "[No Variations]"
Add component (AddParameter): Name = "ID"; Value = "60146"; VariantName = "[No Variations]"
Add component (AddParameter): Name = "LifeCycle"; Value = "Released"; VariantName = "[No Variations]"
Add component (AddParameter): Name = "Manufacturer"; Value = "Yageo"; VariantName = "[No Variations]"
Add component (AddParameter): Name = "Mfr Part Description"; Value = "RES 10k Ohm ±1% 1/10W 0603 (1608 Metric)"; VariantName = "[No Variations]"
Add component (AddParameter): Name = "Mfr Part Number"; Value = "RC0603FR-0710KL"; VariantName = "[No Variations]"
Add component (AddParameter): Name = "Package_Case"; Value = "0603 (1608 Metric)"; VariantName = "[No Variations]"
Add component (AddParameter): Name = "Part_Type"; Value = "Resistor"; VariantName = "[No Variations]"
Add component (AddParameter): Name = "Power_Rating"; Value = "0.1W,1/10W"; VariantName = "[No Variations]"
Add component (AddParameter): Name = "RoHS"; Value = "Yes"; VariantName = "[No Variations]"
Add component (AddParameter): Name = "Sub_Type"; Value = "ThkFlm"; VariantName = "[No Variations]"
Add component (AddParameter): Name = "Supplier 1"; Value = "Digi-Key"; VariantName = "[No Variations]"
Add component (AddParameter): Name = "Supplier Part Number 1"; Value = "311-10.0KHRCT-ND"; VariantName = "[No Variations]"
Add component (AddParameter): Name = "Temperature Coeff"; Value = "±100ppm/°C"; VariantName = "[No Variations]"
Add component (AddParameter): Name = "Temperature Range"; Value = "-55C to +155C"; VariantName = "[No Variations]"
Add component (AddParameter): Name = "Tolerance"; Value = "±1%"; VariantName = "[No Variations]"
Add component (AddParameter): Name = "Updated By"; Value = "murbach"; VariantName = "[No Variations]"
Add component (AddParameter): Name = "Updated_Date"; Value = "2018/06/05 14:35:44"; VariantName = "[No Variations]"
Add component (AddParameter): Name = "Value"; Value = "1.5k"; VariantName = "[No Variations]"
Added Component: Designator=R?(RESC1608X06N)
Add component (AddParameter): Name = "ComponentLink1Description"; Value = "Datasheets"; VariantName = "[No Variations]"
Add component (AddParameter): Name = "ComponentLink1URL"; Value = "http://www.yageo.com/documents/recent/PYu-RC0603_51_RoHS_L_4.pdf"; VariantName = "[No Variations]"
Add component (AddParameter): Name = "ComponentLink2Description"; Value = "Supplier Part Details"; VariantName = "[No Variations]"
Add component (AddParameter): Name = "ComponentLink2URL"; Value = "http://www.digikey.com/product-detail/en/RC0603FR-0710KL/311-10.0KHRCT-ND/729827"; VariantName = "[No Variations]"
Add component (AddParameter): Name = "Created By"; Value = "murbach"; VariantName = "[No Variations]"
Add component (AddParameter): Name = "Created_Date"; Value = "2014/11/24 21:28:44"; VariantName = "[No Variations]"
Add component (AddParameter): Name = "ID"; Value = "60146"; VariantName = "[No Variations]"
Add component (AddParameter): Name = "LifeCycle"; Value = "Released"; VariantName = "[No Variations]"
Add component (AddParameter): Name = "Manufacturer"; Value = "Yageo"; VariantName = "[No Variations]"
Add component (AddParameter): Name = "Mfr Part Description"; Value = "RES 10k Ohm ±1% 1/10W 0603 (1608 Metric)"; VariantName = "[No Variations]"
Add component (AddParameter): Name = "Mfr Part Number"; Value = "RC0603FR-0710KL"; VariantName = "[No Variations]"
Add component (AddParameter): Name = "Package_Case"; Value = "0603 (1608 Metric)"; VariantName = "[No Variations]"
Add component (AddParameter): Name = "Part_Type"; Value = "Resistor"; VariantName = "[No Variations]"
Add component (AddParameter): Name = "Power_Rating"; Value = "0.1W,1/10W"; VariantName = "[No Variations]"
Add component (AddParameter): Name = "RoHS"; Value = "Yes"; VariantName = "[No Variations]"
Add component (AddParameter): Name = "Sub_Type"; Value = "ThkFlm"; VariantName = "[No Variations]"
Add component (AddParameter): Name = "Supplier 1"; Value = "Digi-Key"; VariantName = "[No Variations]"
Add component (AddParameter): Name = "Supplier Part Number 1"; Value = "311-10.0KHRCT-ND"; VariantName = "[No Variations]"
Add component (AddParameter): Name = "Temperature Coeff"; Value = "±100ppm/°C"; VariantName = "[No Variations]"
Add component (AddParameter): Name = "Temperature Range"; Value = "-55C to +155C"; VariantName = "[No Variations]"
Add component (AddParameter): Name = "Tolerance"; Value = "±1%"; VariantName = "[No Variations]"
Add component (AddParameter): Name = "Updated By"; Value = "murbach"; VariantName = "[No Variations]"
Add component (AddParameter): Name = "Updated_Date"; Value = "2018/06/05 14:35:44"; VariantName = "[No Variations]"
Add component (AddParameter): Name = "Value"; Value = "1.5k"; VariantName = "[No Variations]"
Added Component: Designator=R?(RESC1608X06N)
Add component (AddParameter): Name = "ComponentLink1Description"; Value = "Datasheets"; VariantName = "[No Variations]"
Add component (AddParameter): Name = "ComponentLink1URL"; Value = "http://www.yageo.com/documents/recent/PYu-RC0603_51_RoHS_L_4.pdf"; VariantName = "[No Variations]"
Add component (AddParameter): Name = "ComponentLink2Description"; Value = "Supplier Part Details"; VariantName = "[No Variations]"
Add component (AddParameter): Name = "ComponentLink2URL"; Value = "http://www.digikey.com/product-detail/en/RC0603FR-0710KL/311-10.0KHRCT-ND/729827"; VariantName = "[No Variations]"
Add component (AddParameter): Name = "Created By"; Value = "murbach"; VariantName = "[No Variations]"
Add component (AddParameter): Name = "Created_Date"; Value = "2014/11/24 21:28:44"; VariantName = "[No Variations]"
Add component (AddParameter): Name = "ID"; Value = "60146"; VariantName = "[No Variations]"
Add component (AddParameter): Name = "LifeCycle"; Value = "Released"; VariantName = "[No Variations]"
Add component (AddParameter): Name = "Manufacturer"; Value = "Yageo"; VariantName = "[No Variations]"
Add component (AddParameter): Name = "Mfr Part Description"; Value = "RES 10k Ohm ±1% 1/10W 0603 (1608 Metric)"; VariantName = "[No Variations]"
Add component (AddParameter): Name = "Mfr Part Number"; Value = "RC0603FR-0710KL"; VariantName = "[No Variations]"
Add component (AddParameter): Name = "Package_Case"; Value = "0603 (1608 Metric)"; VariantName = "[No Variations]"
Add component (AddParameter): Name = "Part_Type"; Value = "Resistor"; VariantName = "[No Variations]"
Add component (AddParameter): Name = "Power_Rating"; Value = "0.1W,1/10W"; VariantName = "[No Variations]"
Add component (AddParameter): Name = "RoHS"; Value = "Yes"; VariantName = "[No Variations]"
Add component (AddParameter): Name = "Sub_Type"; Value = "ThkFlm"; VariantName = "[No Variations]"
Add component (AddParameter): Name = "Supplier 1"; Value = "Digi-Key"; VariantName = "[No Variations]"
Add component (AddParameter): Name = "Supplier Part Number 1"; Value = "311-10.0KHRCT-ND"; VariantName = "[No Variations]"
Add component (AddParameter): Name = "Temperature Coeff"; Value = "±100ppm/°C"; VariantName = "[No Variations]"
Add component (AddParameter): Name = "Temperature Range"; Value = "-55C to +155C"; VariantName = "[No Variations]"
Add component (AddParameter): Name = "Tolerance"; Value = "±1%"; VariantName = "[No Variations]"
Add component (AddParameter): Name = "Updated By"; Value = "murbach"; VariantName = "[No Variations]"
Add component (AddParameter): Name = "Updated_Date"; Value = "2018/06/05 14:35:44"; VariantName = "[No Variations]"
Add component (AddParameter): Name = "Value"; Value = "1.5k"; VariantName = "[No Variations]"
Added Component: Designator=R?(RESC1608X06N)
Add component (AddParameter): Name = "ComponentLink1Description"; Value = "Datasheets"; VariantName = "[No Variations]"
Add component (AddParameter): Name = "ComponentLink1URL"; Value = "http://www.yageo.com/documents/recent/PYu-RC0603_51_RoHS_L_4.pdf"; VariantName = "[No Variations]"
Add component (AddParameter): Name = "ComponentLink2Description"; Value = "Supplier Part Details"; VariantName = "[No Variations]"
Add component (AddParameter): Name = "ComponentLink2URL"; Value = "http://www.digikey.com/product-detail/en/RC0603FR-0710KL/311-10.0KHRCT-ND/729827"; VariantName = "[No Variations]"
Add component (AddParameter): Name = "Created By"; Value = "murbach"; VariantName = "[No Variations]"
Add component (AddParameter): Name = "Created_Date"; Value = "2014/11/24 21:28:44"; VariantName = "[No Variations]"
Add component (AddParameter): Name = "ID"; Value = "60146"; VariantName = "[No Variations]"
Add component (AddParameter): Name = "LifeCycle"; Value = "Released"; VariantName = "[No Variations]"
Add component (AddParameter): Name = "Manufacturer"; Value = "Yageo"; VariantName = "[No Variations]"
Add component (AddParameter): Name = "Mfr Part Description"; Value = "RES 10k Ohm ±1% 1/10W 0603 (1608 Metric)"; VariantName = "[No Variations]"
Add component (AddParameter): Name = "Mfr Part Number"; Value = "RC0603FR-0710KL"; VariantName = "[No Variations]"
Add component (AddParameter): Name = "Package_Case"; Value = "0603 (1608 Metric)"; VariantName = "[No Variations]"
Add component (AddParameter): Name = "Part_Type"; Value = "Resistor"; VariantName = "[No Variations]"
Add component (AddParameter): Name = "Power_Rating"; Value = "0.1W,1/10W"; VariantName = "[No Variations]"
Add component (AddParameter): Name = "RoHS"; Value = "Yes"; VariantName = "[No Variations]"
Add component (AddParameter): Name = "Sub_Type"; Value = "ThkFlm"; VariantName = "[No Variations]"
Add component (AddParameter): Name = "Supplier 1"; Value = "Digi-Key"; VariantName = "[No Variations]"
Add component (AddParameter): Name = "Supplier Part Number 1"; Value = "311-10.0KHRCT-ND"; VariantName = "[No Variations]"
Add component (AddParameter): Name = "Temperature Coeff"; Value = "±100ppm/°C"; VariantName = "[No Variations]"
Add component (AddParameter): Name = "Temperature Range"; Value = "-55C to +155C"; VariantName = "[No Variations]"
Add component (AddParameter): Name = "Tolerance"; Value = "±1%"; VariantName = "[No Variations]"
Add component (AddParameter): Name = "Updated By"; Value = "murbach"; VariantName = "[No Variations]"
Add component (AddParameter): Name = "Updated_Date"; Value = "2018/06/05 14:35:44"; VariantName = "[No Variations]"
Add component (AddParameter): Name = "Value"; Value = "1.5k"; VariantName = "[No Variations]"
Added Component: Designator=R?(RESC1608X06N)
Add component (AddParameter): Name = "ComponentLink1Description"; Value = "Datasheets"; VariantName = "[No Variations]"
Add component (AddParameter): Name = "ComponentLink1URL"; Value = "http://www.yageo.com/documents/recent/PYu-RC0603_51_RoHS_L_4.pdf"; VariantName = "[No Variations]"
Add component (AddParameter): Name = "ComponentLink2Description"; Value = "Supplier Part Details"; VariantName = "[No Variations]"
Add component (AddParameter): Name = "ComponentLink2URL"; Value = "http://www.digikey.com/product-detail/en/RC0603FR-0710KL/311-10.0KHRCT-ND/729827"; VariantName = "[No Variations]"
Add component (AddParameter): Name = "Created By"; Value = "murbach"; VariantName = "[No Variations]"
Add component (AddParameter): Name = "Created_Date"; Value = "2014/11/24 21:28:44"; VariantName = "[No Variations]"
Add component (AddParameter): Name = "ID"; Value = "60146"; VariantName = "[No Variations]"
Add component (AddParameter): Name = "LifeCycle"; Value = "Released"; VariantName = "[No Variations]"
Add component (AddParameter): Name = "Manufacturer"; Value = "Yageo"; VariantName = "[No Variations]"
Add component (AddParameter): Name = "Mfr Part Description"; Value = "RES 10k Ohm ±1% 1/10W 0603 (1608 Metric)"; VariantName = "[No Variations]"
Add component (AddParameter): Name = "Mfr Part Number"; Value = "RC0603FR-0710KL"; VariantName = "[No Variations]"
Add component (AddParameter): Name = "Package_Case"; Value = "0603 (1608 Metric)"; VariantName = "[No Variations]"
Add component (AddParameter): Name = "Part_Type"; Value = "Resistor"; VariantName = "[No Variations]"
Add component (AddParameter): Name = "Power_Rating"; Value = "0.1W,1/10W"; VariantName = "[No Variations]"
Add component (AddParameter): Name = "RoHS"; Value = "Yes"; VariantName = "[No Variations]"
Add component (AddParameter): Name = "Sub_Type"; Value = "ThkFlm"; VariantName = "[No Variations]"
Add component (AddParameter): Name = "Supplier 1"; Value = "Digi-Key"; VariantName = "[No Variations]"
Add component (AddParameter): Name = "Supplier Part Number 1"; Value = "311-10.0KHRCT-ND"; VariantName = "[No Variations]"
Add component (AddParameter): Name = "Temperature Coeff"; Value = "±100ppm/°C"; VariantName = "[No Variations]"
Add component (AddParameter): Name = "Temperature Range"; Value = "-55C to +155C"; VariantName = "[No Variations]"
Add component (AddParameter): Name = "Tolerance"; Value = "±1%"; VariantName = "[No Variations]"
Add component (AddParameter): Name = "Updated By"; Value = "murbach"; VariantName = "[No Variations]"
Add component (AddParameter): Name = "Updated_Date"; Value = "2018/06/05 14:35:44"; VariantName = "[No Variations]"
Add component (AddParameter): Name = "Value"; Value = "1.5k"; VariantName = "[No Variations]"
Added Component: Designator=R?(RESC1608X06N)
Add component (AddParameter): Name = "ComponentLink1Description"; Value = "Datasheets"; VariantName = "[No Variations]"
Add component (AddParameter): Name = "ComponentLink1URL"; Value = "http://www.yageo.com/documents/recent/PYu-RC0603_51_RoHS_L_4.pdf"; VariantName = "[No Variations]"
Add component (AddParameter): Name = "ComponentLink2Description"; Value = "Supplier Part Details"; VariantName = "[No Variations]"
Add component (AddParameter): Name = "ComponentLink2URL"; Value = "http://www.digikey.com/product-detail/en/RC0603FR-0710KL/311-10.0KHRCT-ND/729827"; VariantName = "[No Variations]"
Add component (AddParameter): Name = "Created By"; Value = "murbach"; VariantName = "[No Variations]"
Add component (AddParameter): Name = "Created_Date"; Value = "2014/11/24 21:28:44"; VariantName = "[No Variations]"
Add component (AddParameter): Name = "ID"; Value = "60146"; VariantName = "[No Variations]"
Add component (AddParameter): Name = "LifeCycle"; Value = "Released"; VariantName = "[No Variations]"
Add component (AddParameter): Name = "Manufacturer"; Value = "Yageo"; VariantName = "[No Variations]"
Add component (AddParameter): Name = "Mfr Part Description"; Value = "RES 10k Ohm ±1% 1/10W 0603 (1608 Metric)"; VariantName = "[No Variations]"
Add component (AddParameter): Name = "Mfr Part Number"; Value = "RC0603FR-0710KL"; VariantName = "[No Variations]"
Add component (AddParameter): Name = "Package_Case"; Value = "0603 (1608 Metric)"; VariantName = "[No Variations]"
Add component (AddParameter): Name = "Part_Type"; Value = "Resistor"; VariantName = "[No Variations]"
Add component (AddParameter): Name = "Power_Rating"; Value = "0.1W,1/10W"; VariantName = "[No Variations]"
Add component (AddParameter): Name = "RoHS"; Value = "Yes"; VariantName = "[No Variations]"
Add component (AddParameter): Name = "Sub_Type"; Value = "ThkFlm"; VariantName = "[No Variations]"
Add component (AddParameter): Name = "Supplier 1"; Value = "Digi-Key"; VariantName = "[No Variations]"
Add component (AddParameter): Name = "Supplier Part Number 1"; Value = "311-10.0KHRCT-ND"; VariantName = "[No Variations]"
Add component (AddParameter): Name = "Temperature Coeff"; Value = "±100ppm/°C"; VariantName = "[No Variations]"
Add component (AddParameter): Name = "Temperature Range"; Value = "-55C to +155C"; VariantName = "[No Variations]"
Add component (AddParameter): Name = "Tolerance"; Value = "±1%"; VariantName = "[No Variations]"
Add component (AddParameter): Name = "Updated By"; Value = "murbach"; VariantName = "[No Variations]"
Add component (AddParameter): Name = "Updated_Date"; Value = "2018/06/05 14:35:44"; VariantName = "[No Variations]"
Add component (AddParameter): Name = "Value"; Value = "1.5k"; VariantName = "[No Variations]"
Added Pin To Net: NetName=GND Pin=R59-1
Added Pin To Net: NetName=tpiu_trace_data3 Pin=R59-2
Added Pin To Net: NetName=CGRA_RESET_N Pin=R?-1
Added Pin To Net: NetName=GND Pin=R?-1
Added Pin To Net: NetName=GND Pin=R?-1
Added Pin To Net: NetName=GND Pin=R?-1
Added Pin To Net: NetName=GND Pin=R?-1
Added Pin To Net: NetName=HDR_PICO_I2C_SCL Pin=R?-1
Added Pin To Net: NetName=HDR_PICO_I2C_SDA Pin=R?-1
Added Pin To Net: NetName=PICO_MASTER_I2C_SCL Pin=R?-1
Added Pin To Net: NetName=PICO_MASTER_I2C_SDA Pin=R?-1
Added Pin To Net: NetName=tpiu_trace_data0 Pin=R?-1
Added Pin To Net: NetName=tpiu_trace_data1 Pin=R?-1
Added Pin To Net: NetName=tpiu_trace_data2 Pin=R?-1
Added Pin To Net: NetName=tpiu_trace_data3 Pin=R?-1
Added Pin To Net: NetName=tpiu_trace_swo Pin=R?-1
Added Pin To Net: NetName=1V8_OUT Pin=R?-2
Added Pin To Net: NetName=1V8_OUT Pin=R?-2
Added Pin To Net: NetName=1V8_OUT Pin=R?-2
Added Pin To Net: NetName=1V8_OUT Pin=R?-2
Added Pin To Net: NetName=1V8_OUT Pin=R?-2
Added Pin To Net: NetName=1V8_OUT Pin=R?-2
Added Pin To Net: NetName=1V8_OUT Pin=R?-2
Added Pin To Net: NetName=1V8_OUT Pin=R?-2
Added Pin To Net: NetName=1V8_OUT Pin=R?-2
Added Pin To Net: NetName=1V8_OUT Pin=R?-2
Added Pin To Net: NetName=tpiu_trace_data0 Pin=R?-2
Added Pin To Net: NetName=tpiu_trace_data1 Pin=R?-2
Added Pin To Net: NetName=tpiu_trace_data2 Pin=R?-2
Added Pin To Net: NetName=tpiu_trace_swo Pin=R?-2
Added Member To Class: ClassName=Top Member=Component R59 10k
Added Member To Class: ClassName=Top Member=Component R? 10k
Added Member To Class: ClassName=Top Member=Component R? 10k
Added Member To Class: ClassName=Top Member=Component R? 10k
Added Member To Class: ClassName=Top Member=Component R? 10k
Added Member To Class: ClassName=Top Member=Component R? 10k
Added Member To Class: ClassName=Top Member=Component R? 10k
Added Member To Class: ClassName=Top Member=Component R? 10k
Added Member To Class: ClassName=Top Member=Component R? 10k
Added Member To Class: ClassName=Top Member=Component R? 10k
Added Member To Class: ClassName=Top Member=Component R? 10k
Added Member To Class: ClassName=Top Member=Component R? 10k
Added Member To Class: ClassName=Top Member=Component R? 10k
Added Member To Class: ClassName=Top Member=Component R? 10k
Added Member To Class: ClassName=Top Member=Component R? 10k
