Removed Pin From Net: NetName=3V3 Pin=CLK*-7
Removed Pin From Net: NetName=NetC33_1 Pin=CLK*-8
Removed Pin From Net: NetName=ref_clk Pin=CLK*-11
Removed Pin From Net: NetName=nCS Pin=CLK*-12
Removed Pin From Net: NetName=SCLK Pin=CLK*-13
Removed Pin From Net: NetName=SDIO Pin=CLK*-14
Removed Pin From Net: NetName=OUTSEL Pin=CLK*-15
Removed Pin From Net: NetName=NetC36_1 Pin=CLK*-16
Removed Pin From Net: NetName=NetC34_1 Pin=CLK*-17
Removed Pin From Net: NetName=3V3 Pin=CLK*-18
Removed Pin From Net: NetName=NetC35_1 Pin=CLK*-19
Removed Pin From Net: NetName=3V3 Pin=CLK*-21
Removed Pin From Net: NetName=GND Pin=CLK*-24
Removed Pin From Net: NetName=GND Pin=CLK*-25
Removed Pin From Net: NetName=out_clk Pin=CLK*-27
Removed Pin From Net: NetName=3V3 Pin=CLK*-28
Removed Pin From Net: NetName=GND Pin=CLK*-33
Removed Pin From Net: NetName=GND Pin=S*1-1
Removed Pin From Net: NetName=GND Pin=S*1-2
Removed Pin From Net: NetName=GND Pin=S*1-3
Removed Pin From Net: NetName=GND Pin=S*1-4
Removed Pin From Net: NetName=GND Pin=S*1-5
Removed Pin From Net: NetName=GND Pin=S*1-6
Removed Pin From Net: NetName=GND Pin=S*1-7
Removed Pin From Net: NetName=GND Pin=S*1-8
Removed Pin From Net: NetName=GND Pin=S*1-9
Removed Pin From Net: NetName=GND Pin=S*1-10
Removed Member From Class: ClassName=U_Ref_CLK Member=CLK*
Removed Member From Class: ClassName=U_Ref_CLK Member=S*1
Added Component: Designator=CLK1(QFN50P500X500X80_HS-33N)
Add component (AddParameter): Name = "Supplier 1"; Value = "Digi-Key"; VariantName = "[No Variations]"
Add component (AddParameter): Name = "Supplier Part Number 1"; Value = "505-AD9552BCPZ-REEL7CT-ND"; VariantName = "[No Variations]"
Added Component: Designator=S4(SOIC127P800X250-20N)
Add component (AddParameter): Name = "Supplier 1"; Value = "Digi-Key"; VariantName = "[No Variations]"
Add component (AddParameter): Name = "Supplier Part Number 1"; Value = "563-1014-1-ND"; VariantName = "[No Variations]"
Added Pin To Net: NetName=NetC34_1 Pin=C36-2
Added Pin To Net: NetName=3V3 Pin=CLK1-7
Added Pin To Net: NetName=NetC33_1 Pin=CLK1-8
Added Pin To Net: NetName=ref_clk Pin=CLK1-11
Added Pin To Net: NetName=nCS Pin=CLK1-12
Added Pin To Net: NetName=SCLK Pin=CLK1-13
Added Pin To Net: NetName=SDIO Pin=CLK1-14
Added Pin To Net: NetName=OUTSEL Pin=CLK1-15
Added Pin To Net: NetName=NetC36_1 Pin=CLK1-16
Added Pin To Net: NetName=NetC34_1 Pin=CLK1-17
Added Pin To Net: NetName=3V3 Pin=CLK1-18
Added Pin To Net: NetName=NetC35_1 Pin=CLK1-19
Added Pin To Net: NetName=3V3 Pin=CLK1-21
Added Pin To Net: NetName=GND Pin=CLK1-24
Added Pin To Net: NetName=GND Pin=CLK1-25
Added Pin To Net: NetName=out_clk Pin=CLK1-27
Added Pin To Net: NetName=3V3 Pin=CLK1-28
Added Pin To Net: NetName=GND Pin=CLK1-33
Added Pin To Net: NetName=GND Pin=S4-1
Added Pin To Net: NetName=GND Pin=S4-2
Added Pin To Net: NetName=GND Pin=S4-3
Added Pin To Net: NetName=GND Pin=S4-4
Added Pin To Net: NetName=GND Pin=S4-5
Added Pin To Net: NetName=GND Pin=S4-6
Added Pin To Net: NetName=GND Pin=S4-7
Added Pin To Net: NetName=GND Pin=S4-8
Added Pin To Net: NetName=GND Pin=S4-9
Added Pin To Net: NetName=GND Pin=S4-10
Added Pin To Net: NetName=NetCLK1_1 Pin=CLK1-1
Added Pin To Net: NetName=NetCLK1_1 Pin=S4-16
Added Net: Name=NetCLK1_1
Added Pin To Net: NetName=NetCLK1_2 Pin=CLK1-2
Added Pin To Net: NetName=NetCLK1_2 Pin=S4-15
Added Net: Name=NetCLK1_2
Added Pin To Net: NetName=NetCLK1_3 Pin=CLK1-3
Added Pin To Net: NetName=NetCLK1_3 Pin=S4-14
Added Net: Name=NetCLK1_3
Added Pin To Net: NetName=NetCLK1_4 Pin=CLK1-4
Added Pin To Net: NetName=NetCLK1_4 Pin=S4-13
Added Net: Name=NetCLK1_4
Added Pin To Net: NetName=NetCLK1_5 Pin=CLK1-5
Added Pin To Net: NetName=NetCLK1_5 Pin=S4-12
Added Net: Name=NetCLK1_5
Added Pin To Net: NetName=NetCLK1_6 Pin=CLK1-6
Added Pin To Net: NetName=NetCLK1_6 Pin=S4-11
Added Net: Name=NetCLK1_6
Added Pin To Net: NetName=NetCLK1_9 Pin=CLK1-9
Added Pin To Net: NetName=NetCLK1_9 Pin=X1-1
Added Net: Name=NetCLK1_9
Added Pin To Net: NetName=NetCLK1_10 Pin=CLK1-10
Added Pin To Net: NetName=NetCLK1_10 Pin=X1-2
Added Net: Name=NetCLK1_10
Added Pin To Net: NetName=NetCLK1_29 Pin=CLK1-29
Added Pin To Net: NetName=NetCLK1_29 Pin=S4-20
Added Net: Name=NetCLK1_29
Added Pin To Net: NetName=NetCLK1_30 Pin=CLK1-30
Added Pin To Net: NetName=NetCLK1_30 Pin=S4-19
Added Net: Name=NetCLK1_30
Added Pin To Net: NetName=NetCLK1_31 Pin=CLK1-31
Added Pin To Net: NetName=NetCLK1_31 Pin=S4-18
Added Net: Name=NetCLK1_31
Added Pin To Net: NetName=NetCLK1_32 Pin=CLK1-32
Added Pin To Net: NetName=NetCLK1_32 Pin=S4-17
Added Net: Name=NetCLK1_32
Added Member To Class: ClassName=U_Ref_CLK Member=Component CLK1 AD9552
Added Member To Class: ClassName=U_Ref_CLK Member=Component S4 CHS-10TB
