Removed Pin From Net: NetName=1V8_OUT Pin=C218-1
Removed Pin From Net: NetName=1V8_OUT Pin=C219-1
Removed Pin From Net: NetName=1V8_OUT Pin=C221-1
Removed Pin From Net: NetName=1V8_OUT Pin=D2-1
Removed Pin From Net: NetName=1V8_OUT Pin=J6-1
Removed Pin From Net: NetName=1V8_OUT Pin=J7-4
Removed Pin From Net: NetName=1V8_OUT Pin=J13-4
Removed Pin From Net: NetName=1V8_OUT Pin=J14-1
Removed Pin From Net: NetName=1V8_OUT Pin=J17-2
Removed Pin From Net: NetName=1V8_OUT Pin=J17-4
Removed Pin From Net: NetName=1V8_OUT Pin=J17-6
Removed Pin From Net: NetName=1V8_OUT Pin=J17-8
Removed Pin From Net: NetName=1V8_OUT Pin=J17-10
Removed Pin From Net: NetName=1V8_OUT Pin=R43-2
Removed Pin From Net: NetName=1V8_OUT Pin=R54-2
Removed Pin From Net: NetName=1V8_OUT Pin=R55-2
Removed Pin From Net: NetName=1V8_OUT Pin=R56-2
Removed Pin From Net: NetName=1V8_OUT Pin=R57-2
Removed Pin From Net: NetName=1V8_OUT Pin=R63-2
Removed Pin From Net: NetName=1V8_OUT Pin=R64-2
Removed Pin From Net: NetName=1V8_OUT Pin=R65-2
Removed Pin From Net: NetName=1V8_OUT Pin=R66-2
Removed Pin From Net: NetName=1V8_OUT Pin=R70-2
Removed Pin From Net: NetName=1V8_OUT Pin=S2-2
Removed Pin From Net: NetName=1V8_OUT Pin=S2-5
Removed Pin From Net: NetName=1V8_OUT Pin=TP1-1
Removed Pin From Net: NetName=1V8_OUT Pin=U14-18
Removed Pin From Net: NetName=1V8_OUT Pin=U14-21
Removed Pin From Net: NetName=1V8_OUT Pin=U14-26
Removed Pin From Net: NetName=1V8_OUT Pin=U14-32
Removed Pin From Net: NetName=1V8_OUT Pin=U14-38
Removed Pin From Net: NetName=1V8_OUT Pin=U14-39
Removed Pin From Net: NetName=1V8_OUT Pin=U14-40
Added Pin To Net: NetName=1V8_OUT Pin=J8-36
Added Pin To Net: NetName=1V8_OUT Pin=J8-42
Added Pin To Net: NetName=1V8_OUT Pin=J8-67
Added Pin To Net: NetName=1V8_OUT Pin=J9-5
Added Pin To Net: NetName=1V8_OUT Pin=J9-6
Added Pin To Net: NetName=1V8_OUT Pin=J9-7
Added Pin To Net: NetName=1V8_OUT Pin=J9-12
Added Pin To Net: NetName=1V8_OUT Pin=J9-13
Added Pin To Net: NetName=1V8_OUT Pin=J9-18
Added Pin To Net: NetName=1V8_OUT Pin=J15-17
Added Pin To Net: NetName=1V8_OUT Pin=J15-18
Added Pin To Net: NetName=1V8_OUT Pin=J15-23
Added Pin To Net: NetName=1V8_OUT Pin=J15-24
Added Pin To Net: NetName=1V8_OUT Pin=J15-29
Added Pin To Net: NetName=1V8_OUT Pin=J15-30
Added Pin To Net: NetName=1V8_OUT Pin=S1-2
Added Pin To Net: NetName=1V8_OUT Pin=S1-5
Added Pin To Net: NetName=0V8 Pin=S3-2
Added Pin To Net: NetName=0V8 Pin=S3-5
Added Pin To Net: NetName=1V8_OUT Pin=TP5-1
Added Pin To Net: NetName=0V8 Pin=TP6-1
Change Net Name : Old Net Name=0V8 New Net Name=0V8_OUT
Change Net Name : Old Net Name=1V8_OUT New Net Name=1V8_PM
Added Pin To Net: NetName=1V8_OUT Pin=C218-1
Added Pin To Net: NetName=1V8_OUT Pin=C219-1
Added Pin To Net: NetName=1V8_OUT Pin=C221-1
Added Pin To Net: NetName=1V8_OUT Pin=D2-1
Added Pin To Net: NetName=1V8_OUT Pin=J6-1
Added Pin To Net: NetName=1V8_OUT Pin=J7-4
Added Pin To Net: NetName=1V8_OUT Pin=J13-4
Added Pin To Net: NetName=1V8_OUT Pin=J14-1
Added Pin To Net: NetName=1V8_OUT Pin=J17-2
Added Pin To Net: NetName=1V8_OUT Pin=J17-4
Added Pin To Net: NetName=1V8_OUT Pin=J17-6
Added Pin To Net: NetName=1V8_OUT Pin=J17-8
Added Pin To Net: NetName=1V8_OUT Pin=J17-10
Added Pin To Net: NetName=1V8_OUT Pin=R43-2
Added Pin To Net: NetName=1V8_OUT Pin=R54-2
Added Pin To Net: NetName=1V8_OUT Pin=R55-2
Added Pin To Net: NetName=1V8_OUT Pin=R56-2
Added Pin To Net: NetName=1V8_OUT Pin=R57-2
Added Pin To Net: NetName=1V8_OUT Pin=R63-2
Added Pin To Net: NetName=1V8_OUT Pin=R64-2
Added Pin To Net: NetName=1V8_OUT Pin=R65-2
Added Pin To Net: NetName=1V8_OUT Pin=R66-2
Added Pin To Net: NetName=1V8_OUT Pin=R70-2
Added Pin To Net: NetName=1V8_OUT Pin=S2-2
Added Pin To Net: NetName=1V8_OUT Pin=S2-5
Added Pin To Net: NetName=1V8_OUT Pin=TP1-1
Added Pin To Net: NetName=1V8_OUT Pin=U14-18
Added Pin To Net: NetName=1V8_OUT Pin=U14-21
Added Pin To Net: NetName=1V8_OUT Pin=U14-26
Added Pin To Net: NetName=1V8_OUT Pin=U14-32
Added Pin To Net: NetName=1V8_OUT Pin=U14-38
Added Pin To Net: NetName=1V8_OUT Pin=U14-39
Added Pin To Net: NetName=1V8_OUT Pin=U14-40
Added Net: Name=1V8_OUT
